
*** Running vivado
    with args -log arm_axi_gpio_0_2.vds -m64 -product Vivado -mode batch -messageDb vivado.pb -notrace -source arm_axi_gpio_0_2.tcl


****** Vivado v2016.4 (64-bit)
  **** SW Build 1756540 on Mon Jan 23 19:11:23 MST 2017
  **** IP Build 1755317 on Mon Jan 23 20:30:07 MST 2017
    ** Copyright 1986-2016 Xilinx, Inc. All Rights Reserved.

source arm_axi_gpio_0_2.tcl -notrace
create_project: Time (s): cpu = 00:00:01 ; elapsed = 00:00:06 . Memory (MB): peak = 239.469 ; gain = 29.070
Starting RTL Elaboration : Time (s): cpu = 00:00:20 ; elapsed = 00:01:18 . Memory (MB): peak = 347.188 ; gain = 136.789
INFO: [Synth 8-638] synthesizing module 'arm_axi_gpio_0_2' [c:/Users/konto/Documents/embeded/lab2/lab2_interrupt/lab2_interrupt.srcs/sources_1/bd/arm/ip/arm_axi_gpio_0_2/synth/arm_axi_gpio_0_2.vhd:85]
INFO: [Synth 8-638] synthesizing module 'axi_gpio' [c:/Users/konto/Documents/embeded/lab2/lab2_interrupt/lab2_interrupt.srcs/sources_1/bd/arm/ipshared/4f16/hdl/axi_gpio_v2_0_vh_rfs.vhd:1091]
INFO: [Synth 8-638] synthesizing module 'axi_lite_ipif' [c:/Users/konto/Documents/embeded/lab2/lab2_interrupt/lab2_interrupt.srcs/sources_1/bd/arm/ipshared/0ba0/hdl/axi_lite_ipif_v3_0_vh_rfs.vhd:2948]
INFO: [Synth 8-638] synthesizing module 'slave_attachment' [c:/Users/konto/Documents/embeded/lab2/lab2_interrupt/lab2_interrupt.srcs/sources_1/bd/arm/ipshared/0ba0/hdl/axi_lite_ipif_v3_0_vh_rfs.vhd:2341]
INFO: [Synth 8-638] synthesizing module 'address_decoder' [c:/Users/konto/Documents/embeded/lab2/lab2_interrupt/lab2_interrupt.srcs/sources_1/bd/arm/ipshared/0ba0/hdl/axi_lite_ipif_v3_0_vh_rfs.vhd:1775]
INFO: [Synth 8-638] synthesizing module 'pselect_f' [c:/Users/konto/Documents/embeded/lab2/lab2_interrupt/lab2_interrupt.srcs/sources_1/bd/arm/ipshared/0ba0/hdl/axi_lite_ipif_v3_0_vh_rfs.vhd:1534]
INFO: [Synth 8-256] done synthesizing module 'pselect_f' (1#1) [c:/Users/konto/Documents/embeded/lab2/lab2_interrupt/lab2_interrupt.srcs/sources_1/bd/arm/ipshared/0ba0/hdl/axi_lite_ipif_v3_0_vh_rfs.vhd:1534]
INFO: [Synth 8-638] synthesizing module 'pselect_f__parameterized0' [c:/Users/konto/Documents/embeded/lab2/lab2_interrupt/lab2_interrupt.srcs/sources_1/bd/arm/ipshared/0ba0/hdl/axi_lite_ipif_v3_0_vh_rfs.vhd:1534]
INFO: [Synth 8-256] done synthesizing module 'pselect_f__parameterized0' (1#1) [c:/Users/konto/Documents/embeded/lab2/lab2_interrupt/lab2_interrupt.srcs/sources_1/bd/arm/ipshared/0ba0/hdl/axi_lite_ipif_v3_0_vh_rfs.vhd:1534]
INFO: [Synth 8-638] synthesizing module 'pselect_f__parameterized1' [c:/Users/konto/Documents/embeded/lab2/lab2_interrupt/lab2_interrupt.srcs/sources_1/bd/arm/ipshared/0ba0/hdl/axi_lite_ipif_v3_0_vh_rfs.vhd:1534]
INFO: [Synth 8-256] done synthesizing module 'pselect_f__parameterized1' (1#1) [c:/Users/konto/Documents/embeded/lab2/lab2_interrupt/lab2_interrupt.srcs/sources_1/bd/arm/ipshared/0ba0/hdl/axi_lite_ipif_v3_0_vh_rfs.vhd:1534]
INFO: [Synth 8-638] synthesizing module 'pselect_f__parameterized2' [c:/Users/konto/Documents/embeded/lab2/lab2_interrupt/lab2_interrupt.srcs/sources_1/bd/arm/ipshared/0ba0/hdl/axi_lite_ipif_v3_0_vh_rfs.vhd:1534]
INFO: [Synth 8-256] done synthesizing module 'pselect_f__parameterized2' (1#1) [c:/Users/konto/Documents/embeded/lab2/lab2_interrupt/lab2_interrupt.srcs/sources_1/bd/arm/ipshared/0ba0/hdl/axi_lite_ipif_v3_0_vh_rfs.vhd:1534]
INFO: [Synth 8-638] synthesizing module 'pselect_f__parameterized3' [c:/Users/konto/Documents/embeded/lab2/lab2_interrupt/lab2_interrupt.srcs/sources_1/bd/arm/ipshared/0ba0/hdl/axi_lite_ipif_v3_0_vh_rfs.vhd:1534]
INFO: [Synth 8-256] done synthesizing module 'pselect_f__parameterized3' (1#1) [c:/Users/konto/Documents/embeded/lab2/lab2_interrupt/lab2_interrupt.srcs/sources_1/bd/arm/ipshared/0ba0/hdl/axi_lite_ipif_v3_0_vh_rfs.vhd:1534]
INFO: [Synth 8-638] synthesizing module 'pselect_f__parameterized4' [c:/Users/konto/Documents/embeded/lab2/lab2_interrupt/lab2_interrupt.srcs/sources_1/bd/arm/ipshared/0ba0/hdl/axi_lite_ipif_v3_0_vh_rfs.vhd:1534]
INFO: [Synth 8-256] done synthesizing module 'pselect_f__parameterized4' (1#1) [c:/Users/konto/Documents/embeded/lab2/lab2_interrupt/lab2_interrupt.srcs/sources_1/bd/arm/ipshared/0ba0/hdl/axi_lite_ipif_v3_0_vh_rfs.vhd:1534]
INFO: [Synth 8-638] synthesizing module 'pselect_f__parameterized5' [c:/Users/konto/Documents/embeded/lab2/lab2_interrupt/lab2_interrupt.srcs/sources_1/bd/arm/ipshared/0ba0/hdl/axi_lite_ipif_v3_0_vh_rfs.vhd:1534]
INFO: [Synth 8-256] done synthesizing module 'pselect_f__parameterized5' (1#1) [c:/Users/konto/Documents/embeded/lab2/lab2_interrupt/lab2_interrupt.srcs/sources_1/bd/arm/ipshared/0ba0/hdl/axi_lite_ipif_v3_0_vh_rfs.vhd:1534]
INFO: [Synth 8-638] synthesizing module 'pselect_f__parameterized6' [c:/Users/konto/Documents/embeded/lab2/lab2_interrupt/lab2_interrupt.srcs/sources_1/bd/arm/ipshared/0ba0/hdl/axi_lite_ipif_v3_0_vh_rfs.vhd:1534]
INFO: [Synth 8-256] done synthesizing module 'pselect_f__parameterized6' (1#1) [c:/Users/konto/Documents/embeded/lab2/lab2_interrupt/lab2_interrupt.srcs/sources_1/bd/arm/ipshared/0ba0/hdl/axi_lite_ipif_v3_0_vh_rfs.vhd:1534]
INFO: [Synth 8-638] synthesizing module 'pselect_f__parameterized7' [c:/Users/konto/Documents/embeded/lab2/lab2_interrupt/lab2_interrupt.srcs/sources_1/bd/arm/ipshared/0ba0/hdl/axi_lite_ipif_v3_0_vh_rfs.vhd:1534]
INFO: [Synth 8-256] done synthesizing module 'pselect_f__parameterized7' (1#1) [c:/Users/konto/Documents/embeded/lab2/lab2_interrupt/lab2_interrupt.srcs/sources_1/bd/arm/ipshared/0ba0/hdl/axi_lite_ipif_v3_0_vh_rfs.vhd:1534]
INFO: [Synth 8-638] synthesizing module 'pselect_f__parameterized8' [c:/Users/konto/Documents/embeded/lab2/lab2_interrupt/lab2_interrupt.srcs/sources_1/bd/arm/ipshared/0ba0/hdl/axi_lite_ipif_v3_0_vh_rfs.vhd:1534]
INFO: [Synth 8-256] done synthesizing module 'pselect_f__parameterized8' (1#1) [c:/Users/konto/Documents/embeded/lab2/lab2_interrupt/lab2_interrupt.srcs/sources_1/bd/arm/ipshared/0ba0/hdl/axi_lite_ipif_v3_0_vh_rfs.vhd:1534]
INFO: [Synth 8-638] synthesizing module 'pselect_f__parameterized9' [c:/Users/konto/Documents/embeded/lab2/lab2_interrupt/lab2_interrupt.srcs/sources_1/bd/arm/ipshared/0ba0/hdl/axi_lite_ipif_v3_0_vh_rfs.vhd:1534]
INFO: [Synth 8-256] done synthesizing module 'pselect_f__parameterized9' (1#1) [c:/Users/konto/Documents/embeded/lab2/lab2_interrupt/lab2_interrupt.srcs/sources_1/bd/arm/ipshared/0ba0/hdl/axi_lite_ipif_v3_0_vh_rfs.vhd:1534]
INFO: [Synth 8-638] synthesizing module 'pselect_f__parameterized10' [c:/Users/konto/Documents/embeded/lab2/lab2_interrupt/lab2_interrupt.srcs/sources_1/bd/arm/ipshared/0ba0/hdl/axi_lite_ipif_v3_0_vh_rfs.vhd:1534]
INFO: [Synth 8-256] done synthesizing module 'pselect_f__parameterized10' (1#1) [c:/Users/konto/Documents/embeded/lab2/lab2_interrupt/lab2_interrupt.srcs/sources_1/bd/arm/ipshared/0ba0/hdl/axi_lite_ipif_v3_0_vh_rfs.vhd:1534]
INFO: [Synth 8-638] synthesizing module 'pselect_f__parameterized11' [c:/Users/konto/Documents/embeded/lab2/lab2_interrupt/lab2_interrupt.srcs/sources_1/bd/arm/ipshared/0ba0/hdl/axi_lite_ipif_v3_0_vh_rfs.vhd:1534]
INFO: [Synth 8-256] done synthesizing module 'pselect_f__parameterized11' (1#1) [c:/Users/konto/Documents/embeded/lab2/lab2_interrupt/lab2_interrupt.srcs/sources_1/bd/arm/ipshared/0ba0/hdl/axi_lite_ipif_v3_0_vh_rfs.vhd:1534]
INFO: [Synth 8-638] synthesizing module 'pselect_f__parameterized12' [c:/Users/konto/Documents/embeded/lab2/lab2_interrupt/lab2_interrupt.srcs/sources_1/bd/arm/ipshared/0ba0/hdl/axi_lite_ipif_v3_0_vh_rfs.vhd:1534]
INFO: [Synth 8-256] done synthesizing module 'pselect_f__parameterized12' (1#1) [c:/Users/konto/Documents/embeded/lab2/lab2_interrupt/lab2_interrupt.srcs/sources_1/bd/arm/ipshared/0ba0/hdl/axi_lite_ipif_v3_0_vh_rfs.vhd:1534]
INFO: [Synth 8-638] synthesizing module 'pselect_f__parameterized13' [c:/Users/konto/Documents/embeded/lab2/lab2_interrupt/lab2_interrupt.srcs/sources_1/bd/arm/ipshared/0ba0/hdl/axi_lite_ipif_v3_0_vh_rfs.vhd:1534]
INFO: [Synth 8-256] done synthesizing module 'pselect_f__parameterized13' (1#1) [c:/Users/konto/Documents/embeded/lab2/lab2_interrupt/lab2_interrupt.srcs/sources_1/bd/arm/ipshared/0ba0/hdl/axi_lite_ipif_v3_0_vh_rfs.vhd:1534]
INFO: [Synth 8-638] synthesizing module 'pselect_f__parameterized14' [c:/Users/konto/Documents/embeded/lab2/lab2_interrupt/lab2_interrupt.srcs/sources_1/bd/arm/ipshared/0ba0/hdl/axi_lite_ipif_v3_0_vh_rfs.vhd:1534]
INFO: [Synth 8-256] done synthesizing module 'pselect_f__parameterized14' (1#1) [c:/Users/konto/Documents/embeded/lab2/lab2_interrupt/lab2_interrupt.srcs/sources_1/bd/arm/ipshared/0ba0/hdl/axi_lite_ipif_v3_0_vh_rfs.vhd:1534]
INFO: [Synth 8-638] synthesizing module 'pselect_f__parameterized15' [c:/Users/konto/Documents/embeded/lab2/lab2_interrupt/lab2_interrupt.srcs/sources_1/bd/arm/ipshared/0ba0/hdl/axi_lite_ipif_v3_0_vh_rfs.vhd:1534]
INFO: [Synth 8-256] done synthesizing module 'pselect_f__parameterized15' (1#1) [c:/Users/konto/Documents/embeded/lab2/lab2_interrupt/lab2_interrupt.srcs/sources_1/bd/arm/ipshared/0ba0/hdl/axi_lite_ipif_v3_0_vh_rfs.vhd:1534]
INFO: [Synth 8-638] synthesizing module 'pselect_f__parameterized16' [c:/Users/konto/Documents/embeded/lab2/lab2_interrupt/lab2_interrupt.srcs/sources_1/bd/arm/ipshared/0ba0/hdl/axi_lite_ipif_v3_0_vh_rfs.vhd:1534]
INFO: [Synth 8-256] done synthesizing module 'pselect_f__parameterized16' (1#1) [c:/Users/konto/Documents/embeded/lab2/lab2_interrupt/lab2_interrupt.srcs/sources_1/bd/arm/ipshared/0ba0/hdl/axi_lite_ipif_v3_0_vh_rfs.vhd:1534]
INFO: [Synth 8-638] synthesizing module 'pselect_f__parameterized17' [c:/Users/konto/Documents/embeded/lab2/lab2_interrupt/lab2_interrupt.srcs/sources_1/bd/arm/ipshared/0ba0/hdl/axi_lite_ipif_v3_0_vh_rfs.vhd:1534]
INFO: [Synth 8-256] done synthesizing module 'pselect_f__parameterized17' (1#1) [c:/Users/konto/Documents/embeded/lab2/lab2_interrupt/lab2_interrupt.srcs/sources_1/bd/arm/ipshared/0ba0/hdl/axi_lite_ipif_v3_0_vh_rfs.vhd:1534]
INFO: [Synth 8-638] synthesizing module 'pselect_f__parameterized18' [c:/Users/konto/Documents/embeded/lab2/lab2_interrupt/lab2_interrupt.srcs/sources_1/bd/arm/ipshared/0ba0/hdl/axi_lite_ipif_v3_0_vh_rfs.vhd:1534]
INFO: [Synth 8-256] done synthesizing module 'pselect_f__parameterized18' (1#1) [c:/Users/konto/Documents/embeded/lab2/lab2_interrupt/lab2_interrupt.srcs/sources_1/bd/arm/ipshared/0ba0/hdl/axi_lite_ipif_v3_0_vh_rfs.vhd:1534]
INFO: [Synth 8-638] synthesizing module 'pselect_f__parameterized19' [c:/Users/konto/Documents/embeded/lab2/lab2_interrupt/lab2_interrupt.srcs/sources_1/bd/arm/ipshared/0ba0/hdl/axi_lite_ipif_v3_0_vh_rfs.vhd:1534]
INFO: [Synth 8-256] done synthesizing module 'pselect_f__parameterized19' (1#1) [c:/Users/konto/Documents/embeded/lab2/lab2_interrupt/lab2_interrupt.srcs/sources_1/bd/arm/ipshared/0ba0/hdl/axi_lite_ipif_v3_0_vh_rfs.vhd:1534]
INFO: [Synth 8-638] synthesizing module 'pselect_f__parameterized20' [c:/Users/konto/Documents/embeded/lab2/lab2_interrupt/lab2_interrupt.srcs/sources_1/bd/arm/ipshared/0ba0/hdl/axi_lite_ipif_v3_0_vh_rfs.vhd:1534]
INFO: [Synth 8-256] done synthesizing module 'pselect_f__parameterized20' (1#1) [c:/Users/konto/Documents/embeded/lab2/lab2_interrupt/lab2_interrupt.srcs/sources_1/bd/arm/ipshared/0ba0/hdl/axi_lite_ipif_v3_0_vh_rfs.vhd:1534]
INFO: [Synth 8-256] done synthesizing module 'address_decoder' (2#1) [c:/Users/konto/Documents/embeded/lab2/lab2_interrupt/lab2_interrupt.srcs/sources_1/bd/arm/ipshared/0ba0/hdl/axi_lite_ipif_v3_0_vh_rfs.vhd:1775]
INFO: [Synth 8-256] done synthesizing module 'slave_attachment' (3#1) [c:/Users/konto/Documents/embeded/lab2/lab2_interrupt/lab2_interrupt.srcs/sources_1/bd/arm/ipshared/0ba0/hdl/axi_lite_ipif_v3_0_vh_rfs.vhd:2341]
INFO: [Synth 8-256] done synthesizing module 'axi_lite_ipif' (4#1) [c:/Users/konto/Documents/embeded/lab2/lab2_interrupt/lab2_interrupt.srcs/sources_1/bd/arm/ipshared/0ba0/hdl/axi_lite_ipif_v3_0_vh_rfs.vhd:2948]
INFO: [Synth 8-638] synthesizing module 'interrupt_control' [c:/Users/konto/Documents/embeded/lab2/lab2_interrupt/lab2_interrupt.srcs/sources_1/bd/arm/ipshared/e956/hdl/interrupt_control_v3_1_vh_rfs.vhd:259]
INFO: [Synth 8-256] done synthesizing module 'interrupt_control' (5#1) [c:/Users/konto/Documents/embeded/lab2/lab2_interrupt/lab2_interrupt.srcs/sources_1/bd/arm/ipshared/e956/hdl/interrupt_control_v3_1_vh_rfs.vhd:259]
INFO: [Synth 8-638] synthesizing module 'GPIO_Core' [c:/Users/konto/Documents/embeded/lab2/lab2_interrupt/lab2_interrupt.srcs/sources_1/bd/arm/ipshared/4f16/hdl/axi_gpio_v2_0_vh_rfs.vhd:173]
INFO: [Synth 8-638] synthesizing module 'cdc_sync' [c:/Users/konto/Documents/embeded/lab2/lab2_interrupt/lab2_interrupt.srcs/sources_1/bd/arm/ipshared/52cb/hdl/lib_cdc_v1_0_rfs.vhd:106]
INFO: [Synth 8-256] done synthesizing module 'cdc_sync' (6#1) [c:/Users/konto/Documents/embeded/lab2/lab2_interrupt/lab2_interrupt.srcs/sources_1/bd/arm/ipshared/52cb/hdl/lib_cdc_v1_0_rfs.vhd:106]
INFO: [Synth 8-256] done synthesizing module 'GPIO_Core' (7#1) [c:/Users/konto/Documents/embeded/lab2/lab2_interrupt/lab2_interrupt.srcs/sources_1/bd/arm/ipshared/4f16/hdl/axi_gpio_v2_0_vh_rfs.vhd:173]
INFO: [Synth 8-256] done synthesizing module 'axi_gpio' (8#1) [c:/Users/konto/Documents/embeded/lab2/lab2_interrupt/lab2_interrupt.srcs/sources_1/bd/arm/ipshared/4f16/hdl/axi_gpio_v2_0_vh_rfs.vhd:1091]
INFO: [Synth 8-256] done synthesizing module 'arm_axi_gpio_0_2' (9#1) [c:/Users/konto/Documents/embeded/lab2/lab2_interrupt/lab2_interrupt.srcs/sources_1/bd/arm/ip/arm_axi_gpio_0_2/synth/arm_axi_gpio_0_2.vhd:85]
Finished RTL Elaboration : Time (s): cpu = 00:00:22 ; elapsed = 00:01:31 . Memory (MB): peak = 385.574 ; gain = 175.176
Finished RTL Optimization Phase 1 : Time (s): cpu = 00:00:22 ; elapsed = 00:01:40 . Memory (MB): peak = 385.574 ; gain = 175.176
INFO: [Device 21-403] Loading part xc7z020clg484-1
Constraint Validation Runtime : Time (s): cpu = 00:00:00 ; elapsed = 00:00:01 . Memory (MB): peak = 707.242 ; gain = 0.000
Finished Constraint Validation : Time (s): cpu = 00:00:43 ; elapsed = 00:04:26 . Memory (MB): peak = 707.242 ; gain = 496.844
Finished Loading Part and Timing Information : Time (s): cpu = 00:00:43 ; elapsed = 00:04:27 . Memory (MB): peak = 707.242 ; gain = 496.844
Finished applying 'set_property' XDC Constraints : Time (s): cpu = 00:00:43 ; elapsed = 00:04:29 . Memory (MB): peak = 707.242 ; gain = 496.844
Finished RTL Optimization Phase 2 : Time (s): cpu = 00:00:44 ; elapsed = 00:04:33 . Memory (MB): peak = 707.242 ; gain = 496.844
Finished Cross Boundary and Area Optimization : Time (s): cpu = 00:00:45 ; elapsed = 00:04:41 . Memory (MB): peak = 707.242 ; gain = 496.844
Finished Applying XDC Timing Constraints : Time (s): cpu = 00:01:07 ; elapsed = 00:05:16 . Memory (MB): peak = 707.242 ; gain = 496.844
Finished Timing Optimization : Time (s): cpu = 00:01:07 ; elapsed = 00:05:17 . Memory (MB): peak = 707.242 ; gain = 496.844
Finished Technology Mapping : Time (s): cpu = 00:01:08 ; elapsed = 00:05:19 . Memory (MB): peak = 707.242 ; gain = 496.844
Finished IO Insertion : Time (s): cpu = 00:01:08 ; elapsed = 00:05:22 . Memory (MB): peak = 707.242 ; gain = 496.844
Finished Renaming Generated Instances : Time (s): cpu = 00:01:08 ; elapsed = 00:05:22 . Memory (MB): peak = 707.242 ; gain = 496.844
Finished Rebuilding User Hierarchy : Time (s): cpu = 00:01:09 ; elapsed = 00:05:23 . Memory (MB): peak = 707.242 ; gain = 496.844
Finished Renaming Generated Ports : Time (s): cpu = 00:01:09 ; elapsed = 00:05:23 . Memory (MB): peak = 707.242 ; gain = 496.844
Finished Handling Custom Attributes : Time (s): cpu = 00:01:09 ; elapsed = 00:05:23 . Memory (MB): peak = 707.242 ; gain = 496.844
Finished Renaming Generated Nets : Time (s): cpu = 00:01:09 ; elapsed = 00:05:23 . Memory (MB): peak = 707.242 ; gain = 496.844

Report Cell Usage: 
+------+-----+------+
|      |Cell |Count |
+------+-----+------+
|1     |LUT1 |     2|
|2     |LUT2 |    10|
|3     |LUT3 |     6|
|4     |LUT4 |    18|
|5     |LUT5 |    19|
|6     |LUT6 |    31|
|7     |FDR  |    20|
|8     |FDRE |    87|
|9     |FDSE |     7|
+------+-----+------+
Finished Writing Synthesis Report : Time (s): cpu = 00:01:09 ; elapsed = 00:05:23 . Memory (MB): peak = 707.242 ; gain = 496.844
create_clock: Time (s): cpu = 00:00:01 ; elapsed = 00:00:06 . Memory (MB): peak = 707.242 ; gain = 0.000
synth_design: Time (s): cpu = 00:01:01 ; elapsed = 00:05:35 . Memory (MB): peak = 707.242 ; gain = 442.711
write_checkpoint: Time (s): cpu = 00:00:00 ; elapsed = 00:00:07 . Memory (MB): peak = 707.242 ; gain = 0.000
