
*** Running vivado
    with args -log arm_rst_ps7_0_100M_0.vds -m64 -product Vivado -mode batch -messageDb vivado.pb -notrace -source arm_rst_ps7_0_100M_0.tcl


****** Vivado v2016.4 (64-bit)
  **** SW Build 1756540 on Mon Jan 23 19:11:23 MST 2017
  **** IP Build 1755317 on Mon Jan 23 20:30:07 MST 2017
    ** Copyright 1986-2016 Xilinx, Inc. All Rights Reserved.

source arm_rst_ps7_0_100M_0.tcl -notrace
create_project: Time (s): cpu = 00:00:01 ; elapsed = 00:00:06 . Memory (MB): peak = 239.070 ; gain = 29.148
Starting RTL Elaboration : Time (s): cpu = 00:00:18 ; elapsed = 00:01:41 . Memory (MB): peak = 337.902 ; gain = 127.980
INFO: [Synth 8-638] synthesizing module 'arm_rst_ps7_0_100M_0' [c:/Users/konto/Documents/embeded/lab2/lab2_simple_arm/lab2_simple_arm.srcs/sources_1/bd/arm/ip/arm_rst_ps7_0_100M_0/synth/arm_rst_ps7_0_100M_0.vhd:71]
INFO: [Synth 8-638] synthesizing module 'proc_sys_reset' [c:/Users/konto/Documents/embeded/lab2/lab2_simple_arm/lab2_simple_arm.srcs/sources_1/bd/arm/ipshared/04b4/hdl/proc_sys_reset_v5_0_vh_rfs.vhd:1323]
INFO: [Synth 8-638] synthesizing module 'lpf' [c:/Users/konto/Documents/embeded/lab2/lab2_simple_arm/lab2_simple_arm.srcs/sources_1/bd/arm/ipshared/04b4/hdl/proc_sys_reset_v5_0_vh_rfs.vhd:816]
INFO: [Synth 8-638] synthesizing module 'SRL16' [C:/Xilinx2/Vivado/2016.4/scripts/rt/data/unisim_comp.v:43312]
INFO: [Synth 8-256] done synthesizing module 'SRL16' (1#1) [C:/Xilinx2/Vivado/2016.4/scripts/rt/data/unisim_comp.v:43312]
INFO: [Synth 8-638] synthesizing module 'cdc_sync' [c:/Users/konto/Documents/embeded/lab2/lab2_simple_arm/lab2_simple_arm.srcs/sources_1/bd/arm/ipshared/52cb/hdl/lib_cdc_v1_0_rfs.vhd:106]
INFO: [Synth 8-256] done synthesizing module 'cdc_sync' (2#1) [c:/Users/konto/Documents/embeded/lab2/lab2_simple_arm/lab2_simple_arm.srcs/sources_1/bd/arm/ipshared/52cb/hdl/lib_cdc_v1_0_rfs.vhd:106]
INFO: [Synth 8-256] done synthesizing module 'lpf' (3#1) [c:/Users/konto/Documents/embeded/lab2/lab2_simple_arm/lab2_simple_arm.srcs/sources_1/bd/arm/ipshared/04b4/hdl/proc_sys_reset_v5_0_vh_rfs.vhd:816]
INFO: [Synth 8-638] synthesizing module 'sequence_psr' [c:/Users/konto/Documents/embeded/lab2/lab2_simple_arm/lab2_simple_arm.srcs/sources_1/bd/arm/ipshared/04b4/hdl/proc_sys_reset_v5_0_vh_rfs.vhd:301]
INFO: [Synth 8-638] synthesizing module 'upcnt_n' [c:/Users/konto/Documents/embeded/lab2/lab2_simple_arm/lab2_simple_arm.srcs/sources_1/bd/arm/ipshared/04b4/hdl/proc_sys_reset_v5_0_vh_rfs.vhd:125]
INFO: [Synth 8-256] done synthesizing module 'upcnt_n' (4#1) [c:/Users/konto/Documents/embeded/lab2/lab2_simple_arm/lab2_simple_arm.srcs/sources_1/bd/arm/ipshared/04b4/hdl/proc_sys_reset_v5_0_vh_rfs.vhd:125]
INFO: [Synth 8-256] done synthesizing module 'sequence_psr' (5#1) [c:/Users/konto/Documents/embeded/lab2/lab2_simple_arm/lab2_simple_arm.srcs/sources_1/bd/arm/ipshared/04b4/hdl/proc_sys_reset_v5_0_vh_rfs.vhd:301]
INFO: [Synth 8-256] done synthesizing module 'proc_sys_reset' (6#1) [c:/Users/konto/Documents/embeded/lab2/lab2_simple_arm/lab2_simple_arm.srcs/sources_1/bd/arm/ipshared/04b4/hdl/proc_sys_reset_v5_0_vh_rfs.vhd:1323]
INFO: [Synth 8-256] done synthesizing module 'arm_rst_ps7_0_100M_0' (7#1) [c:/Users/konto/Documents/embeded/lab2/lab2_simple_arm/lab2_simple_arm.srcs/sources_1/bd/arm/ip/arm_rst_ps7_0_100M_0/synth/arm_rst_ps7_0_100M_0.vhd:71]
Finished RTL Elaboration : Time (s): cpu = 00:00:19 ; elapsed = 00:01:43 . Memory (MB): peak = 375.379 ; gain = 165.457
Finished RTL Optimization Phase 1 : Time (s): cpu = 00:00:19 ; elapsed = 00:01:43 . Memory (MB): peak = 375.379 ; gain = 165.457
INFO: [Device 21-403] Loading part xc7z020clg484-1
Constraint Validation Runtime : Time (s): cpu = 00:00:00 ; elapsed = 00:00:00.277 . Memory (MB): peak = 695.238 ; gain = 0.000
Finished Constraint Validation : Time (s): cpu = 00:00:36 ; elapsed = 00:02:07 . Memory (MB): peak = 695.238 ; gain = 485.316
Finished Loading Part and Timing Information : Time (s): cpu = 00:00:36 ; elapsed = 00:02:07 . Memory (MB): peak = 695.238 ; gain = 485.316
Finished applying 'set_property' XDC Constraints : Time (s): cpu = 00:00:36 ; elapsed = 00:02:07 . Memory (MB): peak = 695.238 ; gain = 485.316
Finished RTL Optimization Phase 2 : Time (s): cpu = 00:00:36 ; elapsed = 00:02:07 . Memory (MB): peak = 695.238 ; gain = 485.316
Finished Cross Boundary and Area Optimization : Time (s): cpu = 00:00:37 ; elapsed = 00:02:08 . Memory (MB): peak = 695.238 ; gain = 485.316
Finished Applying XDC Timing Constraints : Time (s): cpu = 00:00:54 ; elapsed = 00:02:26 . Memory (MB): peak = 695.238 ; gain = 485.316
Finished Timing Optimization : Time (s): cpu = 00:00:54 ; elapsed = 00:02:26 . Memory (MB): peak = 695.238 ; gain = 485.316
Finished Technology Mapping : Time (s): cpu = 00:00:54 ; elapsed = 00:02:26 . Memory (MB): peak = 695.238 ; gain = 485.316
Finished IO Insertion : Time (s): cpu = 00:00:55 ; elapsed = 00:02:27 . Memory (MB): peak = 695.238 ; gain = 485.316
Finished Renaming Generated Instances : Time (s): cpu = 00:00:55 ; elapsed = 00:02:27 . Memory (MB): peak = 695.238 ; gain = 485.316
Finished Rebuilding User Hierarchy : Time (s): cpu = 00:00:55 ; elapsed = 00:02:27 . Memory (MB): peak = 695.238 ; gain = 485.316
Finished Renaming Generated Ports : Time (s): cpu = 00:00:55 ; elapsed = 00:02:27 . Memory (MB): peak = 695.238 ; gain = 485.316
Finished Handling Custom Attributes : Time (s): cpu = 00:00:55 ; elapsed = 00:02:27 . Memory (MB): peak = 695.238 ; gain = 485.316
Finished Renaming Generated Nets : Time (s): cpu = 00:00:55 ; elapsed = 00:02:27 . Memory (MB): peak = 695.238 ; gain = 485.316

Report Cell Usage: 
+------+------+------+
|      |Cell  |Count |
+------+------+------+
|1     |LUT1  |     5|
|2     |LUT2  |     9|
|3     |LUT3  |     1|
|4     |LUT4  |     6|
|5     |LUT5  |     3|
|6     |LUT6  |     1|
|7     |SRL16 |     1|
|8     |FDR   |     8|
|9     |FDRE  |    28|
|10    |FDSE  |     4|
+------+------+------+
Finished Writing Synthesis Report : Time (s): cpu = 00:00:55 ; elapsed = 00:02:27 . Memory (MB): peak = 695.238 ; gain = 485.316
synth_design: Time (s): cpu = 00:00:45 ; elapsed = 00:01:03 . Memory (MB): peak = 695.238 ; gain = 432.816
