

================================================================
== Vivado HLS Report for 'convolution2D'
================================================================
* Date:           Thu Jun 01 12:17:49 2017

* Version:        2016.4 (Build 1756540 on Mon Jan 23 19:31:01 MST 2017)
* Project:        sobel
* Solution:       solution1
* Product family: zynq
* Target device:  xc7z020clg484-1


================================================================
== Performance Estimates
================================================================
+ Timing (ns): 
    * Summary: 
    +--------+-------+----------+------------+
    |  Clock | Target| Estimated| Uncertainty|
    +--------+-------+----------+------------+
    |ap_clk  |  10.00|      8.47|        1.25|
    +--------+-------+----------+------------+

+ Latency (clock cycles): 
    * Summary: 
    +-----+-----+-----+-----+---------+
    |  Latency  |  Interval | Pipeline|
    | min | max | min | max |   Type  |
    +-----+-----+-----+-----+---------+
    |   61|   61|   61|   61|   none  |
    +-----+-----+-----+-----+---------+

    + Detail: 
        * Instance: 
        N/A

        * Loop: 
        +-------------+-----+-----+----------+-----------+-----------+------+----------+
        |             |  Latency  | Iteration|  Initiation Interval  | Trip |          |
        |  Loop Name  | min | max |  Latency |  achieved |   target  | Count| Pipelined|
        +-------------+-----+-----+----------+-----------+-----------+------+----------+
        |- Loop 1     |   60|   60|        20|          -|          -|     3|    no    |
        | + Loop 1.1  |   18|   18|         6|          -|          -|     3|    no    |
        +-------------+-----+-----+----------+-----------+-----------+------+----------+



================================================================
== Utilization Estimates
================================================================
* Summary: 
+-----------------+---------+-------+--------+-------+
|       Name      | BRAM_18K| DSP48E|   FF   |  LUT  |
+-----------------+---------+-------+--------+-------+
|DSP              |        -|      -|       -|      -|
|Expression       |        -|      -|       0|     79|
|FIFO             |        -|      -|       -|      -|
|Instance         |        -|      2|       0|      0|
|Memory           |        -|      -|       -|      -|
|Multiplexer      |        -|      -|       -|     42|
|Register         |        -|      -|     100|      -|
+-----------------+---------+-------+--------+-------+
|Total            |        0|      2|     100|    121|
+-----------------+---------+-------+--------+-------+
|Available        |      280|    220|  106400|  53200|
+-----------------+---------+-------+--------+-------+
|Utilization (%)  |        0|   ~0  |   ~0   |   ~0  |
+-----------------+---------+-------+--------+-------+

+ Detail: 
    * Instance: 
    +-------------------------+----------------------+---------+-------+---+----+
    |         Instance        |        Module        | BRAM_18K| DSP48E| FF| LUT|
    +-------------------------+----------------------+---------+-------+---+----+
    |sobel_mul_8ns_32sbkb_U0  |sobel_mul_8ns_32sbkb  |        0|      2|  0|   0|
    +-------------------------+----------------------+---------+-------+---+----+
    |Total                    |                      |        0|      2|  0|   0|
    +-------------------------+----------------------+---------+-------+---+----+

    * DSP48: 
    N/A

    * Memory: 
    N/A

    * FIFO: 
    N/A

    * Expression: 
    +---------------------+----------+-------+---+----+------------+------------+
    |    Variable Name    | Operation| DSP48E| FF| LUT| Bitwidth P0| Bitwidth P1|
    +---------------------+----------+-------+---+----+------------+------------+
    |i_6_fu_158_p2        |     +    |      0|  0|   3|           3|           1|
    |j_4_fu_107_p2        |     +    |      0|  0|   3|           3|           1|
    |res_1_fu_200_p2      |     +    |      0|  0|  32|          32|          32|
    |sum_fu_147_p2        |     +    |      0|  0|  22|          22|          22|
    |tmp5_fu_127_p2       |     +    |      0|  0|  10|          10|          10|
    |tmp_12_fu_182_p2     |     +    |      0|  0|   2|           5|           5|
    |tmp_11_fu_176_p2     |     -    |      0|  0|   2|           5|           5|
    |exitcond1_fu_101_p2  |   icmp   |      0|  0|   2|           3|           2|
    |exitcond_fu_117_p2   |   icmp   |      0|  0|   2|           3|           2|
    +---------------------+----------+-------+---+----+------------+------------+
    |Total                |          |      0|  0|  79|          86|          80|
    +---------------------+----------+-------+---+----+------------+------------+

    * Multiplexer: 
    +-----------+----+-----------+-----+-----------+
    |    Name   | LUT| Input Size| Bits| Total Bits|
    +-----------+----+-----------+-----+-----------+
    |ap_NS_fsm  |   4|          9|    1|          9|
    |i_reg_82   |   3|          2|    3|          6|
    |j_reg_70   |   3|          2|    3|          6|
    |res_fu_30  |  32|          2|   32|         64|
    +-----------+----+-----------+-----+-----------+
    |Total      |  42|         15|   39|         85|
    +-----------+----+-----------+-----+-----------+

    * Register: 
    +--------------------+----+----+-----+-----------+
    |        Name        | FF | LUT| Bits| Const Bits|
    +--------------------+----+----+-----+-----------+
    |ap_CS_fsm           |   8|   0|    8|          0|
    |i_6_reg_248         |   3|   0|    3|          0|
    |i_reg_82            |   3|   0|    3|          0|
    |input_load_reg_258  |   8|   0|    8|          0|
    |j_4_cast_reg_235    |   3|   0|    5|          2|
    |j_4_reg_230         |   3|   0|    3|          0|
    |j_reg_70            |   3|   0|    3|          0|
    |res_fu_30           |  32|   0|   32|          0|
    |tmp_12_reg_253      |   5|   0|    5|          0|
    |tmp_9_reg_278       |  32|   0|   32|          0|
    +--------------------+----+----+-----+-----------+
    |Total               | 100|   0|  102|          2|
    +--------------------+----+----+-----+-----------+



================================================================
== Interface
================================================================
* Summary: 
+-------------------+-----+-----+------------+---------------+--------------+
|     RTL Ports     | Dir | Bits|  Protocol  | Source Object |    C Type    |
+-------------------+-----+-----+------------+---------------+--------------+
|ap_clk             |  in |    1| ap_ctrl_hs | convolution2D | return value |
|ap_rst             |  in |    1| ap_ctrl_hs | convolution2D | return value |
|ap_start           |  in |    1| ap_ctrl_hs | convolution2D | return value |
|ap_done            | out |    1| ap_ctrl_hs | convolution2D | return value |
|ap_idle            | out |    1| ap_ctrl_hs | convolution2D | return value |
|ap_ready           | out |    1| ap_ctrl_hs | convolution2D | return value |
|ap_return          | out |   32| ap_ctrl_hs | convolution2D | return value |
|posy               |  in |   10|   ap_none  |      posy     |    scalar    |
|posx               |  in |   10|   ap_none  |      posx     |    scalar    |
|input_r_address0   | out |   20|  ap_memory |    input_r    |     array    |
|input_r_ce0        | out |    1|  ap_memory |    input_r    |     array    |
|input_r_q0         |  in |    8|  ap_memory |    input_r    |     array    |
|operator_address0  | out |    4|  ap_memory |    operator   |     array    |
|operator_ce0       | out |    1|  ap_memory |    operator   |     array    |
|operator_q0        |  in |   32|  ap_memory |    operator   |     array    |
+-------------------+-----+-----+------------+---------------+--------------+

