

================================================================
== Vivado HLS Report for 'sobel'
================================================================
* Date:           Thu Jun 01 12:17:51 2017

* Version:        2016.4 (Build 1756540 on Mon Jan 23 19:31:01 MST 2017)
* Project:        sobel
* Solution:       solution1
* Product family: zynq
* Target device:  xc7z020clg484-1


================================================================
== Performance Estimates
================================================================
+ Timing (ns): 
    * Summary: 
    +--------+-------+----------+------------+
    |  Clock | Target| Estimated| Uncertainty|
    +--------+-------+----------+------------+
    |ap_clk  |  10.00|      8.62|        1.25|
    +--------+-------+----------+------------+

+ Latency (clock cycles): 
    * Summary: 
    +-----------+-----------+-----------+-----------+---------+
    |        Latency        |        Interval       | Pipeline|
    |    min    |    max    |    min    |    max    |   Type  |
    +-----------+-----------+-----------+-----------+---------+
    |  198457152|  198457152|  198457153|  198457153|   none  |
    +-----------+-----------+-----------+-----------+---------+

    + Detail: 
        * Instance: 
        +--------------------------+---------------+-----+-----+-----+-----+---------+
        |                          |               |  Latency  |  Interval | Pipeline|
        |         Instance         |     Module    | min | max | min | max |   Type  |
        +--------------------------+---------------+-----+-----+-----+-----+---------+
        |grp_convolution2D_fu_214  |convolution2D  |   61|   61|   61|   61|   none  |
        +--------------------------+---------------+-----+-----+-----+-----+---------+

        * Loop: 
        +-------------+-----------+-----------+----------+-----------+-----------+------+----------+
        |             |        Latency        | Iteration|  Initiation Interval  | Trip |          |
        |  Loop Name  |    min    |    max    |  Latency |  achieved |   target  | Count| Pipelined|
        +-------------+-----------+-----------+----------+-----------+-----------+------+----------+
        |- Loop 1     |       1022|       1022|         1|          -|          -|  1022|    no    |
        |- Loop 2     |  177564324|  177564324|    173742|          -|          -|  1022|    no    |
        | + Loop 2.1  |     173740|     173740|       170|          -|          -|  1022|    no    |
        |- Loop 3     |   20891724|   20891724|     20442|          -|          -|  1022|    no    |
        | + Loop 3.1  |      20440|      20440|        20|          -|          -|  1022|    no    |
        +-------------+-----------+-----------+----------+-----------+-----------+------+----------+



================================================================
== Utilization Estimates
================================================================
* Summary: 
+-----------------+---------+-------+--------+-------+
|       Name      | BRAM_18K| DSP48E|   FF   |  LUT  |
+-----------------+---------+-------+--------+-------+
|DSP              |        -|      -|       -|      -|
|Expression       |        -|      -|       0|    863|
|FIFO             |        -|      -|       -|      -|
|Instance         |        -|     85|    8638|  10486|
|Memory           |        0|      -|     128|     10|
|Multiplexer      |        -|      -|       -|    715|
|Register         |        -|      -|     830|      -|
+-----------------+---------+-------+--------+-------+
|Total            |        0|     85|    9596|  12074|
+-----------------+---------+-------+--------+-------+
|Available        |      280|    220|  106400|  53200|
+-----------------+---------+-------+--------+-------+
|Utilization (%)  |        0|     38|       9|     22|
+-----------------+---------+-------+--------+-------+

+ Detail: 
    * Instance: 
    +--------------------------+----------------------+---------+-------+------+------+
    |         Instance         |        Module        | BRAM_18K| DSP48E|  FF  |  LUT |
    +--------------------------+----------------------+---------+-------+------+------+
    |grp_convolution2D_fu_214  |convolution2D         |        0|      2|   100|   121|
    |sobel_dadd_64ns_6dEe_U5   |sobel_dadd_64ns_6dEe  |        0|      3|   445|  1149|
    |sobel_ddiv_64ns_6fYi_U7   |sobel_ddiv_64ns_6fYi  |        0|      0|  3211|  3658|
    |sobel_dlog_64ns_6jbC_U11  |sobel_dlog_64ns_6jbC  |        0|     61|  1909|  1510|
    |sobel_dmul_64ns_6eOg_U6   |sobel_dmul_64ns_6eOg  |        0|     11|   317|   578|
    |sobel_dsqrt_64ns_ibs_U10  |sobel_dsqrt_64ns_ibs  |        0|      0|  1832|  2180|
    |sobel_mul_32s_32skbM_U12  |sobel_mul_32s_32skbM  |        0|      4|     0|     0|
    |sobel_mul_32s_32skbM_U13  |sobel_mul_32s_32skbM  |        0|      4|     0|     0|
    |sobel_sitodp_32s_hbi_U9   |sobel_sitodp_32s_hbi  |        0|      0|   412|   645|
    |sobel_uitodp_32nsg8j_U8   |sobel_uitodp_32nsg8j  |        0|      0|   412|   645|
    +--------------------------+----------------------+---------+-------+------+------+
    |Total                     |                      |        0|     85|  8638| 10486|
    +--------------------------+----------------------+---------+-------+------+------+

    * DSP48: 
    N/A

    * Memory: 
    +------------------+----------------------+---------+----+----+------+-----+------+-------------+
    |      Memory      |        Module        | BRAM_18K| FF | LUT| Words| Bits| Banks| W*Bits*Banks|
    +------------------+----------------------+---------+----+----+------+-----+------+-------------+
    |horiz_operator_U  |sobel_horiz_operacud  |        0|  64|   5|     9|   32|     1|          288|
    |vert_operator_U   |sobel_vert_operator   |        0|  64|   5|     9|   32|     1|          288|
    +------------------+----------------------+---------+----+----+------+-----+------+-------------+
    |Total             |                      |        0| 128|  10|    18|   64|     2|          576|
    +------------------+----------------------+---------+----+----+------+-----+------+-------------+

    * FIFO: 
    N/A

    * Expression: 
    +------------------------+----------+-------+---+-----+------------+------------+
    |      Variable Name     | Operation| DSP48E| FF| LUT | Bitwidth P0| Bitwidth P1|
    +------------------------+----------+-------+---+-----+------------+------------+
    |i_1_fu_308_p2           |     +    |      0|  0|   10|          10|           1|
    |i_4_fu_576_p2           |     +    |      0|  0|   10|          10|           1|
    |i_5_fu_538_p2           |     +    |      0|  0|   10|          10|           1|
    |j_2_fu_331_p2           |     +    |      0|  0|   10|          10|           1|
    |j_3_fu_570_p2           |     +    |      0|  0|   10|          10|           1|
    |p_fu_347_p2             |     +    |      0|  0|   32|          32|          32|
    |sh_assign_fu_394_p2     |     +    |      0|  0|   12|          11|          12|
    |p_Val2_7_i_i_fu_480_p2  |     -    |      0|  0|   32|           1|          32|
    |tmp_6_fu_590_p2         |     -    |      0|  0|    9|           9|           9|
    |tmp_i_i_11_fu_408_p2    |     -    |      0|  0|   11|          10|          11|
    |exitcond1_fu_544_p2     |   icmp   |      0|  0|    4|          10|           2|
    |exitcond2_fu_325_p2     |   icmp   |      0|  0|    4|          10|           2|
    |exitcond3_fu_314_p2     |   icmp   |      0|  0|    4|          10|           2|
    |exitcond5_fu_278_p2     |   icmp   |      0|  0|    4|          10|           2|
    |exitcond_fu_550_p2      |   icmp   |      0|  0|    4|          10|           2|
    |icmp_fu_501_p2          |   icmp   |      0|  0|    9|          24|           1|
    |tmp_19_i_i_fu_438_p2    |   lshr   |      0|  0|  157|          53|          53|
    |tmp_1_fu_297_p2         |    or    |      0|  0|   26|          20|          10|
    |p_Val2_4_fu_472_p3      |  select  |      0|  0|   32|           1|          32|
    |p_Val2_s_fu_485_p3      |  select  |      0|  0|   32|           1|          32|
    |sh_assign_1_fu_418_p3   |  select  |      0|  0|   12|           1|          12|
    |tmp_20_i_i_fu_444_p2    |    shl   |      0|  0|  429|         136|         136|
    +------------------------+----------+-------+---+-----+------------+------------+
    |Total                   |          |      0|  0|  863|         399|         387|
    +------------------------+----------+-------+---+-----+------------+------------+

    * Multiplexer: 
    +--------------------------------------+-----+-----------+-----+-----------+
    |                 Name                 | LUT | Input Size| Bits| Total Bits|
    +--------------------------------------+-----+-----------+-----+-----------+
    |PSNR_fu_90                            |   64|          2|   64|        128|
    |ap_NS_fsm                             |  392|        152|    1|        152|
    |grp_convolution2D_fu_214_operator_q0  |   32|          3|   32|         96|
    |grp_fu_232_p0                         |   64|          5|   64|        320|
    |grp_fu_232_p1                         |   64|          5|   64|        320|
    |i_2_reg_179                           |   10|          2|   10|         20|
    |i_3_reg_191                           |   10|          2|   10|         20|
    |i_reg_156                             |   10|          2|   10|         20|
    |input_r_ce0                           |    1|          2|    1|          2|
    |j_1_reg_203                           |   10|          2|   10|         20|
    |j_reg_167                             |   10|          2|   10|         20|
    |output_r_address0                     |   20|          4|   20|         80|
    |output_r_address1                     |   20|          3|   20|         60|
    |output_r_d0                           |    8|          4|    8|         32|
    +--------------------------------------+-----+-----------+-----+-----------+
    |Total                                 |  715|        190|  324|       1290|
    +--------------------------------------+-----+-----------+-----+-----------+

    * Register: 
    +------------------------------------------+-----+----+-----+-----------+
    |                   Name                   |  FF | LUT| Bits| Const Bits|
    +------------------------------------------+-----+----+-----+-----------+
    |PSNR_3_reg_718                            |   64|   0|   64|          0|
    |PSNR_fu_90                                |   64|   0|   64|          0|
    |ap_CS_fsm                                 |  151|   0|  151|          0|
    |ap_reg_grp_convolution2D_fu_214_ap_start  |    1|   0|    1|          0|
    |i_2_reg_179                               |   10|   0|   10|          0|
    |i_3_reg_191                               |   10|   0|   10|          0|
    |i_reg_156                                 |   10|   0|   10|          0|
    |j_1_reg_203                               |   10|   0|   10|          0|
    |j_3_reg_692                               |   10|   0|   10|          0|
    |j_reg_167                                 |   10|   0|   10|          0|
    |p_Result_s_reg_657                        |    1|   0|    1|          0|
    |p_Val2_4_reg_662                          |   32|   0|   32|          0|
    |p_reg_642                                 |   32|   0|   32|          0|
    |reg_271                                   |   64|   0|   64|          0|
    |tmp_2_reg_630                             |   32|   0|   32|          0|
    |tmp_6_reg_702                             |    9|   0|    9|          0|
    |tmp_8_reg_712                             |   64|   0|   64|          0|
    |tmp_i_i_i1_reg_728                        |   64|   0|   64|          0|
    |tmp_s_reg_647                             |   64|   0|   64|          0|
    |x_assign_2_reg_652                        |   64|   0|   64|          0|
    |x_assign_reg_723                          |   64|   0|   64|          0|
    +------------------------------------------+-----+----+-----+-----------+
    |Total                                     |  830|   0|  830|          0|
    +------------------------------------------+-----+----+-----+-----------+



================================================================
== Interface
================================================================
* Summary: 
+-------------------+-----+-----+------------+--------------+--------------+
|     RTL Ports     | Dir | Bits|  Protocol  | Source Object|    C Type    |
+-------------------+-----+-----+------------+--------------+--------------+
|ap_clk             |  in |    1| ap_ctrl_hs |     sobel    | return value |
|ap_rst             |  in |    1| ap_ctrl_hs |     sobel    | return value |
|ap_start           |  in |    1| ap_ctrl_hs |     sobel    | return value |
|ap_done            | out |    1| ap_ctrl_hs |     sobel    | return value |
|ap_idle            | out |    1| ap_ctrl_hs |     sobel    | return value |
|ap_ready           | out |    1| ap_ctrl_hs |     sobel    | return value |
|ap_return          | out |   64| ap_ctrl_hs |     sobel    | return value |
|input_r_address0   | out |   20|  ap_memory |    input_r   |     array    |
|input_r_ce0        | out |    1|  ap_memory |    input_r   |     array    |
|input_r_q0         |  in |    8|  ap_memory |    input_r   |     array    |
|output_r_address0  | out |   20|  ap_memory |   output_r   |     array    |
|output_r_ce0       | out |    1|  ap_memory |   output_r   |     array    |
|output_r_we0       | out |    1|  ap_memory |   output_r   |     array    |
|output_r_d0        | out |    8|  ap_memory |   output_r   |     array    |
|output_r_address1  | out |   20|  ap_memory |   output_r   |     array    |
|output_r_ce1       | out |    1|  ap_memory |   output_r   |     array    |
|output_r_we1       | out |    1|  ap_memory |   output_r   |     array    |
|output_r_d1        | out |    8|  ap_memory |   output_r   |     array    |
|output_r_q1        |  in |    8|  ap_memory |   output_r   |     array    |
|golden_address0    | out |   20|  ap_memory |    golden    |     array    |
|golden_ce0         | out |    1|  ap_memory |    golden    |     array    |
|golden_q0          |  in |    8|  ap_memory |    golden    |     array    |
+-------------------+-----+-----+------------+--------------+--------------+

