
*** Running vivado
    with args -log arm_xbar_1.vds -m64 -product Vivado -mode batch -messageDb vivado.pb -notrace -source arm_xbar_1.tcl


****** Vivado v2016.4 (64-bit)
  **** SW Build 1756540 on Mon Jan 23 19:11:23 MST 2017
  **** IP Build 1755317 on Mon Jan 23 20:30:07 MST 2017
    ** Copyright 1986-2016 Xilinx, Inc. All Rights Reserved.

source arm_xbar_1.tcl -notrace
create_project: Time (s): cpu = 00:00:01 ; elapsed = 00:00:06 . Memory (MB): peak = 239.238 ; gain = 29.121
Starting RTL Elaboration : Time (s): cpu = 00:00:28 ; elapsed = 00:02:05 . Memory (MB): peak = 358.582 ; gain = 148.465
INFO: [Synth 8-638] synthesizing module 'arm_xbar_1' [c:/Users/konto/Documents/embeded/lab2/lab2_simple_arm/lab2_simple_arm.srcs/sources_1/bd/arm/ip/arm_xbar_1/synth/arm_xbar_1.v:59]
INFO: [Synth 8-638] synthesizing module 'axi_crossbar_v2_1_12_axi_crossbar' [c:/Users/konto/Documents/embeded/lab2/lab2_simple_arm/lab2_simple_arm.srcs/sources_1/bd/arm/ipshared/896d/hdl/axi_crossbar_v2_1_vl_rfs.v:4882]
INFO: [Synth 8-638] synthesizing module 'axi_crossbar_v2_1_12_crossbar' [c:/Users/konto/Documents/embeded/lab2/lab2_simple_arm/lab2_simple_arm.srcs/sources_1/bd/arm/ipshared/896d/hdl/axi_crossbar_v2_1_vl_rfs.v:2239]
INFO: [Synth 8-638] synthesizing module 'axi_crossbar_v2_1_12_si_transactor' [c:/Users/konto/Documents/embeded/lab2/lab2_simple_arm/lab2_simple_arm.srcs/sources_1/bd/arm/ipshared/896d/hdl/axi_crossbar_v2_1_vl_rfs.v:3798]
INFO: [Synth 8-638] synthesizing module 'axi_crossbar_v2_1_12_addr_decoder' [c:/Users/konto/Documents/embeded/lab2/lab2_simple_arm/lab2_simple_arm.srcs/sources_1/bd/arm/ipshared/896d/hdl/axi_crossbar_v2_1_vl_rfs.v:794]
INFO: [Synth 8-638] synthesizing module 'generic_baseblocks_v2_1_0_comparator_static' [c:/Users/konto/Documents/embeded/lab2/lab2_simple_arm/lab2_simple_arm.srcs/sources_1/bd/arm/ipshared/7ee0/hdl/generic_baseblocks_v2_1_vl_rfs.v:2133]
INFO: [Synth 8-638] synthesizing module 'generic_baseblocks_v2_1_0_carry_and' [c:/Users/konto/Documents/embeded/lab2/lab2_simple_arm/lab2_simple_arm.srcs/sources_1/bd/arm/ipshared/7ee0/hdl/generic_baseblocks_v2_1_vl_rfs.v:62]
INFO: [Synth 8-256] done synthesizing module 'generic_baseblocks_v2_1_0_carry_and' (1#1) [c:/Users/konto/Documents/embeded/lab2/lab2_simple_arm/lab2_simple_arm.srcs/sources_1/bd/arm/ipshared/7ee0/hdl/generic_baseblocks_v2_1_vl_rfs.v:62]
INFO: [Synth 8-256] done synthesizing module 'generic_baseblocks_v2_1_0_comparator_static' (2#1) [c:/Users/konto/Documents/embeded/lab2/lab2_simple_arm/lab2_simple_arm.srcs/sources_1/bd/arm/ipshared/7ee0/hdl/generic_baseblocks_v2_1_vl_rfs.v:2133]
INFO: [Synth 8-638] synthesizing module 'generic_baseblocks_v2_1_0_comparator_static__parameterized0' [c:/Users/konto/Documents/embeded/lab2/lab2_simple_arm/lab2_simple_arm.srcs/sources_1/bd/arm/ipshared/7ee0/hdl/generic_baseblocks_v2_1_vl_rfs.v:2133]
INFO: [Synth 8-256] done synthesizing module 'generic_baseblocks_v2_1_0_comparator_static__parameterized0' (2#1) [c:/Users/konto/Documents/embeded/lab2/lab2_simple_arm/lab2_simple_arm.srcs/sources_1/bd/arm/ipshared/7ee0/hdl/generic_baseblocks_v2_1_vl_rfs.v:2133]
INFO: [Synth 8-638] synthesizing module 'generic_baseblocks_v2_1_0_comparator_static__parameterized1' [c:/Users/konto/Documents/embeded/lab2/lab2_simple_arm/lab2_simple_arm.srcs/sources_1/bd/arm/ipshared/7ee0/hdl/generic_baseblocks_v2_1_vl_rfs.v:2133]
INFO: [Synth 8-256] done synthesizing module 'generic_baseblocks_v2_1_0_comparator_static__parameterized1' (2#1) [c:/Users/konto/Documents/embeded/lab2/lab2_simple_arm/lab2_simple_arm.srcs/sources_1/bd/arm/ipshared/7ee0/hdl/generic_baseblocks_v2_1_vl_rfs.v:2133]
INFO: [Synth 8-256] done synthesizing module 'axi_crossbar_v2_1_12_addr_decoder' (3#1) [c:/Users/konto/Documents/embeded/lab2/lab2_simple_arm/lab2_simple_arm.srcs/sources_1/bd/arm/ipshared/896d/hdl/axi_crossbar_v2_1_vl_rfs.v:794]
INFO: [Synth 8-638] synthesizing module 'axi_data_fifo_v2_1_10_axic_srl_fifo' [c:/Users/konto/Documents/embeded/lab2/lab2_simple_arm/lab2_simple_arm.srcs/sources_1/bd/arm/ipshared/39ba/hdl/axi_data_fifo_v2_1_vl_rfs.v:698]
INFO: [Synth 8-638] synthesizing module 'axi_data_fifo_v2_1_10_ndeep_srl' [c:/Users/konto/Documents/embeded/lab2/lab2_simple_arm/lab2_simple_arm.srcs/sources_1/bd/arm/ipshared/39ba/hdl/axi_data_fifo_v2_1_vl_rfs.v:1134]
INFO: [Synth 8-638] synthesizing module 'SRLC32E' [C:/Xilinx2/Vivado/2016.4/scripts/rt/data/unisim_comp.v:43478]
INFO: [Synth 8-256] done synthesizing module 'SRLC32E' (4#1) [C:/Xilinx2/Vivado/2016.4/scripts/rt/data/unisim_comp.v:43478]
INFO: [Synth 8-256] done synthesizing module 'axi_data_fifo_v2_1_10_ndeep_srl' (5#1) [c:/Users/konto/Documents/embeded/lab2/lab2_simple_arm/lab2_simple_arm.srcs/sources_1/bd/arm/ipshared/39ba/hdl/axi_data_fifo_v2_1_vl_rfs.v:1134]
INFO: [Synth 8-256] done synthesizing module 'axi_data_fifo_v2_1_10_axic_srl_fifo' (6#1) [c:/Users/konto/Documents/embeded/lab2/lab2_simple_arm/lab2_simple_arm.srcs/sources_1/bd/arm/ipshared/39ba/hdl/axi_data_fifo_v2_1_vl_rfs.v:698]
INFO: [Synth 8-638] synthesizing module 'generic_baseblocks_v2_1_0_mux_enc' [c:/Users/konto/Documents/embeded/lab2/lab2_simple_arm/lab2_simple_arm.srcs/sources_1/bd/arm/ipshared/7ee0/hdl/generic_baseblocks_v2_1_vl_rfs.v:2452]
INFO: [Synth 8-256] done synthesizing module 'generic_baseblocks_v2_1_0_mux_enc' (7#1) [c:/Users/konto/Documents/embeded/lab2/lab2_simple_arm/lab2_simple_arm.srcs/sources_1/bd/arm/ipshared/7ee0/hdl/generic_baseblocks_v2_1_vl_rfs.v:2452]
INFO: [Synth 8-256] done synthesizing module 'axi_crossbar_v2_1_12_si_transactor' (8#1) [c:/Users/konto/Documents/embeded/lab2/lab2_simple_arm/lab2_simple_arm.srcs/sources_1/bd/arm/ipshared/896d/hdl/axi_crossbar_v2_1_vl_rfs.v:3798]
INFO: [Synth 8-638] synthesizing module 'axi_crossbar_v2_1_12_si_transactor__parameterized0' [c:/Users/konto/Documents/embeded/lab2/lab2_simple_arm/lab2_simple_arm.srcs/sources_1/bd/arm/ipshared/896d/hdl/axi_crossbar_v2_1_vl_rfs.v:3798]
INFO: [Synth 8-638] synthesizing module 'generic_baseblocks_v2_1_0_mux_enc__parameterized0' [c:/Users/konto/Documents/embeded/lab2/lab2_simple_arm/lab2_simple_arm.srcs/sources_1/bd/arm/ipshared/7ee0/hdl/generic_baseblocks_v2_1_vl_rfs.v:2452]
INFO: [Synth 8-256] done synthesizing module 'generic_baseblocks_v2_1_0_mux_enc__parameterized0' (8#1) [c:/Users/konto/Documents/embeded/lab2/lab2_simple_arm/lab2_simple_arm.srcs/sources_1/bd/arm/ipshared/7ee0/hdl/generic_baseblocks_v2_1_vl_rfs.v:2452]
INFO: [Synth 8-256] done synthesizing module 'axi_crossbar_v2_1_12_si_transactor__parameterized0' (8#1) [c:/Users/konto/Documents/embeded/lab2/lab2_simple_arm/lab2_simple_arm.srcs/sources_1/bd/arm/ipshared/896d/hdl/axi_crossbar_v2_1_vl_rfs.v:3798]
INFO: [Synth 8-638] synthesizing module 'axi_crossbar_v2_1_12_splitter' [c:/Users/konto/Documents/embeded/lab2/lab2_simple_arm/lab2_simple_arm.srcs/sources_1/bd/arm/ipshared/896d/hdl/axi_crossbar_v2_1_vl_rfs.v:4459]
INFO: [Synth 8-256] done synthesizing module 'axi_crossbar_v2_1_12_splitter' (9#1) [c:/Users/konto/Documents/embeded/lab2/lab2_simple_arm/lab2_simple_arm.srcs/sources_1/bd/arm/ipshared/896d/hdl/axi_crossbar_v2_1_vl_rfs.v:4459]
INFO: [Synth 8-638] synthesizing module 'axi_crossbar_v2_1_12_wdata_router' [c:/Users/konto/Documents/embeded/lab2/lab2_simple_arm/lab2_simple_arm.srcs/sources_1/bd/arm/ipshared/896d/hdl/axi_crossbar_v2_1_vl_rfs.v:4734]
INFO: [Synth 8-638] synthesizing module 'axi_data_fifo_v2_1_10_axic_reg_srl_fifo' [c:/Users/konto/Documents/embeded/lab2/lab2_simple_arm/lab2_simple_arm.srcs/sources_1/bd/arm/ipshared/39ba/hdl/axi_data_fifo_v2_1_vl_rfs.v:889]
INFO: [Synth 8-638] synthesizing module 'axi_data_fifo_v2_1_10_ndeep_srl__parameterized0' [c:/Users/konto/Documents/embeded/lab2/lab2_simple_arm/lab2_simple_arm.srcs/sources_1/bd/arm/ipshared/39ba/hdl/axi_data_fifo_v2_1_vl_rfs.v:1134]
INFO: [Synth 8-256] done synthesizing module 'axi_data_fifo_v2_1_10_ndeep_srl__parameterized0' (9#1) [c:/Users/konto/Documents/embeded/lab2/lab2_simple_arm/lab2_simple_arm.srcs/sources_1/bd/arm/ipshared/39ba/hdl/axi_data_fifo_v2_1_vl_rfs.v:1134]
INFO: [Synth 8-256] done synthesizing module 'axi_data_fifo_v2_1_10_axic_reg_srl_fifo' (10#1) [c:/Users/konto/Documents/embeded/lab2/lab2_simple_arm/lab2_simple_arm.srcs/sources_1/bd/arm/ipshared/39ba/hdl/axi_data_fifo_v2_1_vl_rfs.v:889]
INFO: [Synth 8-256] done synthesizing module 'axi_crossbar_v2_1_12_wdata_router' (11#1) [c:/Users/konto/Documents/embeded/lab2/lab2_simple_arm/lab2_simple_arm.srcs/sources_1/bd/arm/ipshared/896d/hdl/axi_crossbar_v2_1_vl_rfs.v:4734]
INFO: [Synth 8-638] synthesizing module 'axi_crossbar_v2_1_12_si_transactor__parameterized1' [c:/Users/konto/Documents/embeded/lab2/lab2_simple_arm/lab2_simple_arm.srcs/sources_1/bd/arm/ipshared/896d/hdl/axi_crossbar_v2_1_vl_rfs.v:3798]
INFO: [Synth 8-256] done synthesizing module 'axi_crossbar_v2_1_12_si_transactor__parameterized1' (11#1) [c:/Users/konto/Documents/embeded/lab2/lab2_simple_arm/lab2_simple_arm.srcs/sources_1/bd/arm/ipshared/896d/hdl/axi_crossbar_v2_1_vl_rfs.v:3798]
INFO: [Synth 8-638] synthesizing module 'axi_crossbar_v2_1_12_si_transactor__parameterized2' [c:/Users/konto/Documents/embeded/lab2/lab2_simple_arm/lab2_simple_arm.srcs/sources_1/bd/arm/ipshared/896d/hdl/axi_crossbar_v2_1_vl_rfs.v:3798]
INFO: [Synth 8-638] synthesizing module 'generic_baseblocks_v2_1_0_mux_enc__parameterized1' [c:/Users/konto/Documents/embeded/lab2/lab2_simple_arm/lab2_simple_arm.srcs/sources_1/bd/arm/ipshared/7ee0/hdl/generic_baseblocks_v2_1_vl_rfs.v:2452]
INFO: [Synth 8-256] done synthesizing module 'generic_baseblocks_v2_1_0_mux_enc__parameterized1' (11#1) [c:/Users/konto/Documents/embeded/lab2/lab2_simple_arm/lab2_simple_arm.srcs/sources_1/bd/arm/ipshared/7ee0/hdl/generic_baseblocks_v2_1_vl_rfs.v:2452]
INFO: [Synth 8-256] done synthesizing module 'axi_crossbar_v2_1_12_si_transactor__parameterized2' (11#1) [c:/Users/konto/Documents/embeded/lab2/lab2_simple_arm/lab2_simple_arm.srcs/sources_1/bd/arm/ipshared/896d/hdl/axi_crossbar_v2_1_vl_rfs.v:3798]
INFO: [Synth 8-638] synthesizing module 'axi_crossbar_v2_1_12_addr_decoder__parameterized0' [c:/Users/konto/Documents/embeded/lab2/lab2_simple_arm/lab2_simple_arm.srcs/sources_1/bd/arm/ipshared/896d/hdl/axi_crossbar_v2_1_vl_rfs.v:794]
INFO: [Synth 8-256] done synthesizing module 'axi_crossbar_v2_1_12_addr_decoder__parameterized0' (11#1) [c:/Users/konto/Documents/embeded/lab2/lab2_simple_arm/lab2_simple_arm.srcs/sources_1/bd/arm/ipshared/896d/hdl/axi_crossbar_v2_1_vl_rfs.v:794]
INFO: [Synth 8-638] synthesizing module 'axi_crossbar_v2_1_12_addr_decoder__parameterized1' [c:/Users/konto/Documents/embeded/lab2/lab2_simple_arm/lab2_simple_arm.srcs/sources_1/bd/arm/ipshared/896d/hdl/axi_crossbar_v2_1_vl_rfs.v:794]
INFO: [Synth 8-256] done synthesizing module 'axi_crossbar_v2_1_12_addr_decoder__parameterized1' (11#1) [c:/Users/konto/Documents/embeded/lab2/lab2_simple_arm/lab2_simple_arm.srcs/sources_1/bd/arm/ipshared/896d/hdl/axi_crossbar_v2_1_vl_rfs.v:794]
INFO: [Synth 8-638] synthesizing module 'axi_data_fifo_v2_1_10_axic_srl_fifo__parameterized0' [c:/Users/konto/Documents/embeded/lab2/lab2_simple_arm/lab2_simple_arm.srcs/sources_1/bd/arm/ipshared/39ba/hdl/axi_data_fifo_v2_1_vl_rfs.v:698]
INFO: [Synth 8-638] synthesizing module 'axi_data_fifo_v2_1_10_ndeep_srl__parameterized1' [c:/Users/konto/Documents/embeded/lab2/lab2_simple_arm/lab2_simple_arm.srcs/sources_1/bd/arm/ipshared/39ba/hdl/axi_data_fifo_v2_1_vl_rfs.v:1134]
INFO: [Synth 8-256] done synthesizing module 'axi_data_fifo_v2_1_10_ndeep_srl__parameterized1' (11#1) [c:/Users/konto/Documents/embeded/lab2/lab2_simple_arm/lab2_simple_arm.srcs/sources_1/bd/arm/ipshared/39ba/hdl/axi_data_fifo_v2_1_vl_rfs.v:1134]
INFO: [Synth 8-638] synthesizing module 'axi_data_fifo_v2_1_10_ndeep_srl__parameterized2' [c:/Users/konto/Documents/embeded/lab2/lab2_simple_arm/lab2_simple_arm.srcs/sources_1/bd/arm/ipshared/39ba/hdl/axi_data_fifo_v2_1_vl_rfs.v:1134]
INFO: [Synth 8-256] done synthesizing module 'axi_data_fifo_v2_1_10_ndeep_srl__parameterized2' (11#1) [c:/Users/konto/Documents/embeded/lab2/lab2_simple_arm/lab2_simple_arm.srcs/sources_1/bd/arm/ipshared/39ba/hdl/axi_data_fifo_v2_1_vl_rfs.v:1134]
INFO: [Synth 8-638] synthesizing module 'axi_data_fifo_v2_1_10_ndeep_srl__parameterized3' [c:/Users/konto/Documents/embeded/lab2/lab2_simple_arm/lab2_simple_arm.srcs/sources_1/bd/arm/ipshared/39ba/hdl/axi_data_fifo_v2_1_vl_rfs.v:1134]
INFO: [Synth 8-256] done synthesizing module 'axi_data_fifo_v2_1_10_ndeep_srl__parameterized3' (11#1) [c:/Users/konto/Documents/embeded/lab2/lab2_simple_arm/lab2_simple_arm.srcs/sources_1/bd/arm/ipshared/39ba/hdl/axi_data_fifo_v2_1_vl_rfs.v:1134]
INFO: [Synth 8-638] synthesizing module 'axi_data_fifo_v2_1_10_ndeep_srl__parameterized4' [c:/Users/konto/Documents/embeded/lab2/lab2_simple_arm/lab2_simple_arm.srcs/sources_1/bd/arm/ipshared/39ba/hdl/axi_data_fifo_v2_1_vl_rfs.v:1134]
INFO: [Synth 8-256] done synthesizing module 'axi_data_fifo_v2_1_10_ndeep_srl__parameterized4' (11#1) [c:/Users/konto/Documents/embeded/lab2/lab2_simple_arm/lab2_simple_arm.srcs/sources_1/bd/arm/ipshared/39ba/hdl/axi_data_fifo_v2_1_vl_rfs.v:1134]
INFO: [Synth 8-638] synthesizing module 'axi_data_fifo_v2_1_10_ndeep_srl__parameterized5' [c:/Users/konto/Documents/embeded/lab2/lab2_simple_arm/lab2_simple_arm.srcs/sources_1/bd/arm/ipshared/39ba/hdl/axi_data_fifo_v2_1_vl_rfs.v:1134]
INFO: [Synth 8-256] done synthesizing module 'axi_data_fifo_v2_1_10_ndeep_srl__parameterized5' (11#1) [c:/Users/konto/Documents/embeded/lab2/lab2_simple_arm/lab2_simple_arm.srcs/sources_1/bd/arm/ipshared/39ba/hdl/axi_data_fifo_v2_1_vl_rfs.v:1134]
INFO: [Synth 8-638] synthesizing module 'axi_data_fifo_v2_1_10_ndeep_srl__parameterized6' [c:/Users/konto/Documents/embeded/lab2/lab2_simple_arm/lab2_simple_arm.srcs/sources_1/bd/arm/ipshared/39ba/hdl/axi_data_fifo_v2_1_vl_rfs.v:1134]
INFO: [Synth 8-256] done synthesizing module 'axi_data_fifo_v2_1_10_ndeep_srl__parameterized6' (11#1) [c:/Users/konto/Documents/embeded/lab2/lab2_simple_arm/lab2_simple_arm.srcs/sources_1/bd/arm/ipshared/39ba/hdl/axi_data_fifo_v2_1_vl_rfs.v:1134]
INFO: [Synth 8-638] synthesizing module 'axi_data_fifo_v2_1_10_ndeep_srl__parameterized7' [c:/Users/konto/Documents/embeded/lab2/lab2_simple_arm/lab2_simple_arm.srcs/sources_1/bd/arm/ipshared/39ba/hdl/axi_data_fifo_v2_1_vl_rfs.v:1134]
INFO: [Synth 8-256] done synthesizing module 'axi_data_fifo_v2_1_10_ndeep_srl__parameterized7' (11#1) [c:/Users/konto/Documents/embeded/lab2/lab2_simple_arm/lab2_simple_arm.srcs/sources_1/bd/arm/ipshared/39ba/hdl/axi_data_fifo_v2_1_vl_rfs.v:1134]
INFO: [Synth 8-638] synthesizing module 'axi_data_fifo_v2_1_10_ndeep_srl__parameterized8' [c:/Users/konto/Documents/embeded/lab2/lab2_simple_arm/lab2_simple_arm.srcs/sources_1/bd/arm/ipshared/39ba/hdl/axi_data_fifo_v2_1_vl_rfs.v:1134]
INFO: [Synth 8-256] done synthesizing module 'axi_data_fifo_v2_1_10_ndeep_srl__parameterized8' (11#1) [c:/Users/konto/Documents/embeded/lab2/lab2_simple_arm/lab2_simple_arm.srcs/sources_1/bd/arm/ipshared/39ba/hdl/axi_data_fifo_v2_1_vl_rfs.v:1134]
INFO: [Synth 8-256] done synthesizing module 'axi_data_fifo_v2_1_10_axic_srl_fifo__parameterized0' (11#1) [c:/Users/konto/Documents/embeded/lab2/lab2_simple_arm/lab2_simple_arm.srcs/sources_1/bd/arm/ipshared/39ba/hdl/axi_data_fifo_v2_1_vl_rfs.v:698]
INFO: [Synth 8-638] synthesizing module 'axi_crossbar_v2_1_12_wdata_mux' [c:/Users/konto/Documents/embeded/lab2/lab2_simple_arm/lab2_simple_arm.srcs/sources_1/bd/arm/ipshared/896d/hdl/axi_crossbar_v2_1_vl_rfs.v:4559]
INFO: [Synth 8-638] synthesizing module 'axi_data_fifo_v2_1_10_axic_reg_srl_fifo__parameterized0' [c:/Users/konto/Documents/embeded/lab2/lab2_simple_arm/lab2_simple_arm.srcs/sources_1/bd/arm/ipshared/39ba/hdl/axi_data_fifo_v2_1_vl_rfs.v:889]
INFO: [Synth 8-638] synthesizing module 'axi_data_fifo_v2_1_10_ndeep_srl__parameterized9' [c:/Users/konto/Documents/embeded/lab2/lab2_simple_arm/lab2_simple_arm.srcs/sources_1/bd/arm/ipshared/39ba/hdl/axi_data_fifo_v2_1_vl_rfs.v:1134]
INFO: [Synth 8-256] done synthesizing module 'axi_data_fifo_v2_1_10_ndeep_srl__parameterized9' (11#1) [c:/Users/konto/Documents/embeded/lab2/lab2_simple_arm/lab2_simple_arm.srcs/sources_1/bd/arm/ipshared/39ba/hdl/axi_data_fifo_v2_1_vl_rfs.v:1134]
INFO: [Synth 8-256] done synthesizing module 'axi_data_fifo_v2_1_10_axic_reg_srl_fifo__parameterized0' (11#1) [c:/Users/konto/Documents/embeded/lab2/lab2_simple_arm/lab2_simple_arm.srcs/sources_1/bd/arm/ipshared/39ba/hdl/axi_data_fifo_v2_1_vl_rfs.v:889]
INFO: [Synth 8-638] synthesizing module 'generic_baseblocks_v2_1_0_mux_enc__parameterized2' [c:/Users/konto/Documents/embeded/lab2/lab2_simple_arm/lab2_simple_arm.srcs/sources_1/bd/arm/ipshared/7ee0/hdl/generic_baseblocks_v2_1_vl_rfs.v:2452]
INFO: [Synth 8-256] done synthesizing module 'generic_baseblocks_v2_1_0_mux_enc__parameterized2' (11#1) [c:/Users/konto/Documents/embeded/lab2/lab2_simple_arm/lab2_simple_arm.srcs/sources_1/bd/arm/ipshared/7ee0/hdl/generic_baseblocks_v2_1_vl_rfs.v:2452]
INFO: [Synth 8-256] done synthesizing module 'axi_crossbar_v2_1_12_wdata_mux' (12#1) [c:/Users/konto/Documents/embeded/lab2/lab2_simple_arm/lab2_simple_arm.srcs/sources_1/bd/arm/ipshared/896d/hdl/axi_crossbar_v2_1_vl_rfs.v:4559]
INFO: [Synth 8-638] synthesizing module 'axi_register_slice_v2_1_11_axi_register_slice' [c:/Users/konto/Documents/embeded/lab2/lab2_simple_arm/lab2_simple_arm.srcs/sources_1/bd/arm/ipshared/0b6b/hdl/axi_register_slice_v2_1_vl_rfs.v:791]
INFO: [Synth 8-638] synthesizing module 'axi_infrastructure_v1_1_0_axi2vector' [c:/Users/konto/Documents/embeded/lab2/lab2_simple_arm/lab2_simple_arm.srcs/sources_1/bd/arm/ipshared/7e3a/hdl/axi_infrastructure_v1_1_vl_rfs.v:60]
INFO: [Synth 8-256] done synthesizing module 'axi_infrastructure_v1_1_0_axi2vector' (13#1) [c:/Users/konto/Documents/embeded/lab2/lab2_simple_arm/lab2_simple_arm.srcs/sources_1/bd/arm/ipshared/7e3a/hdl/axi_infrastructure_v1_1_vl_rfs.v:60]
INFO: [Synth 8-638] synthesizing module 'axi_register_slice_v2_1_11_axic_register_slice' [c:/Users/konto/Documents/embeded/lab2/lab2_simple_arm/lab2_simple_arm.srcs/sources_1/bd/arm/ipshared/0b6b/hdl/axi_register_slice_v2_1_vl_rfs.v:85]
INFO: [Synth 8-256] done synthesizing module 'axi_register_slice_v2_1_11_axic_register_slice' (14#1) [c:/Users/konto/Documents/embeded/lab2/lab2_simple_arm/lab2_simple_arm.srcs/sources_1/bd/arm/ipshared/0b6b/hdl/axi_register_slice_v2_1_vl_rfs.v:85]
INFO: [Synth 8-638] synthesizing module 'axi_register_slice_v2_1_11_axic_register_slice__parameterized0' [c:/Users/konto/Documents/embeded/lab2/lab2_simple_arm/lab2_simple_arm.srcs/sources_1/bd/arm/ipshared/0b6b/hdl/axi_register_slice_v2_1_vl_rfs.v:85]
INFO: [Synth 8-256] done synthesizing module 'axi_register_slice_v2_1_11_axic_register_slice__parameterized0' (14#1) [c:/Users/konto/Documents/embeded/lab2/lab2_simple_arm/lab2_simple_arm.srcs/sources_1/bd/arm/ipshared/0b6b/hdl/axi_register_slice_v2_1_vl_rfs.v:85]
INFO: [Synth 8-638] synthesizing module 'axi_register_slice_v2_1_11_axic_register_slice__parameterized1' [c:/Users/konto/Documents/embeded/lab2/lab2_simple_arm/lab2_simple_arm.srcs/sources_1/bd/arm/ipshared/0b6b/hdl/axi_register_slice_v2_1_vl_rfs.v:85]
INFO: [Synth 8-256] done synthesizing module 'axi_register_slice_v2_1_11_axic_register_slice__parameterized1' (14#1) [c:/Users/konto/Documents/embeded/lab2/lab2_simple_arm/lab2_simple_arm.srcs/sources_1/bd/arm/ipshared/0b6b/hdl/axi_register_slice_v2_1_vl_rfs.v:85]
INFO: [Synth 8-638] synthesizing module 'axi_register_slice_v2_1_11_axic_register_slice__parameterized2' [c:/Users/konto/Documents/embeded/lab2/lab2_simple_arm/lab2_simple_arm.srcs/sources_1/bd/arm/ipshared/0b6b/hdl/axi_register_slice_v2_1_vl_rfs.v:85]
INFO: [Synth 8-256] done synthesizing module 'axi_register_slice_v2_1_11_axic_register_slice__parameterized2' (14#1) [c:/Users/konto/Documents/embeded/lab2/lab2_simple_arm/lab2_simple_arm.srcs/sources_1/bd/arm/ipshared/0b6b/hdl/axi_register_slice_v2_1_vl_rfs.v:85]
INFO: [Synth 8-638] synthesizing module 'axi_infrastructure_v1_1_0_vector2axi' [c:/Users/konto/Documents/embeded/lab2/lab2_simple_arm/lab2_simple_arm.srcs/sources_1/bd/arm/ipshared/7e3a/hdl/axi_infrastructure_v1_1_vl_rfs.v:474]
INFO: [Synth 8-256] done synthesizing module 'axi_infrastructure_v1_1_0_vector2axi' (15#1) [c:/Users/konto/Documents/embeded/lab2/lab2_simple_arm/lab2_simple_arm.srcs/sources_1/bd/arm/ipshared/7e3a/hdl/axi_infrastructure_v1_1_vl_rfs.v:474]
INFO: [Synth 8-256] done synthesizing module 'axi_register_slice_v2_1_11_axi_register_slice' (16#1) [c:/Users/konto/Documents/embeded/lab2/lab2_simple_arm/lab2_simple_arm.srcs/sources_1/bd/arm/ipshared/0b6b/hdl/axi_register_slice_v2_1_vl_rfs.v:791]
INFO: [Synth 8-638] synthesizing module 'axi_crossbar_v2_1_12_addr_decoder__parameterized2' [c:/Users/konto/Documents/embeded/lab2/lab2_simple_arm/lab2_simple_arm.srcs/sources_1/bd/arm/ipshared/896d/hdl/axi_crossbar_v2_1_vl_rfs.v:794]
INFO: [Synth 8-256] done synthesizing module 'axi_crossbar_v2_1_12_addr_decoder__parameterized2' (16#1) [c:/Users/konto/Documents/embeded/lab2/lab2_simple_arm/lab2_simple_arm.srcs/sources_1/bd/arm/ipshared/896d/hdl/axi_crossbar_v2_1_vl_rfs.v:794]
INFO: [Synth 8-638] synthesizing module 'axi_crossbar_v2_1_12_addr_decoder__parameterized3' [c:/Users/konto/Documents/embeded/lab2/lab2_simple_arm/lab2_simple_arm.srcs/sources_1/bd/arm/ipshared/896d/hdl/axi_crossbar_v2_1_vl_rfs.v:794]
INFO: [Synth 8-256] done synthesizing module 'axi_crossbar_v2_1_12_addr_decoder__parameterized3' (16#1) [c:/Users/konto/Documents/embeded/lab2/lab2_simple_arm/lab2_simple_arm.srcs/sources_1/bd/arm/ipshared/896d/hdl/axi_crossbar_v2_1_vl_rfs.v:794]
INFO: [Synth 8-638] synthesizing module 'axi_data_fifo_v2_1_10_axic_srl_fifo__parameterized1' [c:/Users/konto/Documents/embeded/lab2/lab2_simple_arm/lab2_simple_arm.srcs/sources_1/bd/arm/ipshared/39ba/hdl/axi_data_fifo_v2_1_vl_rfs.v:698]
INFO: [Synth 8-638] synthesizing module 'axi_data_fifo_v2_1_10_ndeep_srl__parameterized10' [c:/Users/konto/Documents/embeded/lab2/lab2_simple_arm/lab2_simple_arm.srcs/sources_1/bd/arm/ipshared/39ba/hdl/axi_data_fifo_v2_1_vl_rfs.v:1134]
INFO: [Synth 8-256] done synthesizing module 'axi_data_fifo_v2_1_10_ndeep_srl__parameterized10' (16#1) [c:/Users/konto/Documents/embeded/lab2/lab2_simple_arm/lab2_simple_arm.srcs/sources_1/bd/arm/ipshared/39ba/hdl/axi_data_fifo_v2_1_vl_rfs.v:1134]
INFO: [Synth 8-638] synthesizing module 'axi_data_fifo_v2_1_10_ndeep_srl__parameterized11' [c:/Users/konto/Documents/embeded/lab2/lab2_simple_arm/lab2_simple_arm.srcs/sources_1/bd/arm/ipshared/39ba/hdl/axi_data_fifo_v2_1_vl_rfs.v:1134]
INFO: [Synth 8-256] done synthesizing module 'axi_data_fifo_v2_1_10_ndeep_srl__parameterized11' (16#1) [c:/Users/konto/Documents/embeded/lab2/lab2_simple_arm/lab2_simple_arm.srcs/sources_1/bd/arm/ipshared/39ba/hdl/axi_data_fifo_v2_1_vl_rfs.v:1134]
INFO: [Synth 8-638] synthesizing module 'axi_data_fifo_v2_1_10_ndeep_srl__parameterized12' [c:/Users/konto/Documents/embeded/lab2/lab2_simple_arm/lab2_simple_arm.srcs/sources_1/bd/arm/ipshared/39ba/hdl/axi_data_fifo_v2_1_vl_rfs.v:1134]
INFO: [Synth 8-256] done synthesizing module 'axi_data_fifo_v2_1_10_ndeep_srl__parameterized12' (16#1) [c:/Users/konto/Documents/embeded/lab2/lab2_simple_arm/lab2_simple_arm.srcs/sources_1/bd/arm/ipshared/39ba/hdl/axi_data_fifo_v2_1_vl_rfs.v:1134]
INFO: [Synth 8-638] synthesizing module 'axi_data_fifo_v2_1_10_ndeep_srl__parameterized13' [c:/Users/konto/Documents/embeded/lab2/lab2_simple_arm/lab2_simple_arm.srcs/sources_1/bd/arm/ipshared/39ba/hdl/axi_data_fifo_v2_1_vl_rfs.v:1134]
INFO: [Synth 8-256] done synthesizing module 'axi_data_fifo_v2_1_10_ndeep_srl__parameterized13' (16#1) [c:/Users/konto/Documents/embeded/lab2/lab2_simple_arm/lab2_simple_arm.srcs/sources_1/bd/arm/ipshared/39ba/hdl/axi_data_fifo_v2_1_vl_rfs.v:1134]
INFO: [Synth 8-638] synthesizing module 'axi_data_fifo_v2_1_10_ndeep_srl__parameterized14' [c:/Users/konto/Documents/embeded/lab2/lab2_simple_arm/lab2_simple_arm.srcs/sources_1/bd/arm/ipshared/39ba/hdl/axi_data_fifo_v2_1_vl_rfs.v:1134]
INFO: [Synth 8-256] done synthesizing module 'axi_data_fifo_v2_1_10_ndeep_srl__parameterized14' (16#1) [c:/Users/konto/Documents/embeded/lab2/lab2_simple_arm/lab2_simple_arm.srcs/sources_1/bd/arm/ipshared/39ba/hdl/axi_data_fifo_v2_1_vl_rfs.v:1134]
INFO: [Synth 8-638] synthesizing module 'axi_data_fifo_v2_1_10_ndeep_srl__parameterized15' [c:/Users/konto/Documents/embeded/lab2/lab2_simple_arm/lab2_simple_arm.srcs/sources_1/bd/arm/ipshared/39ba/hdl/axi_data_fifo_v2_1_vl_rfs.v:1134]
INFO: [Synth 8-256] done synthesizing module 'axi_data_fifo_v2_1_10_ndeep_srl__parameterized15' (16#1) [c:/Users/konto/Documents/embeded/lab2/lab2_simple_arm/lab2_simple_arm.srcs/sources_1/bd/arm/ipshared/39ba/hdl/axi_data_fifo_v2_1_vl_rfs.v:1134]
INFO: [Synth 8-638] synthesizing module 'axi_data_fifo_v2_1_10_ndeep_srl__parameterized16' [c:/Users/konto/Documents/embeded/lab2/lab2_simple_arm/lab2_simple_arm.srcs/sources_1/bd/arm/ipshared/39ba/hdl/axi_data_fifo_v2_1_vl_rfs.v:1134]
INFO: [Synth 8-256] done synthesizing module 'axi_data_fifo_v2_1_10_ndeep_srl__parameterized16' (16#1) [c:/Users/konto/Documents/embeded/lab2/lab2_simple_arm/lab2_simple_arm.srcs/sources_1/bd/arm/ipshared/39ba/hdl/axi_data_fifo_v2_1_vl_rfs.v:1134]
INFO: [Synth 8-638] synthesizing module 'axi_data_fifo_v2_1_10_ndeep_srl__parameterized17' [c:/Users/konto/Documents/embeded/lab2/lab2_simple_arm/lab2_simple_arm.srcs/sources_1/bd/arm/ipshared/39ba/hdl/axi_data_fifo_v2_1_vl_rfs.v:1134]
INFO: [Synth 8-256] done synthesizing module 'axi_data_fifo_v2_1_10_ndeep_srl__parameterized17' (16#1) [c:/Users/konto/Documents/embeded/lab2/lab2_simple_arm/lab2_simple_arm.srcs/sources_1/bd/arm/ipshared/39ba/hdl/axi_data_fifo_v2_1_vl_rfs.v:1134]
INFO: [Synth 8-256] done synthesizing module 'axi_data_fifo_v2_1_10_axic_srl_fifo__parameterized1' (16#1) [c:/Users/konto/Documents/embeded/lab2/lab2_simple_arm/lab2_simple_arm.srcs/sources_1/bd/arm/ipshared/39ba/hdl/axi_data_fifo_v2_1_vl_rfs.v:698]
INFO: [Synth 8-638] synthesizing module 'axi_crossbar_v2_1_12_wdata_mux__parameterized0' [c:/Users/konto/Documents/embeded/lab2/lab2_simple_arm/lab2_simple_arm.srcs/sources_1/bd/arm/ipshared/896d/hdl/axi_crossbar_v2_1_vl_rfs.v:4559]
INFO: [Synth 8-638] synthesizing module 'axi_data_fifo_v2_1_10_axic_reg_srl_fifo__parameterized1' [c:/Users/konto/Documents/embeded/lab2/lab2_simple_arm/lab2_simple_arm.srcs/sources_1/bd/arm/ipshared/39ba/hdl/axi_data_fifo_v2_1_vl_rfs.v:889]
INFO: [Synth 8-638] synthesizing module 'axi_data_fifo_v2_1_10_ndeep_srl__parameterized18' [c:/Users/konto/Documents/embeded/lab2/lab2_simple_arm/lab2_simple_arm.srcs/sources_1/bd/arm/ipshared/39ba/hdl/axi_data_fifo_v2_1_vl_rfs.v:1134]
INFO: [Synth 8-256] done synthesizing module 'axi_data_fifo_v2_1_10_ndeep_srl__parameterized18' (16#1) [c:/Users/konto/Documents/embeded/lab2/lab2_simple_arm/lab2_simple_arm.srcs/sources_1/bd/arm/ipshared/39ba/hdl/axi_data_fifo_v2_1_vl_rfs.v:1134]
INFO: [Synth 8-256] done synthesizing module 'axi_data_fifo_v2_1_10_axic_reg_srl_fifo__parameterized1' (16#1) [c:/Users/konto/Documents/embeded/lab2/lab2_simple_arm/lab2_simple_arm.srcs/sources_1/bd/arm/ipshared/39ba/hdl/axi_data_fifo_v2_1_vl_rfs.v:889]
INFO: [Synth 8-638] synthesizing module 'generic_baseblocks_v2_1_0_mux_enc__parameterized3' [c:/Users/konto/Documents/embeded/lab2/lab2_simple_arm/lab2_simple_arm.srcs/sources_1/bd/arm/ipshared/7ee0/hdl/generic_baseblocks_v2_1_vl_rfs.v:2452]
INFO: [Synth 8-256] done synthesizing module 'generic_baseblocks_v2_1_0_mux_enc__parameterized3' (16#1) [c:/Users/konto/Documents/embeded/lab2/lab2_simple_arm/lab2_simple_arm.srcs/sources_1/bd/arm/ipshared/7ee0/hdl/generic_baseblocks_v2_1_vl_rfs.v:2452]
INFO: [Synth 8-256] done synthesizing module 'axi_crossbar_v2_1_12_wdata_mux__parameterized0' (16#1) [c:/Users/konto/Documents/embeded/lab2/lab2_simple_arm/lab2_simple_arm.srcs/sources_1/bd/arm/ipshared/896d/hdl/axi_crossbar_v2_1_vl_rfs.v:4559]
INFO: [Synth 8-638] synthesizing module 'axi_crossbar_v2_1_12_decerr_slave' [c:/Users/konto/Documents/embeded/lab2/lab2_simple_arm/lab2_simple_arm.srcs/sources_1/bd/arm/ipshared/896d/hdl/axi_crossbar_v2_1_vl_rfs.v:3500]
INFO: [Synth 8-256] done synthesizing module 'axi_crossbar_v2_1_12_decerr_slave' (17#1) [c:/Users/konto/Documents/embeded/lab2/lab2_simple_arm/lab2_simple_arm.srcs/sources_1/bd/arm/ipshared/896d/hdl/axi_crossbar_v2_1_vl_rfs.v:3500]
INFO: [Synth 8-638] synthesizing module 'axi_crossbar_v2_1_12_addr_arbiter' [c:/Users/konto/Documents/embeded/lab2/lab2_simple_arm/lab2_simple_arm.srcs/sources_1/bd/arm/ipshared/896d/hdl/axi_crossbar_v2_1_vl_rfs.v:423]
INFO: [Synth 8-638] synthesizing module 'generic_baseblocks_v2_1_0_mux_enc__parameterized4' [c:/Users/konto/Documents/embeded/lab2/lab2_simple_arm/lab2_simple_arm.srcs/sources_1/bd/arm/ipshared/7ee0/hdl/generic_baseblocks_v2_1_vl_rfs.v:2452]
INFO: [Synth 8-256] done synthesizing module 'generic_baseblocks_v2_1_0_mux_enc__parameterized4' (17#1) [c:/Users/konto/Documents/embeded/lab2/lab2_simple_arm/lab2_simple_arm.srcs/sources_1/bd/arm/ipshared/7ee0/hdl/generic_baseblocks_v2_1_vl_rfs.v:2452]
INFO: [Synth 8-638] synthesizing module 'generic_baseblocks_v2_1_0_mux_enc__parameterized5' [c:/Users/konto/Documents/embeded/lab2/lab2_simple_arm/lab2_simple_arm.srcs/sources_1/bd/arm/ipshared/7ee0/hdl/generic_baseblocks_v2_1_vl_rfs.v:2452]
INFO: [Synth 8-256] done synthesizing module 'generic_baseblocks_v2_1_0_mux_enc__parameterized5' (17#1) [c:/Users/konto/Documents/embeded/lab2/lab2_simple_arm/lab2_simple_arm.srcs/sources_1/bd/arm/ipshared/7ee0/hdl/generic_baseblocks_v2_1_vl_rfs.v:2452]
INFO: [Synth 8-256] done synthesizing module 'axi_crossbar_v2_1_12_addr_arbiter' (18#1) [c:/Users/konto/Documents/embeded/lab2/lab2_simple_arm/lab2_simple_arm.srcs/sources_1/bd/arm/ipshared/896d/hdl/axi_crossbar_v2_1_vl_rfs.v:423]
INFO: [Synth 8-256] done synthesizing module 'axi_crossbar_v2_1_12_crossbar' (19#1) [c:/Users/konto/Documents/embeded/lab2/lab2_simple_arm/lab2_simple_arm.srcs/sources_1/bd/arm/ipshared/896d/hdl/axi_crossbar_v2_1_vl_rfs.v:2239]
INFO: [Synth 8-256] done synthesizing module 'axi_crossbar_v2_1_12_axi_crossbar' (20#1) [c:/Users/konto/Documents/embeded/lab2/lab2_simple_arm/lab2_simple_arm.srcs/sources_1/bd/arm/ipshared/896d/hdl/axi_crossbar_v2_1_vl_rfs.v:4882]
INFO: [Synth 8-256] done synthesizing module 'arm_xbar_1' (21#1) [c:/Users/konto/Documents/embeded/lab2/lab2_simple_arm/lab2_simple_arm.srcs/sources_1/bd/arm/ip/arm_xbar_1/synth/arm_xbar_1.v:59]
Finished RTL Elaboration : Time (s): cpu = 00:00:40 ; elapsed = 00:02:27 . Memory (MB): peak = 481.715 ; gain = 271.598
Finished RTL Optimization Phase 1 : Time (s): cpu = 00:00:40 ; elapsed = 00:02:36 . Memory (MB): peak = 481.715 ; gain = 271.598
INFO: [Device 21-403] Loading part xc7z020clg484-1
create_clock: Time (s): cpu = 00:00:01 ; elapsed = 00:00:10 . Memory (MB): peak = 729.617 ; gain = 7.129
Constraint Validation Runtime : Time (s): cpu = 00:00:00 ; elapsed = 00:00:02 . Memory (MB): peak = 729.617 ; gain = 0.000
Finished Constraint Validation : Time (s): cpu = 00:01:06 ; elapsed = 00:04:13 . Memory (MB): peak = 729.617 ; gain = 519.500
Finished Loading Part and Timing Information : Time (s): cpu = 00:01:06 ; elapsed = 00:04:13 . Memory (MB): peak = 729.617 ; gain = 519.500
Finished applying 'set_property' XDC Constraints : Time (s): cpu = 00:01:06 ; elapsed = 00:04:14 . Memory (MB): peak = 729.617 ; gain = 519.500
Finished RTL Optimization Phase 2 : Time (s): cpu = 00:01:09 ; elapsed = 00:04:20 . Memory (MB): peak = 729.617 ; gain = 519.500
Finished Cross Boundary and Area Optimization : Time (s): cpu = 00:01:15 ; elapsed = 00:04:32 . Memory (MB): peak = 729.617 ; gain = 519.500
Finished Applying XDC Timing Constraints : Time (s): cpu = 00:01:38 ; elapsed = 00:05:10 . Memory (MB): peak = 729.617 ; gain = 519.500
Finished Timing Optimization : Time (s): cpu = 00:01:43 ; elapsed = 00:05:18 . Memory (MB): peak = 757.586 ; gain = 547.469
Finished Technology Mapping : Time (s): cpu = 00:01:44 ; elapsed = 00:05:22 . Memory (MB): peak = 757.586 ; gain = 547.469
Finished IO Insertion : Time (s): cpu = 00:01:45 ; elapsed = 00:05:33 . Memory (MB): peak = 757.586 ; gain = 547.469
Finished Renaming Generated Instances : Time (s): cpu = 00:01:45 ; elapsed = 00:05:35 . Memory (MB): peak = 757.586 ; gain = 547.469
Finished Rebuilding User Hierarchy : Time (s): cpu = 00:01:46 ; elapsed = 00:05:37 . Memory (MB): peak = 757.586 ; gain = 547.469
Finished Renaming Generated Ports : Time (s): cpu = 00:01:46 ; elapsed = 00:05:37 . Memory (MB): peak = 757.586 ; gain = 547.469
Finished Handling Custom Attributes : Time (s): cpu = 00:01:46 ; elapsed = 00:05:39 . Memory (MB): peak = 757.586 ; gain = 547.469
Finished Renaming Generated Nets : Time (s): cpu = 00:01:46 ; elapsed = 00:05:39 . Memory (MB): peak = 757.586 ; gain = 547.469

Report Cell Usage: 
+------+--------+------+
|      |Cell    |Count |
+------+--------+------+
|1     |LUT1    |    15|
|2     |LUT2    |   151|
|3     |LUT3    |   300|
|4     |LUT4    |    54|
|5     |LUT5    |    56|
|6     |LUT6    |    98|
|7     |SRLC32E |     4|
|8     |FDRE    |   388|
|9     |FDSE    |    17|
+------+--------+------+
Finished Writing Synthesis Report : Time (s): cpu = 00:01:46 ; elapsed = 00:05:41 . Memory (MB): peak = 757.586 ; gain = 547.469
synth_design: Time (s): cpu = 00:01:36 ; elapsed = 00:07:02 . Memory (MB): peak = 762.797 ; gain = 488.504
write_checkpoint: Time (s): cpu = 00:00:00 ; elapsed = 00:00:05 . Memory (MB): peak = 762.797 ; gain = 0.000
