Copyright 1986-2016 Xilinx, Inc. All Rights Reserved.
-------------------------------------------------------------------------------------------------------------------------------------------------------
| Tool Version     : Vivado v.2016.4 (win64) Build 1756540 Mon Jan 23 19:11:23 MST 2017
| Date             : Wed Jun 14 15:50:44 2017
| Host             : chris running 64-bit major release  (build 9200)
| Command          : report_power -file arm_wrapper_power_routed.rpt -pb arm_wrapper_power_summary_routed.pb -rpx arm_wrapper_power_routed.rpx
| Design           : arm_wrapper
| Device           : xc7z020clg484-1
| Design State     : routed
| Grade            : commercial
| Process          : typical
| Characterization : Production
-------------------------------------------------------------------------------------------------------------------------------------------------------

Power Report

Table of Contents
-----------------
1. Summary
1.1 On-Chip Components
1.2 Power Supply Summary
1.3 Confidence Level
2. Settings
2.1 Environment
2.2 Clock Constraints
3. Detailed Reports
3.1 By Hierarchy

1. Summary
----------

+--------------------------+--------+
| Total On-Chip Power (W)  | 1.775  |
| Dynamic (W)              | 1.619  |
| Device Static (W)        | 0.156  |
| Effective TJA (C/W)      | 11.5   |
| Max Ambient (C)          | 64.5   |
| Junction Temperature (C) | 45.5   |
| Confidence Level         | Medium |
| Setting File             | ---    |
| Simulation Activity File | ---    |
| Design Nets Matched      | NA     |
+--------------------------+--------+


1.1 On-Chip Components
----------------------

+--------------------------+-----------+----------+-----------+-----------------+
| On-Chip                  | Power (W) | Used     | Available | Utilization (%) |
+--------------------------+-----------+----------+-----------+-----------------+
| Clocks                   |     0.021 |        3 |       --- |             --- |
| Slice Logic              |     0.031 |    12619 |       --- |             --- |
|   LUT as Logic           |     0.025 |     4395 |     53200 |            8.26 |
|   CARRY4                 |     0.004 |      617 |     13300 |            4.64 |
|   Register               |     0.002 |     5414 |    106400 |            5.09 |
|   LUT as Shift Register  |    <0.001 |      276 |     17400 |            1.59 |
|   F7/F8 Muxes            |    <0.001 |        4 |     53200 |           <0.01 |
|   LUT as Distributed RAM |    <0.001 |       10 |     17400 |            0.06 |
|   Others                 |     0.000 |     1125 |       --- |             --- |
| Signals                  |     0.029 |     9142 |       --- |             --- |
| Block RAM                |     0.002 |        1 |       140 |            0.71 |
| DSPs                     |     0.006 |        8 |       220 |            3.64 |
| PS7                      |     1.530 |        1 |       --- |             --- |
| Static Power             |     0.156 |          |           |                 |
| Total                    |     1.775 |          |           |                 |
+--------------------------+-----------+----------+-----------+-----------------+


1.2 Power Supply Summary
------------------------

+-----------+-------------+-----------+-------------+------------+
| Source    | Voltage (V) | Total (A) | Dynamic (A) | Static (A) |
+-----------+-------------+-----------+-------------+------------+
| Vccint    |       1.000 |     0.105 |       0.089 |      0.015 |
| Vccaux    |       1.800 |     0.021 |       0.000 |      0.021 |
| Vcco33    |       3.300 |     0.001 |       0.000 |      0.001 |
| Vcco25    |       2.500 |     0.000 |       0.000 |      0.000 |
| Vcco18    |       1.800 |     0.001 |       0.000 |      0.001 |
| Vcco15    |       1.500 |     0.001 |       0.000 |      0.001 |
| Vcco135   |       1.350 |     0.000 |       0.000 |      0.000 |
| Vcco12    |       1.200 |     0.000 |       0.000 |      0.000 |
| Vccaux_io |       1.800 |     0.000 |       0.000 |      0.000 |
| Vccbram   |       1.000 |     0.001 |       0.000 |      0.001 |
| MGTAVcc   |       1.000 |     0.000 |       0.000 |      0.000 |
| MGTAVtt   |       1.200 |     0.000 |       0.000 |      0.000 |
| MGTVccaux |       1.800 |     0.000 |       0.000 |      0.000 |
| Vccpint   |       1.000 |     0.756 |       0.725 |      0.031 |
| Vccpaux   |       1.800 |     0.061 |       0.050 |      0.010 |
| Vccpll    |       1.800 |     0.018 |       0.015 |      0.003 |
| Vcco_ddr  |       1.500 |     0.459 |       0.457 |      0.002 |
| Vcco_mio0 |       1.800 |     0.000 |       0.000 |      0.000 |
| Vcco_mio1 |       1.800 |     0.002 |       0.001 |      0.001 |
| Vccadc    |       1.800 |     0.020 |       0.000 |      0.020 |
+-----------+-------------+-----------+-------------+------------+


1.3 Confidence Level
--------------------

+-----------------------------+------------+------------------------------------------------+------------------------------------------------------------------------------------------------------------+
| User Input Data             | Confidence | Details                                        | Action                                                                                                     |
+-----------------------------+------------+------------------------------------------------+------------------------------------------------------------------------------------------------------------+
| Design implementation state | High       | Design is routed                               |                                                                                                            |
| Clock nodes activity        | High       | User specified more than 95% of clocks         |                                                                                                            |
| I/O nodes activity          | High       | User specified more than 95% of inputs         |                                                                                                            |
| Internal nodes activity     | Medium     | User specified less than 25% of internal nodes | Provide missing internal nodes activity with simulation results or by editing the "By Resource Type" views |
| Device models               | High       | Device models are Production                   |                                                                                                            |
|                             |            |                                                |                                                                                                            |
| Overall confidence level    | Medium     |                                                |                                                                                                            |
+-----------------------------+------------+------------------------------------------------+------------------------------------------------------------------------------------------------------------+


2. Settings
-----------

2.1 Environment
---------------

+-----------------------+------------------------+
| Ambient Temp (C)      | 25.0                   |
| ThetaJA (C/W)         | 11.5                   |
| Airflow (LFM)         | 250                    |
| Heat Sink             | none                   |
| ThetaSA (C/W)         | 0.0                    |
| Board Selection       | medium (10"x10")       |
| # of Board Layers     | 8to11 (8 to 11 Layers) |
| Board Temperature (C) | 25.0                   |
+-----------------------+------------------------+


2.2 Clock Constraints
---------------------

+------------+--------------------------------------------------------+-----------------+
| Clock      | Domain                                                 | Constraint (ns) |
+------------+--------------------------------------------------------+-----------------+
| clk_fpga_0 | arm_i/processing_system7_0/inst/FCLK_CLK_unbuffered[0] |            10.0 |
+------------+--------------------------------------------------------+-----------------+


3. Detailed Reports
-------------------

3.1 By Hierarchy
----------------

+----------------------------------------------------------------------------------------+-----------+
| Name                                                                                   | Power (W) |
+----------------------------------------------------------------------------------------+-----------+
| arm_wrapper                                                                            |     1.619 |
|   arm_i                                                                                |     1.619 |
|     axi_mem_intercon                                                                   |     0.008 |
|       m00_couplers                                                                     |     0.002 |
|         auto_pc                                                                        |     0.002 |
|           inst                                                                         |     0.002 |
|             gen_axi4_axi3.axi3_conv_inst                                               |     0.002 |
|               USE_READ.USE_SPLIT_R.read_addr_inst                                      |    <0.001 |
|                 USE_R_CHANNEL.cmd_queue                                                |    <0.001 |
|                   inst                                                                 |    <0.001 |
|                     fifo_gen_inst                                                      |    <0.001 |
|                       inst_fifo_gen                                                    |    <0.001 |
|                         gconvfifo.rf                                                   |    <0.001 |
|                           grf.rf                                                       |    <0.001 |
|                             gntv_or_sync_fifo.gl0.rd                                   |    <0.001 |
|                               gr1.gr1_int.rfwft                                        |    <0.001 |
|                               grss.rsts                                                |    <0.001 |
|                               rpntr                                                    |    <0.001 |
|                             gntv_or_sync_fifo.gl0.wr                                   |    <0.001 |
|                               gwss.wsts                                                |    <0.001 |
|                               wpntr                                                    |    <0.001 |
|                             gntv_or_sync_fifo.mem                                      |    <0.001 |
|                               gdm.dm_gen.dm                                            |    <0.001 |
|                                 RAM_reg_0_31_0_0                                       |    <0.001 |
|                             rstblk                                                     |    <0.001 |
|                               ngwrdrst.grst.g7serrst.gwrrd_rst_sync_stage[1].rrst_inst |    <0.001 |
|                               ngwrdrst.grst.g7serrst.gwrrd_rst_sync_stage[1].wrst_inst |    <0.001 |
|                               ngwrdrst.grst.g7serrst.gwrrd_rst_sync_stage[2].rrst_inst |    <0.001 |
|                               ngwrdrst.grst.g7serrst.gwrrd_rst_sync_stage[2].wrst_inst |    <0.001 |
|               USE_WRITE.USE_SPLIT_W.write_resp_inst                                    |    <0.001 |
|               USE_WRITE.write_addr_inst                                                |     0.001 |
|                 USE_BURSTS.cmd_queue                                                   |    <0.001 |
|                   inst                                                                 |    <0.001 |
|                     fifo_gen_inst                                                      |    <0.001 |
|                       inst_fifo_gen                                                    |    <0.001 |
|                         gconvfifo.rf                                                   |    <0.001 |
|                           grf.rf                                                       |    <0.001 |
|                             gntv_or_sync_fifo.gl0.rd                                   |    <0.001 |
|                               gr1.gr1_int.rfwft                                        |    <0.001 |
|                               grss.rsts                                                |    <0.001 |
|                               rpntr                                                    |    <0.001 |
|                             gntv_or_sync_fifo.gl0.wr                                   |    <0.001 |
|                               gwss.wsts                                                |    <0.001 |
|                               wpntr                                                    |    <0.001 |
|                             gntv_or_sync_fifo.mem                                      |    <0.001 |
|                               gdm.dm_gen.dm                                            |    <0.001 |
|                                 RAM_reg_0_31_0_4                                       |    <0.001 |
|                             rstblk                                                     |    <0.001 |
|                               ngwrdrst.grst.g7serrst.gwrrd_rst_sync_stage[1].rrst_inst |    <0.001 |
|                               ngwrdrst.grst.g7serrst.gwrrd_rst_sync_stage[1].wrst_inst |    <0.001 |
|                               ngwrdrst.grst.g7serrst.gwrrd_rst_sync_stage[2].rrst_inst |    <0.001 |
|                               ngwrdrst.grst.g7serrst.gwrrd_rst_sync_stage[2].wrst_inst |    <0.001 |
|                 USE_B_CHANNEL.cmd_b_queue                                              |    <0.001 |
|                   inst                                                                 |    <0.001 |
|                     fifo_gen_inst                                                      |    <0.001 |
|                       inst_fifo_gen                                                    |    <0.001 |
|                         gconvfifo.rf                                                   |    <0.001 |
|                           grf.rf                                                       |    <0.001 |
|                             gntv_or_sync_fifo.gl0.rd                                   |    <0.001 |
|                               gr1.gr1_int.rfwft                                        |    <0.001 |
|                               grss.rsts                                                |    <0.001 |
|                               rpntr                                                    |    <0.001 |
|                             gntv_or_sync_fifo.gl0.wr                                   |    <0.001 |
|                               gwss.wsts                                                |    <0.001 |
|                               wpntr                                                    |    <0.001 |
|                             gntv_or_sync_fifo.mem                                      |    <0.001 |
|                               gdm.dm_gen.dm                                            |    <0.001 |
|                                 RAM_reg_0_31_0_4                                       |    <0.001 |
|                             rstblk                                                     |    <0.001 |
|                               ngwrdrst.grst.g7serrst.gwrrd_rst_sync_stage[1].rrst_inst |    <0.001 |
|                               ngwrdrst.grst.g7serrst.gwrrd_rst_sync_stage[1].wrst_inst |    <0.001 |
|                               ngwrdrst.grst.g7serrst.gwrrd_rst_sync_stage[2].rrst_inst |    <0.001 |
|                               ngwrdrst.grst.g7serrst.gwrrd_rst_sync_stage[2].wrst_inst |    <0.001 |
|               USE_WRITE.write_data_inst                                                |    <0.001 |
|       s00_couplers                                                                     |     0.002 |
|         auto_us                                                                        |     0.002 |
|           inst                                                                         |     0.002 |
|             gen_upsizer.gen_full_upsizer.axi_upsizer_inst                              |     0.002 |
|               USE_READ.gen_non_fifo_r_upsizer.mi_register_slice_inst                   |    <0.001 |
|                 r_pipe                                                                 |    <0.001 |
|               USE_READ.gen_non_fifo_r_upsizer.read_data_inst                           |    <0.001 |
|               USE_READ.read_addr_inst                                                  |    <0.001 |
|                 GEN_CMD_QUEUE.cmd_queue                                                |    <0.001 |
|               USE_WRITE.gen_non_fifo_w_upsizer.write_data_inst                         |    <0.001 |
|               USE_WRITE.write_addr_inst                                                |    <0.001 |
|                 GEN_CMD_QUEUE.cmd_queue                                                |    <0.001 |
|               si_register_slice_inst                                                   |    <0.001 |
|                 ar_pipe                                                                |    <0.001 |
|                 aw_pipe                                                                |    <0.001 |
|       s01_couplers                                                                     |     0.002 |
|         auto_us                                                                        |     0.002 |
|           inst                                                                         |     0.002 |
|             gen_upsizer.gen_full_upsizer.axi_upsizer_inst                              |     0.002 |
|               USE_READ.gen_non_fifo_r_upsizer.mi_register_slice_inst                   |    <0.001 |
|                 r_pipe                                                                 |    <0.001 |
|               USE_READ.gen_non_fifo_r_upsizer.read_data_inst                           |    <0.001 |
|               USE_READ.read_addr_inst                                                  |    <0.001 |
|                 GEN_CMD_QUEUE.cmd_queue                                                |    <0.001 |
|               USE_WRITE.gen_non_fifo_w_upsizer.write_data_inst                         |    <0.001 |
|               USE_WRITE.write_addr_inst                                                |    <0.001 |
|                 GEN_CMD_QUEUE.cmd_queue                                                |    <0.001 |
|               si_register_slice_inst                                                   |    <0.001 |
|                 ar_pipe                                                                |    <0.001 |
|                 aw_pipe                                                                |    <0.001 |
|       xbar                                                                             |     0.002 |
|         inst                                                                           |     0.002 |
|           gen_samd.crossbar_samd                                                       |     0.002 |
|             addr_arbiter_ar                                                            |    <0.001 |
|             addr_arbiter_aw                                                            |    <0.001 |
|             gen_decerr_slave.decerr_slave_inst                                         |    <0.001 |
|             gen_master_slots[0].gen_mi_write.wdata_mux_w                               |    <0.001 |
|               gen_wmux.wmux_aw_fifo                                                    |    <0.001 |
|                 gen_srls[0].gen_rep[0].srl_nx1                                         |    <0.001 |
|             gen_master_slots[0].reg_slice_mi                                           |     0.001 |
|               b_pipe                                                                   |    <0.001 |
|               r_pipe                                                                   |    <0.001 |
|             gen_master_slots[1].gen_mi_write.wdata_mux_w                               |    <0.001 |
|               gen_wmux.wmux_aw_fifo                                                    |    <0.001 |
|                 gen_srls[0].gen_rep[0].srl_nx1                                         |    <0.001 |
|             gen_master_slots[1].reg_slice_mi                                           |    <0.001 |
|               b_pipe                                                                   |    <0.001 |
|               r_pipe                                                                   |    <0.001 |
|             gen_slave_slots[0].gen_si_read.si_transactor_ar                            |    <0.001 |
|             gen_slave_slots[0].gen_si_write.si_transactor_aw                           |    <0.001 |
|             gen_slave_slots[0].gen_si_write.splitter_aw_si                             |    <0.001 |
|             gen_slave_slots[0].gen_si_write.wdata_router_w                             |    <0.001 |
|               wrouter_aw_fifo                                                          |    <0.001 |
|                 gen_srls[0].gen_rep[0].srl_nx1                                         |    <0.001 |
|             gen_slave_slots[1].gen_si_read.si_transactor_ar                            |    <0.001 |
|             gen_slave_slots[1].gen_si_write.si_transactor_aw                           |    <0.001 |
|             gen_slave_slots[1].gen_si_write.splitter_aw_si                             |    <0.001 |
|             gen_slave_slots[1].gen_si_write.wdata_router_w                             |    <0.001 |
|               wrouter_aw_fifo                                                          |    <0.001 |
|                 gen_srls[0].gen_rep[0].srl_nx1                                         |    <0.001 |
|             splitter_aw_mi                                                             |    <0.001 |
|     processing_system7_0                                                               |     1.530 |
|       inst                                                                             |     1.530 |
|     ps7_0_axi_periph                                                                   |     0.005 |
|       s00_couplers                                                                     |     0.005 |
|         auto_pc                                                                        |     0.005 |
|           inst                                                                         |     0.005 |
|             gen_axilite.gen_b2s_conv.axilite_b2s                                       |     0.005 |
|               RD.ar_channel_0                                                          |    <0.001 |
|                 ar_cmd_fsm_0                                                           |    <0.001 |
|                 cmd_translator_0                                                       |    <0.001 |
|                   incr_cmd_0                                                           |    <0.001 |
|                   wrap_cmd_0                                                           |    <0.001 |
|               RD.r_channel_0                                                           |     0.001 |
|                 rd_data_fifo_0                                                         |    <0.001 |
|                 transaction_fifo_0                                                     |    <0.001 |
|               SI_REG                                                                   |     0.002 |
|                 ar_pipe                                                                |    <0.001 |
|                 aw_pipe                                                                |    <0.001 |
|                 b_pipe                                                                 |    <0.001 |
|                 r_pipe                                                                 |    <0.001 |
|               WR.aw_channel_0                                                          |    <0.001 |
|                 aw_cmd_fsm_0                                                           |    <0.001 |
|                 cmd_translator_0                                                       |    <0.001 |
|                   incr_cmd_0                                                           |    <0.001 |
|                   wrap_cmd_0                                                           |    <0.001 |
|               WR.b_channel_0                                                           |    <0.001 |
|                 bid_fifo_0                                                             |    <0.001 |
|                 bresp_fifo_0                                                           |    <0.001 |
|     rst_ps7_0_100M                                                                     |    <0.001 |
|       U0                                                                               |    <0.001 |
|         EXT_LPF                                                                        |    <0.001 |
|           ACTIVE_LOW_EXT.ACT_LO_EXT                                                    |    <0.001 |
|         SEQ                                                                            |    <0.001 |
|           SEQ_COUNTER                                                                  |    <0.001 |
|     sobel_0                                                                            |     0.076 |
|       inst                                                                             |     0.076 |
|         grp_convolution2D_fu_156                                                       |     0.003 |
|           sobel_mul_8ns_32sbkb_U0                                                      |     0.002 |
|             sobel_mul_8ns_32sbkb_Mul3S_0_U                                             |     0.002 |
|         horiz_operator_U                                                               |    <0.001 |
|           sobel_horiz_operacud_rom_U                                                   |    <0.001 |
|         sobel_AXILiteS_s_axi_U                                                         |    <0.001 |
|         sobel_INPUT_BUNDLE_m_axi_U                                                     |     0.005 |
|           bus_read                                                                     |     0.005 |
|             buff_rdata                                                                 |     0.003 |
|             bus_wide_gen.fifo_burst                                                    |    <0.001 |
|             fifo_rctl                                                                  |    <0.001 |
|             fifo_rreq                                                                  |    <0.001 |
|             rs_rdata                                                                   |    <0.001 |
|         sobel_OUTPUT_BUNDLE_m_axi_U                                                    |     0.003 |
|           bus_read                                                                     |    <0.001 |
|             buff_rdata                                                                 |    <0.001 |
|             rs_rdata                                                                   |    <0.001 |
|           bus_write                                                                    |     0.003 |
|             buff_wdata                                                                 |     0.001 |
|             bus_wide_gen.fifo_burst                                                    |    <0.001 |
|             fifo_resp                                                                  |    <0.001 |
|             fifo_resp_to_user                                                          |    <0.001 |
|             fifo_wreq                                                                  |    <0.001 |
|           wreq_throttl                                                                 |    <0.001 |
|         sobel_dsqrt_64ns_eOg_U7                                                        |     0.052 |
|           sobel_ap_dsqrt_29_no_dsp_64_u                                                |     0.052 |
|             U0                                                                         |     0.052 |
|               i_synth                                                                  |     0.052 |
|                 SQRT_OP.SPD.OP                                                         |     0.052 |
|                   i_mant_calc.EXP                                                      |    <0.001 |
|                     EXP_SIG_DEL                                                        |    <0.001 |
|                       i_pipe                                                           |    <0.001 |
|                     SIGN_DET_DELAY                                                     |    <0.001 |
|                       i_pipe                                                           |    <0.001 |
|                     STATE_DELAY                                                        |    <0.001 |
|                       i_pipe                                                           |    <0.001 |
|                   i_mant_calc.MANT_SQRT                                                |     0.052 |
|                     Q_MANT_LP_DEL                                                      |    <0.001 |
|                       i_pipe                                                           |    <0.001 |
|                     RM_MANT_LP_DEL                                                     |    <0.001 |
|                       i_pipe                                                           |    <0.001 |
|                     RT[0].ADDSUB                                                       |    <0.001 |
|                       ADDSUB                                                           |    <0.001 |
|                     RT[10].ADDSUB                                                      |    <0.001 |
|                       ADDSUB                                                           |    <0.001 |
|                     RT[11].ADDSUB                                                      |    <0.001 |
|                       ADDSUB                                                           |    <0.001 |
|                         Q_DEL                                                          |    <0.001 |
|                           i_pipe                                                       |    <0.001 |
|                     RT[11].MA_DEL.MANT_DEL                                             |    <0.001 |
|                       i_pipe                                                           |    <0.001 |
|                     RT[11].Q_DEL                                                       |    <0.001 |
|                       i_pipe                                                           |    <0.001 |
|                     RT[12].ADDSUB                                                      |    <0.001 |
|                       ADDSUB                                                           |    <0.001 |
|                     RT[13].ADDSUB                                                      |    <0.001 |
|                       ADDSUB                                                           |    <0.001 |
|                         Q_DEL                                                          |    <0.001 |
|                           i_pipe                                                       |    <0.001 |
|                     RT[13].MA_DEL.MANT_DEL                                             |    <0.001 |
|                       i_pipe                                                           |    <0.001 |
|                     RT[13].Q_DEL                                                       |    <0.001 |
|                       i_pipe                                                           |    <0.001 |
|                     RT[14].ADDSUB                                                      |    <0.001 |
|                       ADDSUB                                                           |    <0.001 |
|                     RT[15].ADDSUB                                                      |    <0.001 |
|                       ADDSUB                                                           |    <0.001 |
|                         Q_DEL                                                          |    <0.001 |
|                           i_pipe                                                       |    <0.001 |
|                     RT[15].MA_DEL.MANT_DEL                                             |    <0.001 |
|                       i_pipe                                                           |    <0.001 |
|                     RT[15].Q_DEL                                                       |    <0.001 |
|                       i_pipe                                                           |    <0.001 |
|                     RT[16].ADDSUB                                                      |    <0.001 |
|                       ADDSUB                                                           |    <0.001 |
|                     RT[17].ADDSUB                                                      |    <0.001 |
|                       ADDSUB                                                           |    <0.001 |
|                         Q_DEL                                                          |    <0.001 |
|                           i_pipe                                                       |    <0.001 |
|                     RT[17].MA_DEL.MANT_DEL                                             |    <0.001 |
|                       i_pipe                                                           |    <0.001 |
|                     RT[17].Q_DEL                                                       |    <0.001 |
|                       i_pipe                                                           |    <0.001 |
|                     RT[18].ADDSUB                                                      |    <0.001 |
|                       ADDSUB                                                           |    <0.001 |
|                     RT[19].ADDSUB                                                      |    <0.001 |
|                       ADDSUB                                                           |    <0.001 |
|                         Q_DEL                                                          |    <0.001 |
|                           i_pipe                                                       |    <0.001 |
|                     RT[19].MA_DEL.MANT_DEL                                             |    <0.001 |
|                       i_pipe                                                           |    <0.001 |
|                     RT[19].Q_DEL                                                       |    <0.001 |
|                       i_pipe                                                           |    <0.001 |
|                     RT[1].ADDSUB                                                       |    <0.001 |
|                       ADDSUB                                                           |    <0.001 |
|                         Q_DEL                                                          |    <0.001 |
|                           i_pipe                                                       |    <0.001 |
|                     RT[1].MA_DEL.MANT_DEL                                              |    <0.001 |
|                       i_pipe                                                           |    <0.001 |
|                     RT[1].Q_DEL                                                        |    <0.001 |
|                       i_pipe                                                           |    <0.001 |
|                     RT[20].ADDSUB                                                      |    <0.001 |
|                       ADDSUB                                                           |    <0.001 |
|                     RT[21].ADDSUB                                                      |    <0.001 |
|                       ADDSUB                                                           |    <0.001 |
|                         Q_DEL                                                          |    <0.001 |
|                           i_pipe                                                       |    <0.001 |
|                     RT[21].MA_DEL.MANT_DEL                                             |    <0.001 |
|                       i_pipe                                                           |    <0.001 |
|                     RT[21].Q_DEL                                                       |    <0.001 |
|                       i_pipe                                                           |    <0.001 |
|                     RT[22].ADDSUB                                                      |    <0.001 |
|                       ADDSUB                                                           |    <0.001 |
|                     RT[23].ADDSUB                                                      |    <0.001 |
|                       ADDSUB                                                           |    <0.001 |
|                         Q_DEL                                                          |    <0.001 |
|                           i_pipe                                                       |    <0.001 |
|                     RT[23].MA_DEL.MANT_DEL                                             |    <0.001 |
|                       i_pipe                                                           |    <0.001 |
|                     RT[23].Q_DEL                                                       |    <0.001 |
|                       i_pipe                                                           |    <0.001 |
|                     RT[24].ADDSUB                                                      |    <0.001 |
|                       ADDSUB                                                           |    <0.001 |
|                     RT[25].ADDSUB                                                      |    <0.001 |
|                       ADDSUB                                                           |    <0.001 |
|                         Q_DEL                                                          |    <0.001 |
|                           i_pipe                                                       |    <0.001 |
|                     RT[25].MA_DEL.MANT_DEL                                             |    <0.001 |
|                       i_pipe                                                           |    <0.001 |
|                     RT[25].Q_DEL                                                       |    <0.001 |
|                       i_pipe                                                           |    <0.001 |
|                     RT[26].ADDSUB                                                      |    <0.001 |
|                       ADDSUB                                                           |    <0.001 |
|                     RT[27].ADDSUB                                                      |    <0.001 |
|                       ADDSUB                                                           |    <0.001 |
|                         Q_DEL                                                          |    <0.001 |
|                           i_pipe                                                       |    <0.001 |
|                     RT[27].Q_DEL                                                       |    <0.001 |
|                       i_pipe                                                           |    <0.001 |
|                     RT[28].ADDSUB                                                      |    <0.001 |
|                       ADDSUB                                                           |    <0.001 |
|                     RT[29].ADDSUB                                                      |    <0.001 |
|                       ADDSUB                                                           |    <0.001 |
|                         Q_DEL                                                          |    <0.001 |
|                           i_pipe                                                       |    <0.001 |
|                     RT[29].Q_DEL                                                       |    <0.001 |
|                       i_pipe                                                           |    <0.001 |
|                     RT[2].ADDSUB                                                       |    <0.001 |
|                       ADDSUB                                                           |    <0.001 |
|                     RT[30].ADDSUB                                                      |    <0.001 |
|                       ADDSUB                                                           |    <0.001 |
|                     RT[31].ADDSUB                                                      |     0.001 |
|                       ADDSUB                                                           |    <0.001 |
|                         Q_DEL                                                          |    <0.001 |
|                           i_pipe                                                       |    <0.001 |
|                     RT[31].Q_DEL                                                       |    <0.001 |
|                       i_pipe                                                           |    <0.001 |
|                     RT[32].ADDSUB                                                      |    <0.001 |
|                       ADDSUB                                                           |    <0.001 |
|                     RT[33].ADDSUB                                                      |     0.001 |
|                       ADDSUB                                                           |    <0.001 |
|                         Q_DEL                                                          |    <0.001 |
|                           i_pipe                                                       |    <0.001 |
|                     RT[33].Q_DEL                                                       |    <0.001 |
|                       i_pipe                                                           |    <0.001 |
|                     RT[34].ADDSUB                                                      |    <0.001 |
|                       ADDSUB                                                           |    <0.001 |
|                     RT[35].ADDSUB                                                      |     0.001 |
|                       ADDSUB                                                           |    <0.001 |
|                         Q_DEL                                                          |    <0.001 |
|                           i_pipe                                                       |    <0.001 |
|                     RT[35].Q_DEL                                                       |    <0.001 |
|                       i_pipe                                                           |    <0.001 |
|                     RT[36].ADDSUB                                                      |    <0.001 |
|                       ADDSUB                                                           |    <0.001 |
|                     RT[37].ADDSUB                                                      |     0.001 |
|                       ADDSUB                                                           |    <0.001 |
|                         Q_DEL                                                          |    <0.001 |
|                           i_pipe                                                       |    <0.001 |
|                     RT[37].Q_DEL                                                       |    <0.001 |
|                       i_pipe                                                           |    <0.001 |
|                     RT[38].ADDSUB                                                      |    <0.001 |
|                       ADDSUB                                                           |    <0.001 |
|                     RT[39].ADDSUB                                                      |     0.001 |
|                       ADDSUB                                                           |    <0.001 |
|                         Q_DEL                                                          |    <0.001 |
|                           i_pipe                                                       |    <0.001 |
|                     RT[39].Q_DEL                                                       |    <0.001 |
|                       i_pipe                                                           |    <0.001 |
|                     RT[3].ADDSUB                                                       |    <0.001 |
|                       ADDSUB                                                           |    <0.001 |
|                         Q_DEL                                                          |    <0.001 |
|                           i_pipe                                                       |    <0.001 |
|                     RT[3].MA_DEL.MANT_DEL                                              |    <0.001 |
|                       i_pipe                                                           |    <0.001 |
|                     RT[3].Q_DEL                                                        |    <0.001 |
|                       i_pipe                                                           |    <0.001 |
|                     RT[40].ADDSUB                                                      |    <0.001 |
|                       ADDSUB                                                           |    <0.001 |
|                     RT[41].ADDSUB                                                      |     0.001 |
|                       ADDSUB                                                           |    <0.001 |
|                         Q_DEL                                                          |    <0.001 |
|                           i_pipe                                                       |    <0.001 |
|                     RT[41].Q_DEL                                                       |    <0.001 |
|                       i_pipe                                                           |    <0.001 |
|                     RT[42].ADDSUB                                                      |    <0.001 |
|                       ADDSUB                                                           |    <0.001 |
|                     RT[43].ADDSUB                                                      |     0.001 |
|                       ADDSUB                                                           |    <0.001 |
|                         Q_DEL                                                          |    <0.001 |
|                           i_pipe                                                       |    <0.001 |
|                     RT[43].Q_DEL                                                       |    <0.001 |
|                       i_pipe                                                           |    <0.001 |
|                     RT[44].ADDSUB                                                      |     0.001 |
|                       ADDSUB                                                           |    <0.001 |
|                     RT[45].ADDSUB                                                      |     0.001 |
|                       ADDSUB                                                           |    <0.001 |
|                         Q_DEL                                                          |    <0.001 |
|                           i_pipe                                                       |    <0.001 |
|                     RT[45].Q_DEL                                                       |    <0.001 |
|                       i_pipe                                                           |    <0.001 |
|                     RT[46].ADDSUB                                                      |     0.001 |
|                       ADDSUB                                                           |    <0.001 |
|                     RT[47].ADDSUB                                                      |     0.002 |
|                       ADDSUB                                                           |    <0.001 |
|                         Q_DEL                                                          |    <0.001 |
|                           i_pipe                                                       |    <0.001 |
|                     RT[47].Q_DEL                                                       |    <0.001 |
|                       i_pipe                                                           |    <0.001 |
|                     RT[48].ADDSUB                                                      |     0.001 |
|                       ADDSUB                                                           |    <0.001 |
|                     RT[49].ADDSUB                                                      |     0.002 |
|                       ADDSUB                                                           |     0.001 |
|                         Q_DEL                                                          |    <0.001 |
|                           i_pipe                                                       |    <0.001 |
|                     RT[49].Q_DEL                                                       |    <0.001 |
|                       i_pipe                                                           |    <0.001 |
|                     RT[4].ADDSUB                                                       |    <0.001 |
|                       ADDSUB                                                           |    <0.001 |
|                     RT[50].ADDSUB                                                      |     0.001 |
|                       ADDSUB                                                           |    <0.001 |
|                     RT[51].ADDSUB                                                      |     0.002 |
|                       ADDSUB                                                           |     0.001 |
|                         Q_DEL                                                          |    <0.001 |
|                           i_pipe                                                       |    <0.001 |
|                     RT[51].Q_DEL                                                       |    <0.001 |
|                       i_pipe                                                           |    <0.001 |
|                     RT[52].ADDSUB                                                      |     0.001 |
|                       ADDSUB                                                           |    <0.001 |
|                     RT[53].ADDSUB                                                      |    <0.001 |
|                       ADDSUB                                                           |    <0.001 |
|                         Q_DEL                                                          |    <0.001 |
|                           i_pipe                                                       |    <0.001 |
|                     RT[53].Q_DEL                                                       |    <0.001 |
|                       i_pipe                                                           |    <0.001 |
|                     RT[5].ADDSUB                                                       |    <0.001 |
|                       ADDSUB                                                           |    <0.001 |
|                         Q_DEL                                                          |    <0.001 |
|                           i_pipe                                                       |    <0.001 |
|                     RT[5].MA_DEL.MANT_DEL                                              |    <0.001 |
|                       i_pipe                                                           |    <0.001 |
|                     RT[5].Q_DEL                                                        |    <0.001 |
|                       i_pipe                                                           |    <0.001 |
|                     RT[6].ADDSUB                                                       |    <0.001 |
|                       ADDSUB                                                           |    <0.001 |
|                     RT[7].ADDSUB                                                       |    <0.001 |
|                       ADDSUB                                                           |    <0.001 |
|                         Q_DEL                                                          |    <0.001 |
|                           i_pipe                                                       |    <0.001 |
|                     RT[7].MA_DEL.MANT_DEL                                              |    <0.001 |
|                       i_pipe                                                           |    <0.001 |
|                     RT[7].Q_DEL                                                        |    <0.001 |
|                       i_pipe                                                           |    <0.001 |
|                     RT[8].ADDSUB                                                       |    <0.001 |
|                       ADDSUB                                                           |    <0.001 |
|                     RT[9].ADDSUB                                                       |    <0.001 |
|                       ADDSUB                                                           |    <0.001 |
|                         Q_DEL                                                          |    <0.001 |
|                           i_pipe                                                       |    <0.001 |
|                     RT[9].MA_DEL.MANT_DEL                                              |    <0.001 |
|                       i_pipe                                                           |    <0.001 |
|                     RT[9].Q_DEL                                                        |    <0.001 |
|                       i_pipe                                                           |    <0.001 |
|                   i_mant_calc.OP                                                       |    <0.001 |
|                   i_mant_calc.ROUND                                                    |    <0.001 |
|                     LOGIC.RND1                                                         |    <0.001 |
|                     LOGIC.RND2                                                         |    <0.001 |
|                     RND_BIT_GEN                                                        |    <0.001 |
|                       NORM_1_OR_0.STRUCT_REQ.SPECIAL.RND_CHAIN                         |    <0.001 |
|         sobel_mul_32s_32sfYi_U8                                                        |     0.003 |
|           sobel_mul_32s_32sfYi_MulnS_0_U                                               |     0.003 |
|         sobel_mul_32s_32sfYi_U9                                                        |     0.003 |
|           sobel_mul_32s_32sfYi_MulnS_0_U                                               |     0.003 |
|         sobel_sitodp_32nsdEe_U6                                                        |     0.004 |
|           sobel_ap_sitodp_4_no_dsp_32_u                                                |     0.003 |
|             U0                                                                         |     0.003 |
|               i_synth                                                                  |     0.003 |
|                 FIX_TO_FLT_OP.SPD.OP                                                   |     0.003 |
|                   EXP                                                                  |    <0.001 |
|                     ZERO_DELAY                                                         |    <0.001 |
|                       i_pipe                                                           |    <0.001 |
|                     a_is_signed.IP_SIGN_DELAY                                          |    <0.001 |
|                       i_pipe                                                           |    <0.001 |
|                   FIXED_DATA_SIGNED.M_ABS                                              |    <0.001 |
|                     Q_DEL                                                              |    <0.001 |
|                       i_pipe                                                           |    <0.001 |
|                   LZE                                                                  |     0.001 |
|                     ENCODE[0].DIST_DEL                                                 |    <0.001 |
|                       i_pipe                                                           |    <0.001 |
|                     ENCODE[1].DIST_DEL                                                 |    <0.001 |
|                       i_pipe                                                           |    <0.001 |
|                     ENCODE[1].MUX_0                                                    |    <0.001 |
|                       OP_DEL                                                           |    <0.001 |
|                         i_pipe                                                         |    <0.001 |
|                     ZERO_DET_CC_1                                                      |    <0.001 |
|                     ZERO_DET_CC_2.CC                                                   |    <0.001 |
|                   NORM_SHIFT                                                           |    <0.001 |
|                     MUX_LOOP[1].DEL_SHIFT                                              |    <0.001 |
|                       i_pipe                                                           |    <0.001 |
|                   OP                                                                   |    <0.001 |
|                   ROUND                                                                |    <0.001 |
|                     LOGIC.RND1                                                         |    <0.001 |
|                     LOGIC.RND2                                                         |    <0.001 |
|                   Z_C_DEL                                                              |    <0.001 |
|                     i_pipe                                                             |    <0.001 |
|         vert_operator_U                                                                |    <0.001 |
|           sobel_vert_operator_rom_U                                                    |    <0.001 |
+----------------------------------------------------------------------------------------+-----------+


