
*** Running vivado
    with args -log arm_processing_system7_0_0.vds -m64 -product Vivado -mode batch -messageDb vivado.pb -notrace -source arm_processing_system7_0_0.tcl


****** Vivado v2016.4 (64-bit)
  **** SW Build 1756540 on Mon Jan 23 19:11:23 MST 2017
  **** IP Build 1755317 on Mon Jan 23 20:30:07 MST 2017
    ** Copyright 1986-2016 Xilinx, Inc. All Rights Reserved.

source arm_processing_system7_0_0.tcl -notrace
Starting RTL Elaboration : Time (s): cpu = 00:00:14 ; elapsed = 00:00:39 . Memory (MB): peak = 351.203 ; gain = 141.023
INFO: [Synth 8-638] synthesizing module 'arm_processing_system7_0_0' [c:/Users/konto/Documents/embeded/lab2/lab2_simple_arm/lab2_simple_arm.srcs/sources_1/bd/arm/ip/arm_processing_system7_0_0/synth/arm_processing_system7_0_0.v:60]
INFO: [Synth 8-638] synthesizing module 'processing_system7_v5_5_processing_system7' [c:/Users/konto/Documents/embeded/lab2/lab2_simple_arm/lab2_simple_arm.srcs/sources_1/bd/arm/ip/arm_processing_system7_0_0/hdl/verilog/processing_system7_v5_5_processing_system7.v:161]
INFO: [Synth 8-638] synthesizing module 'BUFG' [C:/Xilinx2/Vivado/2016.4/scripts/rt/data/unisim_comp.v:607]
INFO: [Synth 8-256] done synthesizing module 'BUFG' (1#1) [C:/Xilinx2/Vivado/2016.4/scripts/rt/data/unisim_comp.v:607]
INFO: [Synth 8-638] synthesizing module 'BIBUF' [C:/Xilinx2/Vivado/2016.4/scripts/rt/data/unisim_comp.v:268]
INFO: [Synth 8-256] done synthesizing module 'BIBUF' (2#1) [C:/Xilinx2/Vivado/2016.4/scripts/rt/data/unisim_comp.v:268]
INFO: [Synth 8-638] synthesizing module 'PS7' [C:/Xilinx2/Vivado/2016.4/scripts/rt/data/unisim_comp.v:33182]
INFO: [Synth 8-256] done synthesizing module 'PS7' (3#1) [C:/Xilinx2/Vivado/2016.4/scripts/rt/data/unisim_comp.v:33182]
INFO: [Synth 8-256] done synthesizing module 'processing_system7_v5_5_processing_system7' (4#1) [c:/Users/konto/Documents/embeded/lab2/lab2_simple_arm/lab2_simple_arm.srcs/sources_1/bd/arm/ip/arm_processing_system7_0_0/hdl/verilog/processing_system7_v5_5_processing_system7.v:161]
INFO: [Synth 8-256] done synthesizing module 'arm_processing_system7_0_0' (5#1) [c:/Users/konto/Documents/embeded/lab2/lab2_simple_arm/lab2_simple_arm.srcs/sources_1/bd/arm/ip/arm_processing_system7_0_0/synth/arm_processing_system7_0_0.v:60]
Finished RTL Elaboration : Time (s): cpu = 00:00:16 ; elapsed = 00:00:46 . Memory (MB): peak = 388.492 ; gain = 178.313
Finished RTL Optimization Phase 1 : Time (s): cpu = 00:00:16 ; elapsed = 00:00:47 . Memory (MB): peak = 388.492 ; gain = 178.313
INFO: [Device 21-403] Loading part xc7z020clg484-1
Constraint Validation Runtime : Time (s): cpu = 00:00:00 ; elapsed = 00:00:00.698 . Memory (MB): peak = 631.234 ; gain = 0.000
Finished Constraint Validation : Time (s): cpu = 00:00:32 ; elapsed = 00:01:40 . Memory (MB): peak = 631.234 ; gain = 421.055
Finished Loading Part and Timing Information : Time (s): cpu = 00:00:32 ; elapsed = 00:01:40 . Memory (MB): peak = 631.234 ; gain = 421.055
Finished applying 'set_property' XDC Constraints : Time (s): cpu = 00:00:32 ; elapsed = 00:01:41 . Memory (MB): peak = 631.234 ; gain = 421.055
Finished RTL Optimization Phase 2 : Time (s): cpu = 00:00:33 ; elapsed = 00:01:42 . Memory (MB): peak = 631.234 ; gain = 421.055
Finished Cross Boundary and Area Optimization : Time (s): cpu = 00:00:34 ; elapsed = 00:01:43 . Memory (MB): peak = 631.234 ; gain = 421.055
Finished Applying XDC Timing Constraints : Time (s): cpu = 00:00:51 ; elapsed = 00:02:03 . Memory (MB): peak = 832.398 ; gain = 622.219
Finished Timing Optimization : Time (s): cpu = 00:00:51 ; elapsed = 00:02:03 . Memory (MB): peak = 849.441 ; gain = 639.262
Finished Technology Mapping : Time (s): cpu = 00:00:53 ; elapsed = 00:02:05 . Memory (MB): peak = 853.816 ; gain = 643.637
Finished IO Insertion : Time (s): cpu = 00:00:55 ; elapsed = 00:02:07 . Memory (MB): peak = 853.816 ; gain = 643.637
Finished Renaming Generated Instances : Time (s): cpu = 00:00:55 ; elapsed = 00:02:07 . Memory (MB): peak = 853.816 ; gain = 643.637
Finished Rebuilding User Hierarchy : Time (s): cpu = 00:00:55 ; elapsed = 00:02:07 . Memory (MB): peak = 853.816 ; gain = 643.637
Finished Renaming Generated Ports : Time (s): cpu = 00:00:55 ; elapsed = 00:02:07 . Memory (MB): peak = 853.816 ; gain = 643.637
Finished Handling Custom Attributes : Time (s): cpu = 00:00:55 ; elapsed = 00:02:08 . Memory (MB): peak = 853.816 ; gain = 643.637
Finished Renaming Generated Nets : Time (s): cpu = 00:00:55 ; elapsed = 00:02:08 . Memory (MB): peak = 853.816 ; gain = 643.637

Report Cell Usage: 
+------+------+------+
|      |Cell  |Count |
+------+------+------+
|1     |BIBUF |   130|
|2     |BUFG  |     1|
|3     |LUT1  |   112|
|4     |PS7   |     1|
+------+------+------+
Finished Writing Synthesis Report : Time (s): cpu = 00:00:55 ; elapsed = 00:02:08 . Memory (MB): peak = 853.816 ; gain = 643.637
synth_design: Time (s): cpu = 00:00:51 ; elapsed = 00:01:52 . Memory (MB): peak = 875.168 ; gain = 604.086
