20:33:25 INFO  : Registering command handlers for SDK TCF services
20:33:29 INFO  : Launching XSCT server: xsct.bat -interactive C:\Users\konto\Documents\embeded\lab2\lab2_simple_arm\lab2_simple_arm.sdk\temp_xsdb_launch_script.tcl
20:33:43 INFO  : XSCT server has started successfully.
20:33:43 INFO  : Successfully done setting XSCT server connection channel  
20:33:55 INFO  : Successfully done setting SDK workspace  
20:33:55 INFO  : Processing command line option -hwspec C:/Users/konto/Documents/embeded/lab2/lab2_simple_arm/lab2_simple_arm.sdk/arm_wrapper.hdf.
11:29:59 INFO  : Registering command handlers for SDK TCF services
11:30:02 INFO  : Launching XSCT server: xsct.bat -interactive C:\Users\konto\Documents\embeded\lab2\lab2_simple_arm\lab2_simple_arm.sdk\temp_xsdb_launch_script.tcl
11:30:12 INFO  : XSCT server has started successfully.
11:30:12 INFO  : Successfully done setting XSCT server connection channel  
11:30:39 INFO  : Successfully done setting SDK workspace  
11:30:39 INFO  : Processing command line option -hwspec C:/Users/konto/Documents/embeded/lab2/lab2_simple_arm/lab2_simple_arm.sdk/arm_wrapper.hdf.
11:30:39 INFO  : Checking for hwspec changes in the project arm_wrapper_hw_platform_0.
18:07:27 INFO  : Registering command handlers for SDK TCF services
18:07:37 INFO  : Launching XSCT server: xsct.bat -interactive C:\Users\konto\Documents\embeded\lab2\lab2_simple_arm\lab2_simple_arm.sdk\temp_xsdb_launch_script.tcl
18:07:49 INFO  : XSCT server has started successfully.
18:08:12 INFO  : Successfully done setting XSCT server connection channel  
18:08:12 INFO  : Successfully done setting SDK workspace  
18:08:12 INFO  : Processing command line option -hwspec C:/Users/konto/Documents/embeded/lab2/lab2_simple_arm/lab2_simple_arm.sdk/arm_wrapper.hdf.
18:08:12 INFO  : Checking for hwspec changes in the project arm_wrapper_hw_platform_0.
15:17:42 INFO  : Registering command handlers for SDK TCF services
15:17:46 INFO  : Launching XSCT server: xsct.bat -interactive C:\Users\konto\Documents\embeded\lab2\lab2_simple_arm\lab2_simple_arm.sdk\temp_xsdb_launch_script.tcl
15:17:54 INFO  : XSCT server has started successfully.
15:18:12 INFO  : Successfully done setting XSCT server connection channel  
15:18:12 INFO  : Successfully done setting SDK workspace  
15:18:12 INFO  : Processing command line option -hwspec C:/Users/konto/Documents/embeded/lab2/lab2_simple_arm/lab2_simple_arm.sdk/arm_wrapper.hdf.
15:18:12 INFO  : Checking for hwspec changes in the project arm_wrapper_hw_platform_0.
15:20:21 ERROR : Unexpected error while launching program.
java.lang.RuntimeException: Error while running ps7_init method.
No Elf file associated with target


	at com.xilinx.sdk.targetmanager.internal.TM.run_ps7_init(TM.java:1089)
	at com.xilinx.sdk.debug.core.XilinxAppLaunchConfigurationDelegate.runTargetSetup(XilinxAppLaunchConfigurationDelegate.java:514)
	at com.xilinx.sdk.debug.core.XilinxAppLaunchConfigurationDelegate.runApplication(XilinxAppLaunchConfigurationDelegate.java:616)
	at com.xilinx.sdk.debug.core.XilinxAppLaunchConfigurationDelegate.launch(XilinxAppLaunchConfigurationDelegate.java:309)
	at com.xilinx.sdk.debug.ui.XilinxAppLaunchDelegateWrapper.launch(XilinxAppLaunchDelegateWrapper.java:31)
	at org.eclipse.debug.internal.core.LaunchConfiguration.launch(LaunchConfiguration.java:885)
	at org.eclipse.debug.internal.core.LaunchConfiguration.launch(LaunchConfiguration.java:739)
	at org.eclipse.debug.internal.ui.DebugUIPlugin.buildAndLaunch(DebugUIPlugin.java:1039)
	at org.eclipse.debug.internal.ui.DebugUIPlugin$8.run(DebugUIPlugin.java:1256)
	at org.eclipse.core.internal.jobs.Worker.run(Worker.java:55)
15:21:31 ERROR : Unexpected error while launching program.
java.lang.RuntimeException: Error while running ps7_init method.
No Elf file associated with target


	at com.xilinx.sdk.targetmanager.internal.TM.run_ps7_init(TM.java:1089)
	at com.xilinx.sdk.debug.core.XilinxAppLaunchConfigurationDelegate.runTargetSetup(XilinxAppLaunchConfigurationDelegate.java:514)
	at com.xilinx.sdk.debug.core.XilinxAppLaunchConfigurationDelegate.runApplication(XilinxAppLaunchConfigurationDelegate.java:616)
	at com.xilinx.sdk.debug.core.XilinxAppLaunchConfigurationDelegate.launch(XilinxAppLaunchConfigurationDelegate.java:309)
	at com.xilinx.sdk.debug.ui.XilinxAppLaunchDelegateWrapper.launch(XilinxAppLaunchDelegateWrapper.java:31)
	at org.eclipse.debug.internal.core.LaunchConfiguration.launch(LaunchConfiguration.java:885)
	at org.eclipse.debug.internal.core.LaunchConfiguration.launch(LaunchConfiguration.java:739)
	at org.eclipse.debug.internal.ui.DebugUIPlugin.buildAndLaunch(DebugUIPlugin.java:1039)
	at org.eclipse.debug.internal.ui.DebugUIPlugin$8.run(DebugUIPlugin.java:1256)
	at org.eclipse.core.internal.jobs.Worker.run(Worker.java:55)
15:23:12 ERROR : Unexpected error while launching program.
java.lang.RuntimeException: Error while running ps7_init method.
No Elf file associated with target


	at com.xilinx.sdk.targetmanager.internal.TM.run_ps7_init(TM.java:1089)
	at com.xilinx.sdk.debug.core.XilinxAppLaunchConfigurationDelegate.runTargetSetup(XilinxAppLaunchConfigurationDelegate.java:514)
	at com.xilinx.sdk.debug.core.XilinxAppLaunchConfigurationDelegate.runApplication(XilinxAppLaunchConfigurationDelegate.java:616)
	at com.xilinx.sdk.debug.core.XilinxAppLaunchConfigurationDelegate.launch(XilinxAppLaunchConfigurationDelegate.java:309)
	at com.xilinx.sdk.debug.ui.XilinxAppLaunchDelegateWrapper.launch(XilinxAppLaunchDelegateWrapper.java:31)
	at org.eclipse.debug.internal.core.LaunchConfiguration.launch(LaunchConfiguration.java:885)
	at org.eclipse.debug.internal.core.LaunchConfiguration.launch(LaunchConfiguration.java:739)
	at org.eclipse.debug.internal.ui.DebugUIPlugin.buildAndLaunch(DebugUIPlugin.java:1039)
	at org.eclipse.debug.internal.ui.DebugUIPlugin$8.run(DebugUIPlugin.java:1256)
	at org.eclipse.core.internal.jobs.Worker.run(Worker.java:55)
15:23:47 ERROR : Unexpected error while launching program.
java.lang.RuntimeException: Error while running ps7_init method.
No Elf file associated with target


	at com.xilinx.sdk.targetmanager.internal.TM.run_ps7_init(TM.java:1089)
	at com.xilinx.sdk.debug.core.XilinxAppLaunchConfigurationDelegate.runTargetSetup(XilinxAppLaunchConfigurationDelegate.java:514)
	at com.xilinx.sdk.debug.core.XilinxAppLaunchConfigurationDelegate.runApplication(XilinxAppLaunchConfigurationDelegate.java:616)
	at com.xilinx.sdk.debug.core.XilinxAppLaunchConfigurationDelegate.launch(XilinxAppLaunchConfigurationDelegate.java:309)
	at com.xilinx.sdk.debug.ui.XilinxAppLaunchDelegateWrapper.launch(XilinxAppLaunchDelegateWrapper.java:31)
	at org.eclipse.debug.internal.core.LaunchConfiguration.launch(LaunchConfiguration.java:885)
	at org.eclipse.debug.internal.core.LaunchConfiguration.launch(LaunchConfiguration.java:739)
	at org.eclipse.debug.internal.ui.DebugUIPlugin.buildAndLaunch(DebugUIPlugin.java:1039)
	at org.eclipse.debug.internal.ui.DebugUIPlugin$8.run(DebugUIPlugin.java:1256)
	at org.eclipse.core.internal.jobs.Worker.run(Worker.java:55)
15:27:03 ERROR : Unexpected error while launching program.
java.lang.RuntimeException: Error while running ps7_init method.
No Elf file associated with target


	at com.xilinx.sdk.targetmanager.internal.TM.run_ps7_init(TM.java:1089)
	at com.xilinx.sdk.debug.core.XilinxAppLaunchConfigurationDelegate.runTargetSetup(XilinxAppLaunchConfigurationDelegate.java:514)
	at com.xilinx.sdk.debug.core.XilinxAppLaunchConfigurationDelegate.runApplication(XilinxAppLaunchConfigurationDelegate.java:616)
	at com.xilinx.sdk.debug.core.XilinxAppLaunchConfigurationDelegate.launch(XilinxAppLaunchConfigurationDelegate.java:309)
	at com.xilinx.sdk.debug.ui.XilinxAppLaunchDelegateWrapper.launch(XilinxAppLaunchDelegateWrapper.java:31)
	at org.eclipse.debug.internal.core.LaunchConfiguration.launch(LaunchConfiguration.java:885)
	at org.eclipse.debug.internal.core.LaunchConfiguration.launch(LaunchConfiguration.java:739)
	at org.eclipse.debug.internal.ui.DebugUIPlugin.buildAndLaunch(DebugUIPlugin.java:1039)
	at org.eclipse.debug.internal.ui.DebugUIPlugin$8.run(DebugUIPlugin.java:1256)
	at org.eclipse.core.internal.jobs.Worker.run(Worker.java:55)
15:27:39 INFO  : 'targets -set -filter {jtag_cable_name =~ "Digilent Zed 210248650917" && level==0} -index 1' command is executed.
15:27:39 INFO  : 'fpga -state' command is executed.
15:27:39 INFO  : Connected to target on host '127.0.0.1' and port '3121'.
15:27:40 INFO  : Jtag cable 'Digilent Zed 210248650917' is selected.
15:27:40 INFO  : 'jtag frequency' command is executed.
15:27:40 INFO  : Sourcing of 'C:/Users/konto/Documents/embeded/lab2/lab2_simple_arm/lab2_simple_arm.sdk/arm_wrapper_hw_platform_0/ps7_init.tcl' is done.
15:27:41 INFO  : Context for 'APU' is selected.
15:27:41 INFO  : Hardware design information is loaded from 'C:/Users/konto/Documents/embeded/lab2/lab2_simple_arm/lab2_simple_arm.sdk/arm_wrapper_hw_platform_0/system.hdf'.
15:27:41 INFO  : Context for 'APU' is selected.
15:27:42 INFO  : 'stop' command is executed.
15:27:46 INFO  : 'ps7_init' command is executed.
15:27:47 INFO  : 'ps7_post_config' command is executed.
15:27:47 INFO  : Context for processor 'ps7_cortexa9_0' is selected.
15:27:47 INFO  : Processor reset is completed for 'ps7_cortexa9_0'.
15:27:47 INFO  : Context for processor 'ps7_cortexa9_0' is selected.
15:27:49 INFO  : The application 'C:/Users/konto/Documents/embeded/lab2/lab2_simple_arm/lab2_simple_arm.sdk/lab2_simple/Debug/lab2_simple.elf' is downloaded to processor 'ps7_cortexa9_0'.
15:27:49 INFO  : ----------------XSDB Script----------------
connect -url tcp:127.0.0.1:3121
source C:/Users/konto/Documents/embeded/lab2/lab2_simple_arm/lab2_simple_arm.sdk/arm_wrapper_hw_platform_0/ps7_init.tcl
targets -set -nocase -filter {name =~"APU*" && jtag_cable_name =~ "Digilent Zed 210248650917"} -index 0
loadhw C:/Users/konto/Documents/embeded/lab2/lab2_simple_arm/lab2_simple_arm.sdk/arm_wrapper_hw_platform_0/system.hdf
targets -set -nocase -filter {name =~"APU*" && jtag_cable_name =~ "Digilent Zed 210248650917"} -index 0
stop
ps7_init
ps7_post_config
targets -set -nocase -filter {name =~ "ARM*#0" && jtag_cable_name =~ "Digilent Zed 210248650917"} -index 0
rst -processor
targets -set -nocase -filter {name =~ "ARM*#0" && jtag_cable_name =~ "Digilent Zed 210248650917"} -index 0
dow C:/Users/konto/Documents/embeded/lab2/lab2_simple_arm/lab2_simple_arm.sdk/lab2_simple/Debug/lab2_simple.elf
----------------End of Script----------------

15:27:50 INFO  : Memory regions updated for context APU
15:27:51 INFO  : Context for processor 'ps7_cortexa9_0' is selected.
15:27:51 INFO  : 'con' command is executed.
15:27:51 INFO  : ----------------XSDB Script (After Launch)----------------
targets -set -nocase -filter {name =~ "ARM*#0" && jtag_cable_name =~ "Digilent Zed 210248650917"} -index 0
con
----------------End of Script----------------

15:27:51 INFO  : Launch script is exported to file 'C:\Users\konto\Documents\embeded\lab2\lab2_simple_arm\lab2_simple_arm.sdk\.sdk\launch_scripts\xilinx_c-c++_application_(system_debugger)\system_debugger_using_debug_lab2_simple.elf_on_local.tcl'
15:38:28 INFO  : Disconnected from the channel tcfchan#1.
15:38:29 INFO  : 'targets -set -filter {jtag_cable_name =~ "Digilent Zed 210248650917" && level==0} -index 1' command is executed.
15:38:29 INFO  : 'fpga -state' command is executed.
15:38:29 INFO  : Connected to target on host '127.0.0.1' and port '3121'.
15:38:30 INFO  : Jtag cable 'Digilent Zed 210248650917' is selected.
15:38:30 INFO  : 'jtag frequency' command is executed.
15:38:30 INFO  : Sourcing of 'C:/Users/konto/Documents/embeded/lab2/lab2_simple_arm/lab2_simple_arm.sdk/arm_wrapper_hw_platform_0/ps7_init.tcl' is done.
15:38:30 INFO  : Context for 'APU' is selected.
15:38:35 INFO  : Hardware design information is loaded from 'C:/Users/konto/Documents/embeded/lab2/lab2_simple_arm/lab2_simple_arm.sdk/arm_wrapper_hw_platform_0/system.hdf'.
15:38:36 INFO  : Context for 'APU' is selected.
15:38:36 INFO  : 'stop' command is executed.
15:38:42 INFO  : 'ps7_init' command is executed.
15:38:42 INFO  : 'ps7_post_config' command is executed.
15:38:42 INFO  : Context for processor 'ps7_cortexa9_0' is selected.
15:38:43 INFO  : Processor reset is completed for 'ps7_cortexa9_0'.
15:38:43 INFO  : Context for processor 'ps7_cortexa9_0' is selected.
15:38:45 INFO  : The application 'C:/Users/konto/Documents/embeded/lab2/lab2_simple_arm/lab2_simple_arm.sdk/lab2_simple/Debug/lab2_simple.elf' is downloaded to processor 'ps7_cortexa9_0'.
15:38:45 INFO  : ----------------XSDB Script----------------
connect -url tcp:127.0.0.1:3121
source C:/Users/konto/Documents/embeded/lab2/lab2_simple_arm/lab2_simple_arm.sdk/arm_wrapper_hw_platform_0/ps7_init.tcl
targets -set -nocase -filter {name =~"APU*" && jtag_cable_name =~ "Digilent Zed 210248650917"} -index 0
loadhw C:/Users/konto/Documents/embeded/lab2/lab2_simple_arm/lab2_simple_arm.sdk/arm_wrapper_hw_platform_0/system.hdf
targets -set -nocase -filter {name =~"APU*" && jtag_cable_name =~ "Digilent Zed 210248650917"} -index 0
stop
ps7_init
ps7_post_config
targets -set -nocase -filter {name =~ "ARM*#0" && jtag_cable_name =~ "Digilent Zed 210248650917"} -index 0
rst -processor
targets -set -nocase -filter {name =~ "ARM*#0" && jtag_cable_name =~ "Digilent Zed 210248650917"} -index 0
dow C:/Users/konto/Documents/embeded/lab2/lab2_simple_arm/lab2_simple_arm.sdk/lab2_simple/Debug/lab2_simple.elf
----------------End of Script----------------

15:38:46 INFO  : Memory regions updated for context APU
15:38:46 INFO  : Context for processor 'ps7_cortexa9_0' is selected.
15:38:46 INFO  : 'con' command is executed.
15:38:46 INFO  : ----------------XSDB Script (After Launch)----------------
targets -set -nocase -filter {name =~ "ARM*#0" && jtag_cable_name =~ "Digilent Zed 210248650917"} -index 0
con
----------------End of Script----------------

15:38:46 INFO  : Launch script is exported to file 'C:\Users\konto\Documents\embeded\lab2\lab2_simple_arm\lab2_simple_arm.sdk\.sdk\launch_scripts\xilinx_c-c++_application_(system_debugger)\system_debugger_using_debug_lab2_simple.elf_on_local.tcl'
15:39:30 INFO  : Disconnected from the channel tcfchan#2.
15:39:32 INFO  : 'targets -set -filter {jtag_cable_name =~ "Digilent Zed 210248650917" && level==0} -index 1' command is executed.
15:39:32 INFO  : 'fpga -state' command is executed.
15:39:32 INFO  : Connected to target on host '127.0.0.1' and port '3121'.
15:39:33 INFO  : Jtag cable 'Digilent Zed 210248650917' is selected.
15:39:33 INFO  : 'jtag frequency' command is executed.
15:39:33 INFO  : Sourcing of 'C:/Users/konto/Documents/embeded/lab2/lab2_simple_arm/lab2_simple_arm.sdk/arm_wrapper_hw_platform_0/ps7_init.tcl' is done.
15:39:33 INFO  : Context for 'APU' is selected.
15:39:36 INFO  : Hardware design information is loaded from 'C:/Users/konto/Documents/embeded/lab2/lab2_simple_arm/lab2_simple_arm.sdk/arm_wrapper_hw_platform_0/system.hdf'.
15:39:36 INFO  : Context for 'APU' is selected.
15:39:36 INFO  : 'stop' command is executed.
15:39:40 INFO  : 'ps7_init' command is executed.
15:39:40 INFO  : 'ps7_post_config' command is executed.
15:39:40 INFO  : Context for processor 'ps7_cortexa9_0' is selected.
15:39:41 INFO  : Processor reset is completed for 'ps7_cortexa9_0'.
15:39:41 INFO  : Context for processor 'ps7_cortexa9_0' is selected.
15:39:42 INFO  : The application 'C:/Users/konto/Documents/embeded/lab2/lab2_simple_arm/lab2_simple_arm.sdk/lab2_simple/Debug/lab2_simple.elf' is downloaded to processor 'ps7_cortexa9_0'.
15:39:42 INFO  : ----------------XSDB Script----------------
connect -url tcp:127.0.0.1:3121
source C:/Users/konto/Documents/embeded/lab2/lab2_simple_arm/lab2_simple_arm.sdk/arm_wrapper_hw_platform_0/ps7_init.tcl
targets -set -nocase -filter {name =~"APU*" && jtag_cable_name =~ "Digilent Zed 210248650917"} -index 0
loadhw C:/Users/konto/Documents/embeded/lab2/lab2_simple_arm/lab2_simple_arm.sdk/arm_wrapper_hw_platform_0/system.hdf
targets -set -nocase -filter {name =~"APU*" && jtag_cable_name =~ "Digilent Zed 210248650917"} -index 0
stop
ps7_init
ps7_post_config
targets -set -nocase -filter {name =~ "ARM*#0" && jtag_cable_name =~ "Digilent Zed 210248650917"} -index 0
rst -processor
targets -set -nocase -filter {name =~ "ARM*#0" && jtag_cable_name =~ "Digilent Zed 210248650917"} -index 0
dow C:/Users/konto/Documents/embeded/lab2/lab2_simple_arm/lab2_simple_arm.sdk/lab2_simple/Debug/lab2_simple.elf
----------------End of Script----------------

15:39:42 INFO  : Memory regions updated for context APU
15:39:42 INFO  : Context for processor 'ps7_cortexa9_0' is selected.
15:39:42 INFO  : 'con' command is executed.
15:39:42 INFO  : ----------------XSDB Script (After Launch)----------------
targets -set -nocase -filter {name =~ "ARM*#0" && jtag_cable_name =~ "Digilent Zed 210248650917"} -index 0
con
----------------End of Script----------------

15:39:42 INFO  : Launch script is exported to file 'C:\Users\konto\Documents\embeded\lab2\lab2_simple_arm\lab2_simple_arm.sdk\.sdk\launch_scripts\xilinx_c-c++_application_(system_debugger)\system_debugger_using_debug_lab2_simple.elf_on_local.tcl'
15:42:08 INFO  : Disconnected from the channel tcfchan#3.
15:42:10 ERROR : Unexpected error while launching program.
java.lang.RuntimeException: Error while running ps7_init method.
No Elf file associated with target


	at com.xilinx.sdk.targetmanager.internal.TM.run_ps7_init(TM.java:1089)
	at com.xilinx.sdk.debug.core.XilinxAppLaunchConfigurationDelegate.runTargetSetup(XilinxAppLaunchConfigurationDelegate.java:514)
	at com.xilinx.sdk.debug.core.XilinxAppLaunchConfigurationDelegate.runApplication(XilinxAppLaunchConfigurationDelegate.java:616)
	at com.xilinx.sdk.debug.core.XilinxAppLaunchConfigurationDelegate.launch(XilinxAppLaunchConfigurationDelegate.java:309)
	at com.xilinx.sdk.debug.ui.XilinxAppLaunchDelegateWrapper.launch(XilinxAppLaunchDelegateWrapper.java:31)
	at org.eclipse.debug.internal.core.LaunchConfiguration.launch(LaunchConfiguration.java:885)
	at org.eclipse.debug.internal.core.LaunchConfiguration.launch(LaunchConfiguration.java:739)
	at org.eclipse.debug.internal.ui.DebugUIPlugin.buildAndLaunch(DebugUIPlugin.java:1039)
	at org.eclipse.debug.internal.ui.DebugUIPlugin$8.run(DebugUIPlugin.java:1256)
	at org.eclipse.core.internal.jobs.Worker.run(Worker.java:55)
15:52:21 ERROR : Unexpected error while parsing XMD response ?: com.google.gson.JsonSyntaxException: com.google.gson.stream.MalformedJsonException: invalid number or unquoted string near 
09:47:09 INFO  : Launching XSCT server: xsct.bat -interactive C:\Users\konto\Documents\embeded\lab2\lab2_simple_arm\lab2_simple_arm.sdk\temp_xsdb_launch_script.tcl
09:47:10 INFO  : Registering command handlers for SDK TCF services
09:47:50 INFO  : XSCT server has started successfully.
09:47:51 INFO  : Successfully done setting XSCT server connection channel  
09:48:25 INFO  : Successfully done setting SDK workspace  
09:48:25 INFO  : Processing command line option -hwspec C:/Users/konto/Documents/embeded/lab2/lab2_simple_arm/lab2_simple_arm.sdk/arm_wrapper.hdf.
09:48:26 INFO  : Checking for hwspec changes in the project arm_wrapper_hw_platform_0.
09:52:00 INFO  : Connected to target on host '127.0.0.1' and port '3121'.
09:52:04 INFO  : 'targets -set -filter {jtag_cable_name =~ "Digilent Zed 210248650939" && level==0} -index 1' command is executed.
09:52:07 INFO  : FPGA configured successfully with bitstream "C:/Users/konto/Documents/embeded/lab2/lab2_simple_arm/lab2_simple_arm.sdk/arm_wrapper_hw_platform_0/arm_wrapper.bit"
09:55:31 ERROR : Unexpected error while launching program.
java.lang.RuntimeException: Error while running ps7_init method.
No Elf file associated with target


	at com.xilinx.sdk.targetmanager.internal.TM.run_ps7_init(TM.java:1089)
	at com.xilinx.sdk.debug.core.XilinxAppLaunchConfigurationDelegate.runTargetSetup(XilinxAppLaunchConfigurationDelegate.java:514)
	at com.xilinx.sdk.debug.core.XilinxAppLaunchConfigurationDelegate.debugApplication(XilinxAppLaunchConfigurationDelegate.java:701)
	at com.xilinx.sdk.debug.core.XilinxAppLaunchConfigurationDelegate.launch(XilinxAppLaunchConfigurationDelegate.java:311)
	at com.xilinx.sdk.debug.ui.XilinxAppLaunchDelegateWrapper.launch(XilinxAppLaunchDelegateWrapper.java:31)
	at org.eclipse.debug.internal.core.LaunchConfiguration.launch(LaunchConfiguration.java:885)
	at org.eclipse.debug.internal.core.LaunchConfiguration.launch(LaunchConfiguration.java:739)
	at org.eclipse.debug.internal.ui.DebugUIPlugin.buildAndLaunch(DebugUIPlugin.java:1039)
	at org.eclipse.debug.internal.ui.DebugUIPlugin$8.run(DebugUIPlugin.java:1256)
	at org.eclipse.core.internal.jobs.Worker.run(Worker.java:55)
09:56:50 INFO  : 'targets -set -filter {jtag_cable_name =~ "Digilent Zed 210248650939" && level==0} -index 1' command is executed.
09:56:50 INFO  : 'fpga -state' command is executed.
09:56:51 INFO  : Connected to target on host '127.0.0.1' and port '3121'.
09:56:51 INFO  : Jtag cable 'Digilent Zed 210248650939' is selected.
09:56:51 INFO  : 'jtag frequency' command is executed.
09:56:51 INFO  : Sourcing of 'C:/Users/konto/Documents/embeded/lab2/lab2_simple_arm/lab2_simple_arm.sdk/arm_wrapper_hw_platform_0/ps7_init.tcl' is done.
09:56:51 INFO  : Context for 'APU' is selected.
09:56:51 INFO  : Hardware design information is loaded from 'C:/Users/konto/Documents/embeded/lab2/lab2_simple_arm/lab2_simple_arm.sdk/arm_wrapper_hw_platform_0/system.hdf'.
09:56:51 INFO  : Context for 'APU' is selected.
09:56:52 INFO  : 'stop' command is executed.
09:56:53 INFO  : 'ps7_init' command is executed.
09:56:53 INFO  : 'ps7_post_config' command is executed.
09:56:53 INFO  : Context for processor 'ps7_cortexa9_0' is selected.
09:56:54 INFO  : Processor reset is completed for 'ps7_cortexa9_0'.
09:56:54 INFO  : Context for processor 'ps7_cortexa9_0' is selected.
09:56:54 INFO  : The application 'C:/Users/konto/Documents/embeded/lab2/lab2_simple_arm/lab2_simple_arm.sdk/lab2_simple/Debug/lab2_simple.elf' is downloaded to processor 'ps7_cortexa9_0'.
09:56:54 INFO  : ----------------XSDB Script----------------
connect -url tcp:127.0.0.1:3121
source C:/Users/konto/Documents/embeded/lab2/lab2_simple_arm/lab2_simple_arm.sdk/arm_wrapper_hw_platform_0/ps7_init.tcl
targets -set -nocase -filter {name =~"APU*" && jtag_cable_name =~ "Digilent Zed 210248650939"} -index 0
loadhw C:/Users/konto/Documents/embeded/lab2/lab2_simple_arm/lab2_simple_arm.sdk/arm_wrapper_hw_platform_0/system.hdf
targets -set -nocase -filter {name =~"APU*" && jtag_cable_name =~ "Digilent Zed 210248650939"} -index 0
stop
ps7_init
ps7_post_config
targets -set -nocase -filter {name =~ "ARM*#0" && jtag_cable_name =~ "Digilent Zed 210248650939"} -index 0
rst -processor
targets -set -nocase -filter {name =~ "ARM*#0" && jtag_cable_name =~ "Digilent Zed 210248650939"} -index 0
dow C:/Users/konto/Documents/embeded/lab2/lab2_simple_arm/lab2_simple_arm.sdk/lab2_simple/Debug/lab2_simple.elf
----------------End of Script----------------

09:56:55 INFO  : Memory regions updated for context APU
09:56:55 INFO  : Context for processor 'ps7_cortexa9_0' is selected.
09:56:55 INFO  : 'con' command is executed.
09:56:55 INFO  : ----------------XSDB Script (After Launch)----------------
targets -set -nocase -filter {name =~ "ARM*#0" && jtag_cable_name =~ "Digilent Zed 210248650939"} -index 0
con
----------------End of Script----------------

09:56:55 INFO  : Launch script is exported to file 'C:\Users\konto\Documents\embeded\lab2\lab2_simple_arm\lab2_simple_arm.sdk\.sdk\launch_scripts\xilinx_c-c++_application_(system_debugger)\system_debugger_using_debug_lab2_simple.elf_on_local.tcl'
10:02:02 INFO  : Connected to target on host '127.0.0.1' and port '3121'.
10:02:02 INFO  : 'targets -set -filter {jtag_cable_name =~ "Digilent Zed 210248650939" && level==0} -index 1' command is executed.
10:02:05 INFO  : FPGA configured successfully with bitstream "C:/Users/konto/Documents/embeded/lab2/lab2_simple_arm/lab2_simple_arm.sdk/arm_wrapper_hw_platform_0/arm_wrapper.bit"
10:02:14 INFO  : Disconnected from the channel tcfchan#1.
10:02:15 INFO  : 'targets -set -filter {jtag_cable_name =~ "Digilent Zed 210248650939" && level==0} -index 1' command is executed.
10:02:15 INFO  : 'fpga -state' command is executed.
10:02:15 INFO  : Connected to target on host '127.0.0.1' and port '3121'.
10:02:16 INFO  : Jtag cable 'Digilent Zed 210248650939' is selected.
10:02:16 INFO  : 'jtag frequency' command is executed.
10:02:16 INFO  : Sourcing of 'C:/Users/konto/Documents/embeded/lab2/lab2_simple_arm/lab2_simple_arm.sdk/arm_wrapper_hw_platform_0/ps7_init.tcl' is done.
10:02:16 INFO  : Context for 'APU' is selected.
10:02:18 INFO  : Hardware design information is loaded from 'C:/Users/konto/Documents/embeded/lab2/lab2_simple_arm/lab2_simple_arm.sdk/arm_wrapper_hw_platform_0/system.hdf'.
10:02:18 INFO  : Context for 'APU' is selected.
10:02:19 INFO  : 'stop' command is executed.
10:02:20 INFO  : 'ps7_init' command is executed.
10:02:20 INFO  : 'ps7_post_config' command is executed.
10:02:20 INFO  : Context for processor 'ps7_cortexa9_0' is selected.
10:02:20 INFO  : Processor reset is completed for 'ps7_cortexa9_0'.
10:02:20 INFO  : Context for processor 'ps7_cortexa9_0' is selected.
10:02:20 INFO  : The application 'C:/Users/konto/Documents/embeded/lab2/lab2_simple_arm/lab2_simple_arm.sdk/lab2_simple/Debug/lab2_simple.elf' is downloaded to processor 'ps7_cortexa9_0'.
10:02:20 INFO  : ----------------XSDB Script----------------
connect -url tcp:127.0.0.1:3121
source C:/Users/konto/Documents/embeded/lab2/lab2_simple_arm/lab2_simple_arm.sdk/arm_wrapper_hw_platform_0/ps7_init.tcl
targets -set -nocase -filter {name =~"APU*" && jtag_cable_name =~ "Digilent Zed 210248650939"} -index 0
loadhw C:/Users/konto/Documents/embeded/lab2/lab2_simple_arm/lab2_simple_arm.sdk/arm_wrapper_hw_platform_0/system.hdf
targets -set -nocase -filter {name =~"APU*" && jtag_cable_name =~ "Digilent Zed 210248650939"} -index 0
stop
ps7_init
ps7_post_config
targets -set -nocase -filter {name =~ "ARM*#0" && jtag_cable_name =~ "Digilent Zed 210248650939"} -index 0
rst -processor
targets -set -nocase -filter {name =~ "ARM*#0" && jtag_cable_name =~ "Digilent Zed 210248650939"} -index 0
dow C:/Users/konto/Documents/embeded/lab2/lab2_simple_arm/lab2_simple_arm.sdk/lab2_simple/Debug/lab2_simple.elf
----------------End of Script----------------

10:02:20 INFO  : Memory regions updated for context APU
10:02:21 INFO  : Context for processor 'ps7_cortexa9_0' is selected.
10:02:21 INFO  : 'con' command is executed.
10:02:21 INFO  : ----------------XSDB Script (After Launch)----------------
targets -set -nocase -filter {name =~ "ARM*#0" && jtag_cable_name =~ "Digilent Zed 210248650939"} -index 0
con
----------------End of Script----------------

10:02:21 INFO  : Launch script is exported to file 'C:\Users\konto\Documents\embeded\lab2\lab2_simple_arm\lab2_simple_arm.sdk\.sdk\launch_scripts\xilinx_c-c++_application_(system_debugger)\system_debugger_using_debug_lab2_simple.elf_on_local.tcl'
10:05:24 INFO  : Disconnected from the channel tcfchan#2.
10:05:26 ERROR : Unexpected error while parsing XMD response ?: com.google.gson.JsonSyntaxException: com.google.gson.stream.MalformedJsonException: invalid number or unquoted string near 
10:55:53 INFO  : Launching XSCT server: xsct.bat -interactive C:\Users\konto\Documents\embeded\lab2\lab2_simple_arm\lab2_simple_arm.sdk\temp_xsdb_launch_script.tcl
10:55:54 INFO  : Registering command handlers for SDK TCF services
10:56:12 INFO  : XSCT server has started successfully.
10:56:38 INFO  : Successfully done setting XSCT server connection channel  
10:56:38 INFO  : Processing command line option -hwspec C:/Users/konto/Documents/embeded/lab2/lab2_simple_arm/lab2_simple_arm.sdk/arm_wrapper.hdf.
10:56:46 INFO  : Successfully done setting SDK workspace  
10:56:47 INFO  : Checking for hwspec changes in the project arm_wrapper_hw_platform_0.
10:57:12 INFO  : Connected to target on host '127.0.0.1' and port '3121'.
10:57:16 INFO  : 'targets -set -filter {jtag_cable_name =~ "Digilent Zed 210248650715" && level==0} -index 1' command is executed.
10:57:20 INFO  : FPGA configured successfully with bitstream "C:/Users/konto/Documents/embeded/lab2/lab2_simple_arm/lab2_simple_arm.sdk/arm_wrapper_hw_platform_0/arm_wrapper.bit"
10:58:15 INFO  : 'targets -set -filter {jtag_cable_name =~ "Digilent Zed 210248650715" && level==0} -index 1' command is executed.
10:58:15 INFO  : 'fpga -state' command is executed.
10:58:15 INFO  : Connected to target on host '127.0.0.1' and port '3121'.
10:58:15 INFO  : Jtag cable 'Digilent Zed 210248650715' is selected.
10:58:16 INFO  : 'jtag frequency' command is executed.
10:58:16 INFO  : Sourcing of 'C:/Users/konto/Documents/embeded/lab2/lab2_simple_arm/lab2_simple_arm.sdk/arm_wrapper_hw_platform_0/ps7_init.tcl' is done.
10:58:16 INFO  : Context for 'APU' is selected.
10:58:17 INFO  : Hardware design information is loaded from 'C:/Users/konto/Documents/embeded/lab2/lab2_simple_arm/lab2_simple_arm.sdk/arm_wrapper_hw_platform_0/system.hdf'.
10:58:18 INFO  : Context for 'APU' is selected.
10:58:19 INFO  : 'stop' command is executed.
10:58:36 INFO  : 'ps7_init' command is executed.
10:58:36 INFO  : 'ps7_post_config' command is executed.
10:58:36 INFO  : Context for processor 'ps7_cortexa9_0' is selected.
10:58:36 INFO  : Processor reset is completed for 'ps7_cortexa9_0'.
10:58:37 INFO  : Context for processor 'ps7_cortexa9_0' is selected.
10:58:39 INFO  : The application 'C:/Users/konto/Documents/embeded/lab2/lab2_simple_arm/lab2_simple_arm.sdk/lab2_simple/Debug/lab2_simple.elf' is downloaded to processor 'ps7_cortexa9_0'.
10:58:39 INFO  : ----------------XSDB Script----------------
connect -url tcp:127.0.0.1:3121
source C:/Users/konto/Documents/embeded/lab2/lab2_simple_arm/lab2_simple_arm.sdk/arm_wrapper_hw_platform_0/ps7_init.tcl
targets -set -nocase -filter {name =~"APU*" && jtag_cable_name =~ "Digilent Zed 210248650715"} -index 0
loadhw C:/Users/konto/Documents/embeded/lab2/lab2_simple_arm/lab2_simple_arm.sdk/arm_wrapper_hw_platform_0/system.hdf
targets -set -nocase -filter {name =~"APU*" && jtag_cable_name =~ "Digilent Zed 210248650715"} -index 0
stop
ps7_init
ps7_post_config
targets -set -nocase -filter {name =~ "ARM*#0" && jtag_cable_name =~ "Digilent Zed 210248650715"} -index 0
rst -processor
targets -set -nocase -filter {name =~ "ARM*#0" && jtag_cable_name =~ "Digilent Zed 210248650715"} -index 0
dow C:/Users/konto/Documents/embeded/lab2/lab2_simple_arm/lab2_simple_arm.sdk/lab2_simple/Debug/lab2_simple.elf
----------------End of Script----------------

10:58:40 INFO  : Memory regions updated for context APU
10:58:40 INFO  : Context for processor 'ps7_cortexa9_0' is selected.
10:58:41 INFO  : 'con' command is executed.
10:58:41 INFO  : ----------------XSDB Script (After Launch)----------------
targets -set -nocase -filter {name =~ "ARM*#0" && jtag_cable_name =~ "Digilent Zed 210248650715"} -index 0
con
----------------End of Script----------------

10:58:41 INFO  : Launch script is exported to file 'C:\Users\konto\Documents\embeded\lab2\lab2_simple_arm\lab2_simple_arm.sdk\.sdk\launch_scripts\xilinx_c-c++_application_(system_debugger)\system_debugger_using_debug_lab2_simple.elf_on_local.tcl'
11:07:44 INFO  : Disconnected from the channel tcfchan#1.
15:28:17 INFO  : Registering command handlers for SDK TCF services
15:28:19 INFO  : Launching XSCT server: xsct.bat -interactive C:\Users\konto\Documents\embeded\lab2\lab2_simple_arm\lab2_simple_arm.sdk\temp_xsdb_launch_script.tcl
15:28:30 INFO  : XSCT server has started successfully.
15:28:31 INFO  : Successfully done setting XSCT server connection channel  
15:28:53 INFO  : Successfully done setting SDK workspace  
15:28:53 INFO  : Processing command line option -hwspec C:/Users/konto/Documents/embeded/lab2/lab2_simple_arm/lab2_simple_arm.sdk/arm_wrapper.hdf.
15:29:06 INFO  : Checking for hwspec changes in the project arm_wrapper_hw_platform_0.
15:29:06 INFO  : SDK has detected change in the last modified timestamps for source hardware specification file Source:1495628674454,  Project:1488995260973
15:29:06 INFO  : The hardware specification for project 'arm_wrapper_hw_platform_0' is different from C:/Users/konto/Documents/embeded/lab2/lab2_simple_arm/lab2_simple_arm.sdk/arm_wrapper.hdf.
15:29:06 INFO  : Copied contents of C:/Users/konto/Documents/embeded/lab2/lab2_simple_arm/lab2_simple_arm.sdk/arm_wrapper.hdf into \arm_wrapper_hw_platform_0\system.hdf.
15:29:13 INFO  : Synchronizing projects in the workspace with the hardware platform specification changes.
15:29:58 INFO  : 
15:30:04 INFO  : Updating hardware inferred compiler options for lab2_simple.
15:31:50 INFO  : Clearing existing target manager status.
15:37:45 ERROR : (XSDB Server)ERROR: [Hsi 55-1545] Problem running tcl command ::sw_xilisf_v5_7::isf_drc : ERROR: No SPI core is addressable from processor ps7_cortexa9_0.  XilIsf library requires a SPI Core 

    while executing
"error  "ERROR: No SPI core is addressable from processor $cpuname.  XilIsf library requires a SPI Core \n""
    (procedure "::sw_xilisf_v5_7::isf_drc" line 12)
    invoked from within
"::sw_xilisf_v5_7::isf_drc xilisf"

15:37:45 ERROR : (XSDB Server)ERROR: [Hsi 55-1440] Error(s) while running DRCs.

15:37:45 ERROR : (XSDB Server)ERROR: [Hsi 55-1450] Error: running generate_bsp.

15:37:45 ERROR : Error generating bsp sources: Failed in generating sources
15:37:45 ERROR : Failed to regenerate sources for BSP project standalone_bsp_0
org.eclipse.core.runtime.CoreException: Internal error occurred while generating bsp sources. Please check the SDK Log view for further details.
	at com.xilinx.sdk.sw.ui.handlers.RegenBspSourcesHandler.internalGenerateBsp(RegenBspSourcesHandler.java:178)
	at com.xilinx.sdk.sw.ui.handlers.RegenBspSourcesHandler.access$2(RegenBspSourcesHandler.java:163)
	at com.xilinx.sdk.sw.ui.handlers.RegenBspSourcesHandler$1$1.run(RegenBspSourcesHandler.java:131)
	at org.eclipse.core.internal.resources.Workspace.run(Workspace.java:2241)
	at com.xilinx.sdk.sw.ui.handlers.RegenBspSourcesHandler$1.run(RegenBspSourcesHandler.java:135)
	at org.eclipse.jface.operation.ModalContext$ModalContextThread.run(ModalContext.java:119)
15:37:51 INFO  : Refreshed build settings on project sobel
15:38:18 INFO  : Refreshed build settings on project sobel
15:40:16 ERROR : (XSDB Server)ERROR: [Hsi 55-1545] Problem running tcl command ::sw_xilisf_v5_7::isf_drc : ERROR: No SPI core is addressable from processor ps7_cortexa9_0.  XilIsf library requires a SPI Core 

    while executing
"error  "ERROR: No SPI core is addressable from processor $cpuname.  XilIsf library requires a SPI Core \n""
    (procedure "::sw_xilisf_v5_7::isf_drc" line 12)
    invoked from within
"::sw_xilisf_v5_7::isf_drc xilisf"

15:40:16 ERROR : (XSDB Server)ERROR: [Hsi 55-1440] Error(s) while running DRCs.

15:40:16 ERROR : (XSDB Server)ERROR: [Hsi 55-1450] Error: running generate_bsp.

15:40:16 ERROR : Error generating bsp sources: Failed in generating sources
15:40:16 ERROR : Failed to regenerate sources for BSP project standalone_bsp_0
org.eclipse.core.runtime.CoreException: Internal error occurred while generating bsp sources. Please check the SDK Log view for further details.
	at com.xilinx.sdk.sw.ui.handlers.RegenBspSourcesHandler.internalGenerateBsp(RegenBspSourcesHandler.java:178)
	at com.xilinx.sdk.sw.ui.handlers.RegenBspSourcesHandler.access$2(RegenBspSourcesHandler.java:163)
	at com.xilinx.sdk.sw.ui.handlers.RegenBspSourcesHandler$1$1.run(RegenBspSourcesHandler.java:131)
	at org.eclipse.core.internal.resources.Workspace.run(Workspace.java:2241)
	at com.xilinx.sdk.sw.ui.handlers.RegenBspSourcesHandler$1.run(RegenBspSourcesHandler.java:135)
	at org.eclipse.jface.operation.ModalContext$ModalContextThread.run(ModalContext.java:119)
15:40:18 INFO  : Refreshed build settings on project sobel
15:40:30 ERROR : Failed to regenerate sources for BSP project standalone_bsp_0
org.eclipse.core.internal.resources.ResourceException: Problems encountered while deleting resources.
	at org.eclipse.core.internal.resources.Resource.delete(Resource.java:794)
	at org.eclipse.core.internal.resources.Resource.delete(Resource.java:749)
	at com.xilinx.sdk.sw.ui.handlers.RegenBspSourcesHandler.internalGenerateBsp(RegenBspSourcesHandler.java:170)
	at com.xilinx.sdk.sw.ui.handlers.RegenBspSourcesHandler.access$2(RegenBspSourcesHandler.java:163)
	at com.xilinx.sdk.sw.ui.handlers.RegenBspSourcesHandler$1$1.run(RegenBspSourcesHandler.java:131)
	at org.eclipse.core.internal.resources.Workspace.run(Workspace.java:2241)
	at com.xilinx.sdk.sw.ui.handlers.RegenBspSourcesHandler$1.run(RegenBspSourcesHandler.java:135)
	at org.eclipse.jface.operation.ModalContext$ModalContextThread.run(ModalContext.java:119)
Contains: Could not delete '/standalone_bsp_0/ps7_cortexa9_0'.
org.eclipse.core.internal.resources.ResourceException: Problems encountered while deleting resources.
	at org.eclipse.core.internal.localstore.FileSystemResourceManager.delete(FileSystemResourceManager.java:354)
	at org.eclipse.core.internal.resources.ResourceTree.internalDeleteFolder(ResourceTree.java:358)
	at org.eclipse.core.internal.resources.ResourceTree.standardDeleteFolder(ResourceTree.java:810)
	at org.eclipse.core.internal.resources.Resource.unprotectedDelete(Resource.java:1831)
	at org.eclipse.core.internal.resources.Resource.delete(Resource.java:781)
	at org.eclipse.core.internal.resources.Resource.delete(Resource.java:749)
	at com.xilinx.sdk.sw.ui.handlers.RegenBspSourcesHandler.internalGenerateBsp(RegenBspSourcesHandler.java:170)
	at com.xilinx.sdk.sw.ui.handlers.RegenBspSourcesHandler.access$2(RegenBspSourcesHandler.java:163)
	at com.xilinx.sdk.sw.ui.handlers.RegenBspSourcesHandler$1$1.run(RegenBspSourcesHandler.java:131)
	at org.eclipse.core.internal.resources.Workspace.run(Workspace.java:2241)
	at com.xilinx.sdk.sw.ui.handlers.RegenBspSourcesHandler$1.run(RegenBspSourcesHandler.java:135)
	at org.eclipse.jface.operation.ModalContext$ModalContextThread.run(ModalContext.java:119)
Contains: Problems encountered while deleting files.
Contains: Could not delete: C:\Users\konto\Documents\embeded\lab2\lab2_simple_arm\lab2_simple_arm.sdk\standalone_bsp_0\ps7_cortexa9_0\libsrc\standalone_v6_1\src\arm\cortexa53\64bit\xtime_l.c.
Contains: Could not delete: C:\Users\konto\Documents\embeded\lab2\lab2_simple_arm\lab2_simple_arm.sdk\standalone_bsp_0\ps7_cortexa9_0\libsrc\standalone_v6_1\src\arm\cortexa53\64bit.
Contains: Could not delete: C:\Users\konto\Documents\embeded\lab2\lab2_simple_arm\lab2_simple_arm.sdk\standalone_bsp_0\ps7_cortexa9_0\libsrc\standalone_v6_1\src\arm\cortexa53.
Contains: Could not delete: C:\Users\konto\Documents\embeded\lab2\lab2_simple_arm\lab2_simple_arm.sdk\standalone_bsp_0\ps7_cortexa9_0\libsrc\standalone_v6_1\src\arm\cortexa9\sleep.c.
Contains: Could not delete: C:\Users\konto\Documents\embeded\lab2\lab2_simple_arm\lab2_simple_arm.sdk\standalone_bsp_0\ps7_cortexa9_0\libsrc\standalone_v6_1\src\arm\cortexa9\xpm_counter.h.
Contains: Could not delete: C:\Users\konto\Documents\embeded\lab2\lab2_simple_arm\lab2_simple_arm.sdk\standalone_bsp_0\ps7_cortexa9_0\libsrc\standalone_v6_1\src\arm\cortexa9.
Contains: Could not delete: C:\Users\konto\Documents\embeded\lab2\lab2_simple_arm\lab2_simple_arm.sdk\standalone_bsp_0\ps7_cortexa9_0\libsrc\standalone_v6_1\src\arm.
Contains: Could not delete: C:\Users\konto\Documents\embeded\lab2\lab2_simple_arm\lab2_simple_arm.sdk\standalone_bsp_0\ps7_cortexa9_0\libsrc\standalone_v6_1\src\common\sleep.h.
Contains: Could not delete: C:\Users\konto\Documents\embeded\lab2\lab2_simple_arm\lab2_simple_arm.sdk\standalone_bsp_0\ps7_cortexa9_0\libsrc\standalone_v6_1\src\common\xbasic_types.h.
Contains: Could not delete: C:\Users\konto\Documents\embeded\lab2\lab2_simple_arm\lab2_simple_arm.sdk\standalone_bsp_0\ps7_cortexa9_0\libsrc\standalone_v6_1\src\common\xdebug.h.
Contains: Could not delete: C:\Users\konto\Documents\embeded\lab2\lab2_simple_arm\lab2_simple_arm.sdk\standalone_bsp_0\ps7_cortexa9_0\libsrc\standalone_v6_1\src\common\xenv.h.
Contains: Could not delete: C:\Users\konto\Documents\embeded\lab2\lab2_simple_arm\lab2_simple_arm.sdk\standalone_bsp_0\ps7_cortexa9_0\libsrc\standalone_v6_1\src\common\xenv_standalone.h.
Contains: Could not delete: C:\Users\konto\Documents\embeded\lab2\lab2_simple_arm\lab2_simple_arm.sdk\standalone_bsp_0\ps7_cortexa9_0\libsrc\standalone_v6_1\src\common\xil_assert.c.
Contains: Could not delete: C:\Users\konto\Documents\embeded\lab2\lab2_simple_arm\lab2_simple_arm.sdk\standalone_bsp_0\ps7_cortexa9_0\libsrc\standalone_v6_1\src\common\xil_assert.h.
Contains: Could not delete: C:\Users\konto\Documents\embeded\lab2\lab2_simple_arm\lab2_simple_arm.sdk\standalone_bsp_0\ps7_cortexa9_0\libsrc\standalone_v6_1\src\common\xil_cache_vxworks.h.
Contains: Could not delete: C:\Users\konto\Documents\embeded\lab2\lab2_simple_arm\lab2_simple_arm.sdk\standalone_bsp_0\ps7_cortexa9_0\libsrc\standalone_v6_1\src\common\xil_hal.h.
Contains: Could not delete: C:\Users\konto\Documents\embeded\lab2\lab2_simple_arm\lab2_simple_arm.sdk\standalone_bsp_0\ps7_cortexa9_0\libsrc\standalone_v6_1\src\common\xil_io.c.
Contains: Could not delete: C:\Users\konto\Documents\embeded\lab2\lab2_simple_arm\lab2_simple_arm.sdk\standalone_bsp_0\ps7_cortexa9_0\libsrc\standalone_v6_1\src\common\xil_io.h.
Contains: Could not delete: C:\Users\konto\Documents\embeded\lab2\lab2_simple_arm\lab2_simple_arm.sdk\standalone_bsp_0\ps7_cortexa9_0\libsrc\standalone_v6_1\src\common\xil_macroback.h.
Contains: Could not delete: C:\Users\konto\Documents\embeded\lab2\lab2_simple_arm\lab2_simple_arm.sdk\standalone_bsp_0\ps7_cortexa9_0\libsrc\standalone_v6_1\src\common\xil_printf.c.
Contains: Could not delete: C:\Users\konto\Documents\embeded\lab2\lab2_simple_arm\lab2_simple_arm.sdk\standalone_bsp_0\ps7_cortexa9_0\libsrc\standalone_v6_1\src\common\xil_testcache.h.
Contains: Could not delete: C:\Users\konto\Documents\embeded\lab2\lab2_simple_arm\lab2_simple_arm.sdk\standalone_bsp_0\ps7_cortexa9_0\libsrc\standalone_v6_1\src\common\xil_testio.h.
Contains: Could not delete: C:\Users\konto\Documents\embeded\lab2\lab2_simple_arm\lab2_simple_arm.sdk\standalone_bsp_0\ps7_cortexa9_0\libsrc\standalone_v6_1\src\common.
Contains: Could not delete: C:\Users\konto\Documents\embeded\lab2\lab2_simple_arm\lab2_simple_arm.sdk\standalone_bsp_0\ps7_cortexa9_0\libsrc\standalone_v6_1\src\profile\_profile_timer_hw.c.
Contains: Could not delete: C:\Users\konto\Documents\embeded\lab2\lab2_simple_arm\lab2_simple_arm.sdk\standalone_bsp_0\ps7_cortexa9_0\libsrc\standalone_v6_1\src\profile.
Contains: Could not delete: C:\Users\konto\Documents\embeded\lab2\lab2_simple_arm\lab2_simple_arm.sdk\standalone_bsp_0\ps7_cortexa9_0\libsrc\standalone_v6_1\src.
Contains: Could not delete: C:\Users\konto\Documents\embeded\lab2\lab2_simple_arm\lab2_simple_arm.sdk\standalone_bsp_0\ps7_cortexa9_0\libsrc\standalone_v6_1.
Contains: Could not delete: C:\Users\konto\Documents\embeded\lab2\lab2_simple_arm\lab2_simple_arm.sdk\standalone_bsp_0\ps7_cortexa9_0\libsrc.
Contains: Could not delete: C:\Users\konto\Documents\embeded\lab2\lab2_simple_arm\lab2_simple_arm.sdk\standalone_bsp_0\ps7_cortexa9_0.
15:40:33 INFO  : Refreshed build settings on project sobel
15:40:46 INFO  : Refreshed build settings on project sobel
15:41:49 ERROR : Unexpected error while parsing XMD response ?: com.google.gson.JsonSyntaxException: com.google.gson.stream.MalformedJsonException: invalid number or unquoted string near 
21:21:23 INFO  : Registering command handlers for SDK TCF services
21:21:26 INFO  : Launching XSCT server: xsct.bat -interactive C:\Users\konto\Documents\embeded\lab2\lab2_simple_arm\lab2_simple_arm.sdk\temp_xsdb_launch_script.tcl
21:21:35 INFO  : XSCT server has started successfully.
21:21:35 INFO  : Successfully done setting XSCT server connection channel  
21:21:52 INFO  : Successfully done setting SDK workspace  
21:21:52 INFO  : Processing command line option -hwspec C:/Users/konto/Documents/embeded/lab2/lab2_simple_arm/lab2_simple_arm.sdk/arm_wrapper.hdf.
21:22:02 INFO  : Checking for hwspec changes in the project arm_wrapper_hw_platform_0.
21:22:02 INFO  : SDK has detected change in the last modified timestamps for source hardware specification file Source:1495649825715,  Project:1495628674454
21:22:02 INFO  : The hardware specification for project 'arm_wrapper_hw_platform_0' is different from C:/Users/konto/Documents/embeded/lab2/lab2_simple_arm/lab2_simple_arm.sdk/arm_wrapper.hdf.
21:22:03 INFO  : Copied contents of C:/Users/konto/Documents/embeded/lab2/lab2_simple_arm/lab2_simple_arm.sdk/arm_wrapper.hdf into \arm_wrapper_hw_platform_0\system.hdf.
21:22:10 INFO  : Synchronizing projects in the workspace with the hardware platform specification changes.
21:22:29 INFO  : 
21:22:34 INFO  : 
21:22:35 INFO  : Updating hardware inferred compiler options for lab2_simple.
21:22:36 INFO  : Updating hardware inferred compiler options for sobel.
21:22:36 INFO  : Clearing existing target manager status.
21:22:44 INFO  : Refreshed build settings on project sobel
21:23:37 INFO  : Refreshed build settings on project sobel
21:39:58 INFO  : SDK has detected change in the last modified timestamps for source hardware specification file Source:1495651147914,  Project:1495649825715
21:39:58 INFO  : Project arm_wrapper_hw_platform_0's source hardware specification located at C:/Users/konto/Documents/embeded/lab2/lab2_simple_arm/lab2_simple_arm.sdk/arm_wrapper.hdf is now different from the local copy.
		 The local copy will be replaced with the source specification and your workspace will be updated.
21:40:02 INFO  : Copied contents of C:/Users/konto/Documents/embeded/lab2/lab2_simple_arm/lab2_simple_arm.sdk/arm_wrapper.hdf into \arm_wrapper_hw_platform_0\system.hdf.
21:40:19 INFO  : Synchronizing projects in the workspace with the hardware platform specification changes.
21:40:39 INFO  : 
21:40:45 INFO  : 
21:40:46 INFO  : Updating hardware inferred compiler options for lab2_simple.
21:40:47 INFO  : Updating hardware inferred compiler options for sobel.
21:40:47 INFO  : Clearing existing target manager status.
21:42:42 INFO  : Refreshed build settings on project sobel
21:43:32 INFO  : Refreshed build settings on project sobel
21:46:57 ERROR : Unexpected error while parsing XMD response ?: com.google.gson.JsonSyntaxException: com.google.gson.stream.MalformedJsonException: invalid number or unquoted string near 
09:23:29 INFO  : Registering command handlers for SDK TCF services
09:23:31 INFO  : Launching XSCT server: xsct.bat -interactive C:\Users\konto\Documents\embeded\lab2\lab2_simple_arm\lab2_simple_arm.sdk\temp_xsdb_launch_script.tcl
09:23:40 INFO  : XSCT server has started successfully.
09:23:48 INFO  : Successfully done setting XSCT server connection channel  
09:24:01 INFO  : Successfully done setting SDK workspace  
09:24:01 INFO  : Processing command line option -hwspec C:/Users/konto/Documents/embeded/lab2/lab2_simple_arm/lab2_simple_arm.sdk/arm_wrapper.hdf.
09:24:03 INFO  : Checking for hwspec changes in the project arm_wrapper_hw_platform_0.
09:35:49 INFO  : Connected to target on host '127.0.0.1' and port '3121'.
09:35:52 INFO  : 'targets -set -filter {jtag_cable_name =~ "Digilent Zed 210248650934" && level==0} -index 1' command is executed.
09:35:57 INFO  : FPGA configured successfully with bitstream "C:/Users/konto/Documents/embeded/lab2/lab2_simple_arm/lab2_simple_arm.sdk/arm_wrapper_hw_platform_0/arm_wrapper.bit"
09:36:17 INFO  : 'targets -set -filter {jtag_cable_name =~ "Digilent Zed 210248650934" && level==0} -index 1' command is executed.
09:36:17 INFO  : 'fpga -state' command is executed.
09:36:17 INFO  : Connected to target on host '127.0.0.1' and port '3121'.
09:36:18 INFO  : Jtag cable 'Digilent Zed 210248650934' is selected.
09:36:18 INFO  : 'jtag frequency' command is executed.
09:36:18 INFO  : Sourcing of 'C:/Users/konto/Documents/embeded/lab2/lab2_simple_arm/lab2_simple_arm.sdk/arm_wrapper_hw_platform_0/ps7_init.tcl' is done.
09:36:19 INFO  : Context for 'APU' is selected.
09:36:19 INFO  : Hardware design information is loaded from 'C:/Users/konto/Documents/embeded/lab2/lab2_simple_arm/lab2_simple_arm.sdk/arm_wrapper_hw_platform_0/system.hdf'.
09:36:19 INFO  : Context for 'APU' is selected.
09:36:20 INFO  : 'stop' command is executed.
09:36:37 INFO  : 'ps7_init' command is executed.
09:36:37 INFO  : 'ps7_post_config' command is executed.
09:36:37 INFO  : Context for processor 'ps7_cortexa9_0' is selected.
09:36:39 INFO  : Processor reset is completed for 'ps7_cortexa9_0'.
09:36:39 INFO  : Context for processor 'ps7_cortexa9_0' is selected.
09:36:42 INFO  : The application 'C:/Users/konto/Documents/embeded/lab2/lab2_simple_arm/lab2_simple_arm.sdk/lab2_simple/Debug/lab2_simple.elf' is downloaded to processor 'ps7_cortexa9_0'.
09:36:42 INFO  : ----------------XSDB Script----------------
connect -url tcp:127.0.0.1:3121
source C:/Users/konto/Documents/embeded/lab2/lab2_simple_arm/lab2_simple_arm.sdk/arm_wrapper_hw_platform_0/ps7_init.tcl
targets -set -nocase -filter {name =~"APU*" && jtag_cable_name =~ "Digilent Zed 210248650934"} -index 0
loadhw C:/Users/konto/Documents/embeded/lab2/lab2_simple_arm/lab2_simple_arm.sdk/arm_wrapper_hw_platform_0/system.hdf
targets -set -nocase -filter {name =~"APU*" && jtag_cable_name =~ "Digilent Zed 210248650934"} -index 0
stop
ps7_init
ps7_post_config
targets -set -nocase -filter {name =~ "ARM*#0" && jtag_cable_name =~ "Digilent Zed 210248650934"} -index 0
rst -processor
targets -set -nocase -filter {name =~ "ARM*#0" && jtag_cable_name =~ "Digilent Zed 210248650934"} -index 0
dow C:/Users/konto/Documents/embeded/lab2/lab2_simple_arm/lab2_simple_arm.sdk/lab2_simple/Debug/lab2_simple.elf
----------------End of Script----------------

09:36:43 INFO  : Memory regions updated for context APU
09:36:44 INFO  : Context for processor 'ps7_cortexa9_0' is selected.
09:36:44 INFO  : 'con' command is executed.
09:36:44 INFO  : ----------------XSDB Script (After Launch)----------------
targets -set -nocase -filter {name =~ "ARM*#0" && jtag_cable_name =~ "Digilent Zed 210248650934"} -index 0
con
----------------End of Script----------------

09:36:44 INFO  : Launch script is exported to file 'C:\Users\konto\Documents\embeded\lab2\lab2_simple_arm\lab2_simple_arm.sdk\.sdk\launch_scripts\xilinx_c-c++_application_(system_debugger)\system_debugger_using_debug_lab2_simple.elf_on_local.tcl'
09:37:02 INFO  : Disconnected from the channel tcfchan#1.
09:37:04 INFO  : 'targets -set -filter {jtag_cable_name =~ "Digilent Zed 210248650934" && level==0} -index 1' command is executed.
09:37:04 INFO  : 'fpga -state' command is executed.
09:37:04 INFO  : Connected to target on host '127.0.0.1' and port '3121'.
09:37:04 INFO  : Jtag cable 'Digilent Zed 210248650934' is selected.
09:37:05 INFO  : 'jtag frequency' command is executed.
09:37:05 INFO  : Sourcing of 'C:/Users/konto/Documents/embeded/lab2/lab2_simple_arm/lab2_simple_arm.sdk/arm_wrapper_hw_platform_0/ps7_init.tcl' is done.
09:37:06 INFO  : Context for 'APU' is selected.
09:37:09 INFO  : Hardware design information is loaded from 'C:/Users/konto/Documents/embeded/lab2/lab2_simple_arm/lab2_simple_arm.sdk/arm_wrapper_hw_platform_0/system.hdf'.
09:37:09 INFO  : Context for 'APU' is selected.
09:37:10 INFO  : 'stop' command is executed.
09:37:21 INFO  : 'ps7_init' command is executed.
09:37:22 INFO  : 'ps7_post_config' command is executed.
09:37:22 INFO  : Context for processor 'ps7_cortexa9_0' is selected.
09:37:23 INFO  : Processor reset is completed for 'ps7_cortexa9_0'.
09:37:23 INFO  : Context for processor 'ps7_cortexa9_0' is selected.
09:37:28 INFO  : The application 'C:/Users/konto/Documents/embeded/lab2/lab2_simple_arm/lab2_simple_arm.sdk/sobel/Debug/sobel.elf' is downloaded to processor 'ps7_cortexa9_0'.
09:37:28 INFO  : ----------------XSDB Script----------------
connect -url tcp:127.0.0.1:3121
source C:/Users/konto/Documents/embeded/lab2/lab2_simple_arm/lab2_simple_arm.sdk/arm_wrapper_hw_platform_0/ps7_init.tcl
targets -set -nocase -filter {name =~"APU*" && jtag_cable_name =~ "Digilent Zed 210248650934"} -index 0
loadhw C:/Users/konto/Documents/embeded/lab2/lab2_simple_arm/lab2_simple_arm.sdk/arm_wrapper_hw_platform_0/system.hdf
targets -set -nocase -filter {name =~"APU*" && jtag_cable_name =~ "Digilent Zed 210248650934"} -index 0
stop
ps7_init
ps7_post_config
targets -set -nocase -filter {name =~ "ARM*#0" && jtag_cable_name =~ "Digilent Zed 210248650934"} -index 0
rst -processor
targets -set -nocase -filter {name =~ "ARM*#0" && jtag_cable_name =~ "Digilent Zed 210248650934"} -index 0
dow C:/Users/konto/Documents/embeded/lab2/lab2_simple_arm/lab2_simple_arm.sdk/sobel/Debug/sobel.elf
----------------End of Script----------------

09:37:28 INFO  : Memory regions updated for context APU
09:37:28 INFO  : Context for processor 'ps7_cortexa9_0' is selected.
09:37:28 INFO  : 'con' command is executed.
09:37:28 INFO  : ----------------XSDB Script (After Launch)----------------
targets -set -nocase -filter {name =~ "ARM*#0" && jtag_cable_name =~ "Digilent Zed 210248650934"} -index 0
con
----------------End of Script----------------

09:37:28 INFO  : Launch script is exported to file 'C:\Users\konto\Documents\embeded\lab2\lab2_simple_arm\lab2_simple_arm.sdk\.sdk\launch_scripts\xilinx_c-c++_application_(system_debugger)\system_debugger_using_debug_sobel.elf_on_local.tcl'
09:41:06 INFO  : Connected to target on host '127.0.0.1' and port '3121'.
09:41:08 INFO  : 'targets -set -filter {jtag_cable_name =~ "Digilent Zed 210248650934" && level==0} -index 1' command is executed.
09:41:12 INFO  : FPGA configured successfully with bitstream "C:/Users/konto/Documents/embeded/lab2/lab2_simple_arm/lab2_simple_arm.sdk/arm_wrapper_hw_platform_0/arm_wrapper.bit"
09:41:20 INFO  : Disconnected from the channel tcfchan#2.
09:41:22 INFO  : 'targets -set -filter {jtag_cable_name =~ "Digilent Zed 210248650934" && level==0} -index 1' command is executed.
09:41:22 INFO  : 'fpga -state' command is executed.
09:41:22 INFO  : Connected to target on host '127.0.0.1' and port '3121'.
09:41:22 INFO  : Jtag cable 'Digilent Zed 210248650934' is selected.
09:41:23 INFO  : 'jtag frequency' command is executed.
09:41:23 INFO  : Sourcing of 'C:/Users/konto/Documents/embeded/lab2/lab2_simple_arm/lab2_simple_arm.sdk/arm_wrapper_hw_platform_0/ps7_init.tcl' is done.
09:41:23 INFO  : Context for 'APU' is selected.
09:41:26 INFO  : Hardware design information is loaded from 'C:/Users/konto/Documents/embeded/lab2/lab2_simple_arm/lab2_simple_arm.sdk/arm_wrapper_hw_platform_0/system.hdf'.
09:41:26 INFO  : Context for 'APU' is selected.
09:41:26 INFO  : 'stop' command is executed.
09:41:37 INFO  : 'ps7_init' command is executed.
09:41:37 INFO  : 'ps7_post_config' command is executed.
09:41:37 INFO  : Context for processor 'ps7_cortexa9_0' is selected.
09:41:37 INFO  : Processor reset is completed for 'ps7_cortexa9_0'.
09:41:38 INFO  : Context for processor 'ps7_cortexa9_0' is selected.
09:41:38 INFO  : The application 'C:/Users/konto/Documents/embeded/lab2/lab2_simple_arm/lab2_simple_arm.sdk/sobel/Debug/sobel.elf' is downloaded to processor 'ps7_cortexa9_0'.
09:41:38 INFO  : ----------------XSDB Script----------------
connect -url tcp:127.0.0.1:3121
source C:/Users/konto/Documents/embeded/lab2/lab2_simple_arm/lab2_simple_arm.sdk/arm_wrapper_hw_platform_0/ps7_init.tcl
targets -set -nocase -filter {name =~"APU*" && jtag_cable_name =~ "Digilent Zed 210248650934"} -index 0
loadhw C:/Users/konto/Documents/embeded/lab2/lab2_simple_arm/lab2_simple_arm.sdk/arm_wrapper_hw_platform_0/system.hdf
targets -set -nocase -filter {name =~"APU*" && jtag_cable_name =~ "Digilent Zed 210248650934"} -index 0
stop
ps7_init
ps7_post_config
targets -set -nocase -filter {name =~ "ARM*#0" && jtag_cable_name =~ "Digilent Zed 210248650934"} -index 0
rst -processor
targets -set -nocase -filter {name =~ "ARM*#0" && jtag_cable_name =~ "Digilent Zed 210248650934"} -index 0
dow C:/Users/konto/Documents/embeded/lab2/lab2_simple_arm/lab2_simple_arm.sdk/sobel/Debug/sobel.elf
----------------End of Script----------------

09:41:38 INFO  : Memory regions updated for context APU
09:41:39 INFO  : Context for processor 'ps7_cortexa9_0' is selected.
09:41:39 INFO  : 'con' command is executed.
09:41:39 INFO  : ----------------XSDB Script (After Launch)----------------
targets -set -nocase -filter {name =~ "ARM*#0" && jtag_cable_name =~ "Digilent Zed 210248650934"} -index 0
con
----------------End of Script----------------

09:41:39 INFO  : Launch script is exported to file 'C:\Users\konto\Documents\embeded\lab2\lab2_simple_arm\lab2_simple_arm.sdk\.sdk\launch_scripts\xilinx_c-c++_application_(system_debugger)\system_debugger_using_debug_sobel.elf_on_local.tcl'
09:47:24 INFO  : Refreshed build settings on project sobel
09:54:22 INFO  : Disconnected from the channel tcfchan#3.
09:54:23 INFO  : 'targets -set -filter {jtag_cable_name =~ "Digilent Zed 210248650934" && level==0} -index 1' command is executed.
09:54:23 INFO  : 'fpga -state' command is executed.
09:54:23 INFO  : Connected to target on host '127.0.0.1' and port '3121'.
09:54:24 WARN  : ELF C:\Users\konto\Documents\embeded\lab2\lab2_simple_arm\lab2_simple_arm.sdk\lab2_simple\Debug\lab2_simple.elf was not built with -pg compiler and linker option. Profiling information will not be available.
09:54:26 INFO  : Jtag cable 'Digilent Zed 210248650934' is selected.
09:54:26 INFO  : 'jtag frequency' command is executed.
09:54:26 INFO  : Sourcing of 'C:/Users/konto/Documents/embeded/lab2/lab2_simple_arm/lab2_simple_arm.sdk/arm_wrapper_hw_platform_0/ps7_init.tcl' is done.
09:54:27 INFO  : Context for 'APU' is selected.
09:54:30 INFO  : Hardware design information is loaded from 'C:/Users/konto/Documents/embeded/lab2/lab2_simple_arm/lab2_simple_arm.sdk/arm_wrapper_hw_platform_0/system.hdf'.
09:54:30 INFO  : Context for 'APU' is selected.
09:54:30 INFO  : 'stop' command is executed.
09:54:36 INFO  : 'ps7_init' command is executed.
09:54:36 INFO  : 'ps7_post_config' command is executed.
09:54:36 INFO  : Context for processor 'ps7_cortexa9_0' is selected.
09:54:37 INFO  : Processor reset is completed for 'ps7_cortexa9_0'.
09:54:37 INFO  : Context for processor 'ps7_cortexa9_0' is selected.
09:54:37 INFO  : The application 'C:/Users/konto/Documents/embeded/lab2/lab2_simple_arm/lab2_simple_arm.sdk/lab2_simple/Debug/lab2_simple.elf' is downloaded to processor 'ps7_cortexa9_0'.
09:54:37 INFO  : ----------------XSDB Script----------------
connect -url tcp:127.0.0.1:3121
source C:/Users/konto/Documents/embeded/lab2/lab2_simple_arm/lab2_simple_arm.sdk/arm_wrapper_hw_platform_0/ps7_init.tcl
targets -set -nocase -filter {name =~"APU*" && jtag_cable_name =~ "Digilent Zed 210248650934"} -index 0
loadhw C:/Users/konto/Documents/embeded/lab2/lab2_simple_arm/lab2_simple_arm.sdk/arm_wrapper_hw_platform_0/system.hdf
targets -set -nocase -filter {name =~"APU*" && jtag_cable_name =~ "Digilent Zed 210248650934"} -index 0
stop
ps7_init
ps7_post_config
targets -set -nocase -filter {name =~ "ARM*#0" && jtag_cable_name =~ "Digilent Zed 210248650934"} -index 0
rst -processor
targets -set -nocase -filter {name =~ "ARM*#0" && jtag_cable_name =~ "Digilent Zed 210248650934"} -index 0
dow C:/Users/konto/Documents/embeded/lab2/lab2_simple_arm/lab2_simple_arm.sdk/lab2_simple/Debug/lab2_simple.elf
----------------End of Script----------------

09:54:37 INFO  : Memory regions updated for context APU
09:54:38 INFO  : Context for processor 'ps7_cortexa9_0' is selected.
09:54:38 INFO  : 'con' command is executed.
09:54:38 INFO  : ----------------XSDB Script (After Launch)----------------
targets -set -nocase -filter {name =~ "ARM*#0" && jtag_cable_name =~ "Digilent Zed 210248650934"} -index 0
con
----------------End of Script----------------

09:54:38 INFO  : Launch script is exported to file 'C:\Users\konto\Documents\embeded\lab2\lab2_simple_arm\lab2_simple_arm.sdk\.sdk\launch_scripts\xilinx_c-c++_application_(system_debugger)\system_debugger_using_debug_lab2_simple.elf_on_local.tcl'
09:55:28 INFO  : Disconnected from the channel tcfchan#4.
09:55:29 INFO  : Connected to target on host '127.0.0.1' and port '3121'.
09:55:30 WARN  : ELF C:\Users\konto\Documents\embeded\lab2\lab2_simple_arm\lab2_simple_arm.sdk\lab2_simple\Debug\lab2_simple.elf was not built with -pg compiler and linker option. Profiling information will not be available.
09:55:32 INFO  : Jtag cable 'Digilent Zed 210248650934' is selected.
09:55:32 INFO  : 'jtag frequency' command is executed.
09:55:33 INFO  : Sourcing of 'C:/Users/konto/Documents/embeded/lab2/lab2_simple_arm/lab2_simple_arm.sdk/arm_wrapper_hw_platform_0/ps7_init.tcl' is done.
09:55:33 INFO  : 'targets -set -filter {jtag_cable_name =~ "Digilent Zed 210248650934" && level==0} -index 1' command is executed.
09:55:37 INFO  : FPGA configured successfully with bitstream "C:/Users/konto/Documents/embeded/lab2/lab2_simple_arm/lab2_simple_arm.sdk/arm_wrapper_hw_platform_0/arm_wrapper.bit"
09:55:37 INFO  : Context for 'APU' is selected.
09:55:40 INFO  : Hardware design information is loaded from 'C:/Users/konto/Documents/embeded/lab2/lab2_simple_arm/lab2_simple_arm.sdk/arm_wrapper_hw_platform_0/system.hdf'.
09:55:40 INFO  : Context for 'APU' is selected.
09:55:41 INFO  : 'stop' command is executed.
09:56:14 INFO  : 'ps7_init' command is executed.
09:56:15 INFO  : 'ps7_post_config' command is executed.
09:56:16 INFO  : Context for processor 'ps7_cortexa9_0' is selected.
09:56:18 INFO  : Processor reset is completed for 'ps7_cortexa9_0'.
09:56:18 INFO  : Context for processor 'ps7_cortexa9_0' is selected.
09:56:21 ERROR : Memory write error at 0x100000. AP transaction timeout
09:56:21 INFO  : ----------------XSDB Script----------------
connect -url tcp:127.0.0.1:3121
source C:/Users/konto/Documents/embeded/lab2/lab2_simple_arm/lab2_simple_arm.sdk/arm_wrapper_hw_platform_0/ps7_init.tcl
targets -set -filter {jtag_cable_name =~ "Digilent Zed 210248650934" && level==0} -index 1
fpga -file C:/Users/konto/Documents/embeded/lab2/lab2_simple_arm/lab2_simple_arm.sdk/arm_wrapper_hw_platform_0/arm_wrapper.bit
targets -set -nocase -filter {name =~"APU*" && jtag_cable_name =~ "Digilent Zed 210248650934"} -index 0
loadhw C:/Users/konto/Documents/embeded/lab2/lab2_simple_arm/lab2_simple_arm.sdk/arm_wrapper_hw_platform_0/system.hdf
targets -set -nocase -filter {name =~"APU*" && jtag_cable_name =~ "Digilent Zed 210248650934"} -index 0
stop
ps7_init
ps7_post_config
targets -set -nocase -filter {name =~ "ARM*#0" && jtag_cable_name =~ "Digilent Zed 210248650934"} -index 0
rst -processor
targets -set -nocase -filter {name =~ "ARM*#0" && jtag_cable_name =~ "Digilent Zed 210248650934"} -index 0
dow C:/Users/konto/Documents/embeded/lab2/lab2_simple_arm/lab2_simple_arm.sdk/lab2_simple/Debug/lab2_simple.elf
----------------End of Script----------------

09:57:20 INFO  : Connected to target on host '127.0.0.1' and port '3121'.
09:57:21 INFO  : Jtag cable 'Digilent Zed 210248650934' is selected.
09:57:21 INFO  : 'jtag frequency' command is executed.
09:57:21 INFO  : Sourcing of 'C:/Users/konto/Documents/embeded/lab2/lab2_simple_arm/lab2_simple_arm.sdk/arm_wrapper_hw_platform_0/ps7_init.tcl' is done.
09:57:22 INFO  : 'targets -set -filter {jtag_cable_name =~ "Digilent Zed 210248650934" && level==0} -index 1' command is executed.
09:57:25 INFO  : FPGA configured successfully with bitstream "C:/Users/konto/Documents/embeded/lab2/lab2_simple_arm/lab2_simple_arm.sdk/arm_wrapper_hw_platform_0/arm_wrapper.bit"
09:57:26 INFO  : Context for 'APU' is selected.
09:57:26 INFO  : Hardware design information is loaded from 'C:/Users/konto/Documents/embeded/lab2/lab2_simple_arm/lab2_simple_arm.sdk/arm_wrapper_hw_platform_0/system.hdf'.
09:57:26 INFO  : Context for 'APU' is selected.
09:57:26 INFO  : 'stop' command is executed.
09:57:41 INFO  : 'ps7_init' command is executed.
09:57:41 INFO  : 'ps7_post_config' command is executed.
09:57:41 INFO  : Context for processor 'ps7_cortexa9_0' is selected.
09:57:42 INFO  : Processor reset is completed for 'ps7_cortexa9_0'.
09:57:42 INFO  : Context for processor 'ps7_cortexa9_0' is selected.
09:57:42 INFO  : 'profile -freq 1000000 -scratchaddr 0x10000000' command is executed.
09:57:48 INFO  : The application 'C:/Users/konto/Documents/embeded/lab2/lab2_simple_arm/lab2_simple_arm.sdk/sobel/Debug/sobel.elf' is downloaded to processor 'ps7_cortexa9_0'.
09:57:48 INFO  : ----------------XSDB Script----------------
connect -url tcp:127.0.0.1:3121
source C:/Users/konto/Documents/embeded/lab2/lab2_simple_arm/lab2_simple_arm.sdk/arm_wrapper_hw_platform_0/ps7_init.tcl
targets -set -filter {jtag_cable_name =~ "Digilent Zed 210248650934" && level==0} -index 1
fpga -file C:/Users/konto/Documents/embeded/lab2/lab2_simple_arm/lab2_simple_arm.sdk/arm_wrapper_hw_platform_0/arm_wrapper.bit
targets -set -nocase -filter {name =~"APU*" && jtag_cable_name =~ "Digilent Zed 210248650934"} -index 0
loadhw C:/Users/konto/Documents/embeded/lab2/lab2_simple_arm/lab2_simple_arm.sdk/arm_wrapper_hw_platform_0/system.hdf
targets -set -nocase -filter {name =~"APU*" && jtag_cable_name =~ "Digilent Zed 210248650934"} -index 0
stop
ps7_init
ps7_post_config
targets -set -nocase -filter {name =~ "ARM*#0" && jtag_cable_name =~ "Digilent Zed 210248650934"} -index 0
rst -processor
targets -set -nocase -filter {name =~ "ARM*#0" && jtag_cable_name =~ "Digilent Zed 210248650934"} -index 0
profile -freq 1000000 -scratchaddr 0x10000000
dow C:/Users/konto/Documents/embeded/lab2/lab2_simple_arm/lab2_simple_arm.sdk/sobel/Debug/sobel.elf
----------------End of Script----------------

09:57:49 INFO  : Memory regions updated for context APU
09:57:49 INFO  : Context for processor 'ps7_cortexa9_0' is selected.
09:57:50 INFO  : 'set bpid [bpadd -addr &_exit]' command is executed.
09:58:00 INFO  : 'con -block' command is executed.
09:58:04 INFO  : 'profile -out C:/Users/konto/Documents/embeded/lab2/lab2_simple_arm/lab2_simple_arm.sdk/sobel/Debug/gmon.out' command is executed.
09:58:04 INFO  : 'bpremove $bpid' command is executed.
09:58:04 INFO  : 'con' command is executed.
09:58:04 INFO  : ----------------XSDB Script (After Launch)----------------
targets -set -nocase -filter {name =~ "ARM*#0" && jtag_cable_name =~ "Digilent Zed 210248650934"} -index 0
set bpid [bpadd -addr &_exit]
con -block
profile -out C:/Users/konto/Documents/embeded/lab2/lab2_simple_arm/lab2_simple_arm.sdk/sobel/Debug/gmon.out
bpremove $bpid
con
----------------End of Script----------------

09:58:04 INFO  : Launch script is exported to file 'C:\Users\konto\Documents\embeded\lab2\lab2_simple_arm\lab2_simple_arm.sdk\.sdk\launch_scripts\xilinx_c-c++_application_(system_debugger)\system_debugger_using_debug_sobel.elf_on_local.tcl'
10:12:23 INFO  : Disconnected from the channel tcfchan#5.
