15:53:08 INFO  : Registering command handlers for SDK TCF services
15:53:09 INFO  : Launching XSCT server: xsct.bat -interactive C:\Users\konto\Documents\embeded\lab2\lab2_interrupt\lab2_interrupt.sdk\temp_xsdb_launch_script.tcl
15:53:12 INFO  : XSCT server has started successfully.
15:53:12 INFO  : Successfully done setting XSCT server connection channel  
15:53:12 INFO  : Successfully done setting SDK workspace  
15:53:12 INFO  : Processing command line option -hwspec C:/Users/konto/Documents/embeded/lab2/lab2_interrupt/lab2_interrupt.sdk/arm_wrapper.hdf.
16:09:52 INFO  : 'targets -set -filter {jtag_cable_name =~ "Digilent Zed 210248650917" && level==0} -index 1' command is executed.
16:09:52 INFO  : 'fpga -state' command is executed.
16:09:52 INFO  : Connected to target on host '127.0.0.1' and port '3121'.
16:09:52 INFO  : Jtag cable 'Digilent Zed 210248650917' is selected.
16:09:52 INFO  : 'jtag frequency' command is executed.
16:09:52 INFO  : Sourcing of 'C:/Users/konto/Documents/embeded/lab2/lab2_interrupt/lab2_interrupt.sdk/arm_wrapper_hw_platform_0/ps7_init.tcl' is done.
16:09:52 INFO  : Context for 'APU' is selected.
16:09:53 INFO  : Hardware design information is loaded from 'C:/Users/konto/Documents/embeded/lab2/lab2_interrupt/lab2_interrupt.sdk/arm_wrapper_hw_platform_0/system.hdf'.
16:09:53 INFO  : Context for 'APU' is selected.
16:09:53 INFO  : 'stop' command is executed.
16:10:14 INFO  : 'ps7_init' command is executed.
16:10:14 INFO  : 'ps7_post_config' command is executed.
16:10:14 INFO  : Context for processor 'ps7_cortexa9_0' is selected.
16:10:15 INFO  : Processor reset is completed for 'ps7_cortexa9_0'.
16:10:15 INFO  : Context for processor 'ps7_cortexa9_0' is selected.
16:10:18 INFO  : The application 'C:/Users/konto/Documents/embeded/lab2/lab2_interrupt/lab2_interrupt.sdk/lab2_interrupt/Debug/lab2_interrupt.elf' is downloaded to processor 'ps7_cortexa9_0'.
16:10:18 INFO  : ----------------XSDB Script----------------
connect -url tcp:127.0.0.1:3121
source C:/Users/konto/Documents/embeded/lab2/lab2_interrupt/lab2_interrupt.sdk/arm_wrapper_hw_platform_0/ps7_init.tcl
targets -set -nocase -filter {name =~"APU*" && jtag_cable_name =~ "Digilent Zed 210248650917"} -index 0
loadhw C:/Users/konto/Documents/embeded/lab2/lab2_interrupt/lab2_interrupt.sdk/arm_wrapper_hw_platform_0/system.hdf
targets -set -nocase -filter {name =~"APU*" && jtag_cable_name =~ "Digilent Zed 210248650917"} -index 0
stop
ps7_init
ps7_post_config
targets -set -nocase -filter {name =~ "ARM*#0" && jtag_cable_name =~ "Digilent Zed 210248650917"} -index 0
rst -processor
targets -set -nocase -filter {name =~ "ARM*#0" && jtag_cable_name =~ "Digilent Zed 210248650917"} -index 0
dow C:/Users/konto/Documents/embeded/lab2/lab2_interrupt/lab2_interrupt.sdk/lab2_interrupt/Debug/lab2_interrupt.elf
----------------End of Script----------------

16:10:19 INFO  : Memory regions updated for context APU
16:10:19 INFO  : Context for processor 'ps7_cortexa9_0' is selected.
16:10:20 INFO  : 'con' command is executed.
16:10:20 INFO  : ----------------XSDB Script (After Launch)----------------
targets -set -nocase -filter {name =~ "ARM*#0" && jtag_cable_name =~ "Digilent Zed 210248650917"} -index 0
con
----------------End of Script----------------

16:10:20 INFO  : Launch script is exported to file 'C:\Users\konto\Documents\embeded\lab2\lab2_interrupt\lab2_interrupt.sdk\.sdk\launch_scripts\xilinx_c-c++_application_(system_debugger)\system_debugger_using_debug_lab2_interrupt.elf_on_local.tcl'
16:12:07 INFO  : Disconnected from the channel tcfchan#1.
16:12:09 INFO  : 'targets -set -filter {jtag_cable_name =~ "Digilent Zed 210248650917" && level==0} -index 1' command is executed.
16:12:10 INFO  : 'fpga -state' command is executed.
16:12:10 INFO  : Connected to target on host '127.0.0.1' and port '3121'.
16:12:10 INFO  : Jtag cable 'Digilent Zed 210248650917' is selected.
16:12:10 INFO  : 'jtag frequency' command is executed.
16:12:10 INFO  : Sourcing of 'C:/Users/konto/Documents/embeded/lab2/lab2_interrupt/lab2_interrupt.sdk/arm_wrapper_hw_platform_0/ps7_init.tcl' is done.
16:12:10 INFO  : Context for 'APU' is selected.
16:12:12 INFO  : Hardware design information is loaded from 'C:/Users/konto/Documents/embeded/lab2/lab2_interrupt/lab2_interrupt.sdk/arm_wrapper_hw_platform_0/system.hdf'.
16:12:12 INFO  : Context for 'APU' is selected.
16:12:12 INFO  : 'stop' command is executed.
16:12:21 INFO  : 'ps7_init' command is executed.
16:12:21 INFO  : 'ps7_post_config' command is executed.
16:12:21 INFO  : Context for processor 'ps7_cortexa9_0' is selected.
16:12:22 INFO  : Processor reset is completed for 'ps7_cortexa9_0'.
16:12:22 INFO  : Context for processor 'ps7_cortexa9_0' is selected.
16:12:24 INFO  : The application 'C:/Users/konto/Documents/embeded/lab2/lab2_interrupt/lab2_interrupt.sdk/lab2_interrupt/Debug/lab2_interrupt.elf' is downloaded to processor 'ps7_cortexa9_0'.
16:12:24 INFO  : ----------------XSDB Script----------------
connect -url tcp:127.0.0.1:3121
source C:/Users/konto/Documents/embeded/lab2/lab2_interrupt/lab2_interrupt.sdk/arm_wrapper_hw_platform_0/ps7_init.tcl
targets -set -nocase -filter {name =~"APU*" && jtag_cable_name =~ "Digilent Zed 210248650917"} -index 0
loadhw C:/Users/konto/Documents/embeded/lab2/lab2_interrupt/lab2_interrupt.sdk/arm_wrapper_hw_platform_0/system.hdf
targets -set -nocase -filter {name =~"APU*" && jtag_cable_name =~ "Digilent Zed 210248650917"} -index 0
stop
ps7_init
ps7_post_config
targets -set -nocase -filter {name =~ "ARM*#0" && jtag_cable_name =~ "Digilent Zed 210248650917"} -index 0
rst -processor
targets -set -nocase -filter {name =~ "ARM*#0" && jtag_cable_name =~ "Digilent Zed 210248650917"} -index 0
dow C:/Users/konto/Documents/embeded/lab2/lab2_interrupt/lab2_interrupt.sdk/lab2_interrupt/Debug/lab2_interrupt.elf
----------------End of Script----------------

16:12:24 INFO  : Memory regions updated for context APU
16:12:25 INFO  : Context for processor 'ps7_cortexa9_0' is selected.
16:12:25 INFO  : 'con' command is executed.
16:12:25 INFO  : ----------------XSDB Script (After Launch)----------------
targets -set -nocase -filter {name =~ "ARM*#0" && jtag_cable_name =~ "Digilent Zed 210248650917"} -index 0
con
----------------End of Script----------------

16:12:25 INFO  : Launch script is exported to file 'C:\Users\konto\Documents\embeded\lab2\lab2_interrupt\lab2_interrupt.sdk\.sdk\launch_scripts\xilinx_c-c++_application_(system_debugger)\system_debugger_using_debug_lab2_interrupt.elf_on_local.tcl'
10:09:23 INFO  : Registering command handlers for SDK TCF services
10:09:24 INFO  : Launching XSCT server: xsct.bat -interactive C:\Users\konto\Documents\embeded\lab2\lab2_interrupt\lab2_interrupt.sdk\temp_xsdb_launch_script.tcl
10:09:29 INFO  : XSCT server has started successfully.
10:09:41 INFO  : Processing command line option -hwspec C:/Users/konto/Documents/embeded/lab2/lab2_interrupt/lab2_interrupt.sdk/arm_wrapper.hdf.
10:09:41 INFO  : Successfully done setting XSCT server connection channel  
10:09:44 INFO  : Successfully done setting SDK workspace  
10:09:45 INFO  : Checking for hwspec changes in the project arm_wrapper_hw_platform_0.
10:10:06 INFO  : Connected to target on host '127.0.0.1' and port '3121'.
10:10:10 INFO  : 'targets -set -filter {jtag_cable_name =~ "Digilent Zed 210248650939" && level==0} -index 1' command is executed.
10:10:13 INFO  : FPGA configured successfully with bitstream "C:/Users/konto/Documents/embeded/lab2/lab2_interrupt/lab2_interrupt.sdk/arm_wrapper_hw_platform_0/arm_wrapper.bit"
10:10:19 INFO  : 'targets -set -filter {jtag_cable_name =~ "Digilent Zed 210248650939" && level==0} -index 1' command is executed.
10:10:19 INFO  : 'fpga -state' command is executed.
10:10:19 INFO  : Connected to target on host '127.0.0.1' and port '3121'.
10:10:20 INFO  : Jtag cable 'Digilent Zed 210248650939' is selected.
10:10:20 INFO  : 'jtag frequency' command is executed.
10:10:20 INFO  : Sourcing of 'C:/Users/konto/Documents/embeded/lab2/lab2_interrupt/lab2_interrupt.sdk/arm_wrapper_hw_platform_0/ps7_init.tcl' is done.
10:10:20 INFO  : Context for 'APU' is selected.
10:10:20 INFO  : Hardware design information is loaded from 'C:/Users/konto/Documents/embeded/lab2/lab2_interrupt/lab2_interrupt.sdk/arm_wrapper_hw_platform_0/system.hdf'.
10:10:20 INFO  : Context for 'APU' is selected.
10:10:21 INFO  : 'stop' command is executed.
10:10:22 INFO  : 'ps7_init' command is executed.
10:10:22 INFO  : 'ps7_post_config' command is executed.
10:10:22 INFO  : Context for processor 'ps7_cortexa9_0' is selected.
10:10:22 INFO  : Processor reset is completed for 'ps7_cortexa9_0'.
10:10:22 INFO  : Context for processor 'ps7_cortexa9_0' is selected.
10:10:23 INFO  : The application 'C:/Users/konto/Documents/embeded/lab2/lab2_interrupt/lab2_interrupt.sdk/lab2_interrupt/Debug/lab2_interrupt.elf' is downloaded to processor 'ps7_cortexa9_0'.
10:10:23 INFO  : ----------------XSDB Script----------------
connect -url tcp:127.0.0.1:3121
source C:/Users/konto/Documents/embeded/lab2/lab2_interrupt/lab2_interrupt.sdk/arm_wrapper_hw_platform_0/ps7_init.tcl
targets -set -nocase -filter {name =~"APU*" && jtag_cable_name =~ "Digilent Zed 210248650939"} -index 0
loadhw C:/Users/konto/Documents/embeded/lab2/lab2_interrupt/lab2_interrupt.sdk/arm_wrapper_hw_platform_0/system.hdf
targets -set -nocase -filter {name =~"APU*" && jtag_cable_name =~ "Digilent Zed 210248650939"} -index 0
stop
ps7_init
ps7_post_config
targets -set -nocase -filter {name =~ "ARM*#0" && jtag_cable_name =~ "Digilent Zed 210248650939"} -index 0
rst -processor
targets -set -nocase -filter {name =~ "ARM*#0" && jtag_cable_name =~ "Digilent Zed 210248650939"} -index 0
dow C:/Users/konto/Documents/embeded/lab2/lab2_interrupt/lab2_interrupt.sdk/lab2_interrupt/Debug/lab2_interrupt.elf
----------------End of Script----------------

10:10:23 INFO  : Memory regions updated for context APU
10:10:24 INFO  : Context for processor 'ps7_cortexa9_0' is selected.
10:10:24 INFO  : 'con' command is executed.
10:10:24 INFO  : ----------------XSDB Script (After Launch)----------------
targets -set -nocase -filter {name =~ "ARM*#0" && jtag_cable_name =~ "Digilent Zed 210248650939"} -index 0
con
----------------End of Script----------------

10:10:24 INFO  : Launch script is exported to file 'C:\Users\konto\Documents\embeded\lab2\lab2_interrupt\lab2_interrupt.sdk\.sdk\launch_scripts\xilinx_c-c++_application_(system_debugger)\system_debugger_using_debug_lab2_interrupt.elf_on_local.tcl'
10:10:38 INFO  : Disconnected from the channel tcfchan#1.
10:10:40 INFO  : 'targets -set -filter {jtag_cable_name =~ "Digilent Zed 210248650939" && level==0} -index 1' command is executed.
10:10:40 INFO  : 'fpga -state' command is executed.
10:10:40 INFO  : Connected to target on host '127.0.0.1' and port '3121'.
10:10:40 INFO  : Jtag cable 'Digilent Zed 210248650939' is selected.
10:10:40 INFO  : 'jtag frequency' command is executed.
10:10:40 INFO  : Sourcing of 'C:/Users/konto/Documents/embeded/lab2/lab2_interrupt/lab2_interrupt.sdk/arm_wrapper_hw_platform_0/ps7_init.tcl' is done.
10:10:40 INFO  : Context for 'APU' is selected.
10:10:43 INFO  : Hardware design information is loaded from 'C:/Users/konto/Documents/embeded/lab2/lab2_interrupt/lab2_interrupt.sdk/arm_wrapper_hw_platform_0/system.hdf'.
10:10:43 INFO  : Context for 'APU' is selected.
10:10:43 INFO  : 'stop' command is executed.
10:10:44 INFO  : 'ps7_init' command is executed.
10:10:44 INFO  : 'ps7_post_config' command is executed.
10:10:44 INFO  : Context for processor 'ps7_cortexa9_0' is selected.
10:10:44 INFO  : Processor reset is completed for 'ps7_cortexa9_0'.
10:10:44 INFO  : Context for processor 'ps7_cortexa9_0' is selected.
10:10:45 INFO  : The application 'C:/Users/konto/Documents/embeded/lab2/lab2_interrupt/lab2_interrupt.sdk/lab2_interrupt/Debug/lab2_interrupt.elf' is downloaded to processor 'ps7_cortexa9_0'.
10:10:45 INFO  : ----------------XSDB Script----------------
connect -url tcp:127.0.0.1:3121
source C:/Users/konto/Documents/embeded/lab2/lab2_interrupt/lab2_interrupt.sdk/arm_wrapper_hw_platform_0/ps7_init.tcl
targets -set -nocase -filter {name =~"APU*" && jtag_cable_name =~ "Digilent Zed 210248650939"} -index 0
loadhw C:/Users/konto/Documents/embeded/lab2/lab2_interrupt/lab2_interrupt.sdk/arm_wrapper_hw_platform_0/system.hdf
targets -set -nocase -filter {name =~"APU*" && jtag_cable_name =~ "Digilent Zed 210248650939"} -index 0
stop
ps7_init
ps7_post_config
targets -set -nocase -filter {name =~ "ARM*#0" && jtag_cable_name =~ "Digilent Zed 210248650939"} -index 0
rst -processor
targets -set -nocase -filter {name =~ "ARM*#0" && jtag_cable_name =~ "Digilent Zed 210248650939"} -index 0
dow C:/Users/konto/Documents/embeded/lab2/lab2_interrupt/lab2_interrupt.sdk/lab2_interrupt/Debug/lab2_interrupt.elf
----------------End of Script----------------

10:10:45 INFO  : Memory regions updated for context APU
10:10:45 INFO  : Context for processor 'ps7_cortexa9_0' is selected.
10:10:45 INFO  : 'con' command is executed.
10:10:45 INFO  : ----------------XSDB Script (After Launch)----------------
targets -set -nocase -filter {name =~ "ARM*#0" && jtag_cable_name =~ "Digilent Zed 210248650939"} -index 0
con
----------------End of Script----------------

10:10:45 INFO  : Launch script is exported to file 'C:\Users\konto\Documents\embeded\lab2\lab2_interrupt\lab2_interrupt.sdk\.sdk\launch_scripts\xilinx_c-c++_application_(system_debugger)\system_debugger_using_debug_lab2_interrupt.elf_on_local.tcl'
10:18:25 INFO  : Disconnected from the channel tcfchan#2.
10:20:02 INFO  : Registering command handlers for SDK TCF services
10:20:02 INFO  : Launching XSCT server: xsct.bat -interactive C:\Users\konto\Documents\embeded\lab2\lab2_interrupt\lab2_interrupt.sdk\temp_xsdb_launch_script.tcl
10:20:05 INFO  : XSCT server has started successfully.
10:20:05 INFO  : Successfully done setting XSCT server connection channel  
10:20:06 INFO  : Successfully done setting SDK workspace  
10:20:06 INFO  : Processing command line option -hwspec C:/Users/konto/Documents/embeded/lab2/lab2_interrupt/lab2_interrupt.sdk/arm_wrapper.hdf.
10:20:06 INFO  : Checking for hwspec changes in the project arm_wrapper_hw_platform_0.
10:21:33 INFO  : Connected to target on host '127.0.0.1' and port '3121'.
10:21:37 INFO  : 'targets -set -filter {jtag_cable_name =~ "Digilent Zed 210248650939" && level==0} -index 1' command is executed.
10:21:40 INFO  : FPGA configured successfully with bitstream "C:/Users/konto/Documents/embeded/lab2/lab2_interrupt/lab2_interrupt.sdk/arm_wrapper_hw_platform_0/arm_wrapper.bit"
10:21:46 INFO  : 'targets -set -filter {jtag_cable_name =~ "Digilent Zed 210248650939" && level==0} -index 1' command is executed.
10:21:46 INFO  : 'fpga -state' command is executed.
10:21:46 INFO  : Connected to target on host '127.0.0.1' and port '3121'.
10:21:47 INFO  : Jtag cable 'Digilent Zed 210248650939' is selected.
10:21:47 INFO  : 'jtag frequency' command is executed.
10:21:47 INFO  : Sourcing of 'C:/Users/konto/Documents/embeded/lab2/lab2_interrupt/lab2_interrupt.sdk/arm_wrapper_hw_platform_0/ps7_init.tcl' is done.
10:21:47 INFO  : Context for 'APU' is selected.
10:21:47 INFO  : Hardware design information is loaded from 'C:/Users/konto/Documents/embeded/lab2/lab2_interrupt/lab2_interrupt.sdk/arm_wrapper_hw_platform_0/system.hdf'.
10:21:47 INFO  : Context for 'APU' is selected.
10:21:47 INFO  : 'stop' command is executed.
10:21:48 INFO  : 'ps7_init' command is executed.
10:21:48 INFO  : 'ps7_post_config' command is executed.
10:21:48 INFO  : Context for processor 'ps7_cortexa9_0' is selected.
10:21:48 INFO  : Processor reset is completed for 'ps7_cortexa9_0'.
10:21:48 INFO  : Context for processor 'ps7_cortexa9_0' is selected.
10:21:49 INFO  : The application 'C:/Users/konto/Documents/embeded/lab2/lab2_interrupt/lab2_interrupt.sdk/lab2_interrupt/Debug/lab2_interrupt.elf' is downloaded to processor 'ps7_cortexa9_0'.
10:21:49 INFO  : ----------------XSDB Script----------------
connect -url tcp:127.0.0.1:3121
source C:/Users/konto/Documents/embeded/lab2/lab2_interrupt/lab2_interrupt.sdk/arm_wrapper_hw_platform_0/ps7_init.tcl
targets -set -nocase -filter {name =~"APU*" && jtag_cable_name =~ "Digilent Zed 210248650939"} -index 0
loadhw C:/Users/konto/Documents/embeded/lab2/lab2_interrupt/lab2_interrupt.sdk/arm_wrapper_hw_platform_0/system.hdf
targets -set -nocase -filter {name =~"APU*" && jtag_cable_name =~ "Digilent Zed 210248650939"} -index 0
stop
ps7_init
ps7_post_config
targets -set -nocase -filter {name =~ "ARM*#0" && jtag_cable_name =~ "Digilent Zed 210248650939"} -index 0
rst -processor
targets -set -nocase -filter {name =~ "ARM*#0" && jtag_cable_name =~ "Digilent Zed 210248650939"} -index 0
dow C:/Users/konto/Documents/embeded/lab2/lab2_interrupt/lab2_interrupt.sdk/lab2_interrupt/Debug/lab2_interrupt.elf
----------------End of Script----------------

10:21:49 INFO  : Memory regions updated for context APU
10:21:49 INFO  : Context for processor 'ps7_cortexa9_0' is selected.
10:21:49 INFO  : 'con' command is executed.
10:21:49 INFO  : ----------------XSDB Script (After Launch)----------------
targets -set -nocase -filter {name =~ "ARM*#0" && jtag_cable_name =~ "Digilent Zed 210248650939"} -index 0
con
----------------End of Script----------------

10:21:49 INFO  : Launch script is exported to file 'C:\Users\konto\Documents\embeded\lab2\lab2_interrupt\lab2_interrupt.sdk\.sdk\launch_scripts\xilinx_c-c++_application_(system_debugger)\system_debugger_using_debug_lab2_interrupt.elf_on_local.tcl'
10:23:27 INFO  : Disconnected from the channel tcfchan#1.
10:23:29 INFO  : 'targets -set -filter {jtag_cable_name =~ "Digilent Zed 210248650939" && level==0} -index 1' command is executed.
10:23:29 INFO  : 'fpga -state' command is executed.
10:23:29 INFO  : Connected to target on host '127.0.0.1' and port '3121'.
10:23:29 INFO  : Jtag cable 'Digilent Zed 210248650939' is selected.
10:23:29 INFO  : 'jtag frequency' command is executed.
10:23:29 INFO  : Sourcing of 'C:/Users/konto/Documents/embeded/lab2/lab2_interrupt/lab2_interrupt.sdk/arm_wrapper_hw_platform_0/ps7_init.tcl' is done.
10:23:29 INFO  : Context for 'APU' is selected.
10:23:32 INFO  : Hardware design information is loaded from 'C:/Users/konto/Documents/embeded/lab2/lab2_interrupt/lab2_interrupt.sdk/arm_wrapper_hw_platform_0/system.hdf'.
10:23:32 INFO  : Context for 'APU' is selected.
10:23:32 INFO  : 'stop' command is executed.
10:23:32 INFO  : 'ps7_init' command is executed.
10:23:32 INFO  : 'ps7_post_config' command is executed.
10:23:32 INFO  : Context for processor 'ps7_cortexa9_0' is selected.
10:23:33 INFO  : Processor reset is completed for 'ps7_cortexa9_0'.
10:23:33 INFO  : Context for processor 'ps7_cortexa9_0' is selected.
10:23:33 INFO  : The application 'C:/Users/konto/Documents/embeded/lab2/lab2_interrupt/lab2_interrupt.sdk/lab2_interrupt/Debug/lab2_interrupt.elf' is downloaded to processor 'ps7_cortexa9_0'.
10:23:33 INFO  : ----------------XSDB Script----------------
connect -url tcp:127.0.0.1:3121
source C:/Users/konto/Documents/embeded/lab2/lab2_interrupt/lab2_interrupt.sdk/arm_wrapper_hw_platform_0/ps7_init.tcl
targets -set -nocase -filter {name =~"APU*" && jtag_cable_name =~ "Digilent Zed 210248650939"} -index 0
loadhw C:/Users/konto/Documents/embeded/lab2/lab2_interrupt/lab2_interrupt.sdk/arm_wrapper_hw_platform_0/system.hdf
targets -set -nocase -filter {name =~"APU*" && jtag_cable_name =~ "Digilent Zed 210248650939"} -index 0
stop
ps7_init
ps7_post_config
targets -set -nocase -filter {name =~ "ARM*#0" && jtag_cable_name =~ "Digilent Zed 210248650939"} -index 0
rst -processor
targets -set -nocase -filter {name =~ "ARM*#0" && jtag_cable_name =~ "Digilent Zed 210248650939"} -index 0
dow C:/Users/konto/Documents/embeded/lab2/lab2_interrupt/lab2_interrupt.sdk/lab2_interrupt/Debug/lab2_interrupt.elf
----------------End of Script----------------

10:23:33 INFO  : Memory regions updated for context APU
10:23:34 INFO  : Context for processor 'ps7_cortexa9_0' is selected.
10:23:34 INFO  : 'con' command is executed.
10:23:34 INFO  : ----------------XSDB Script (After Launch)----------------
targets -set -nocase -filter {name =~ "ARM*#0" && jtag_cable_name =~ "Digilent Zed 210248650939"} -index 0
con
----------------End of Script----------------

10:23:34 INFO  : Launch script is exported to file 'C:\Users\konto\Documents\embeded\lab2\lab2_interrupt\lab2_interrupt.sdk\.sdk\launch_scripts\xilinx_c-c++_application_(system_debugger)\system_debugger_using_debug_lab2_interrupt.elf_on_local.tcl'
10:50:44 INFO  : Disconnected from the channel tcfchan#2.
10:50:45 INFO  : 'targets -set -filter {jtag_cable_name =~ "Digilent Zed 210248650939" && level==0} -index 1' command is executed.
10:50:45 INFO  : 'fpga -state' command is executed.
10:50:45 INFO  : Connected to target on host '127.0.0.1' and port '3121'.
10:50:46 INFO  : Jtag cable 'Digilent Zed 210248650939' is selected.
10:50:46 INFO  : 'jtag frequency' command is executed.
10:50:46 INFO  : Sourcing of 'C:/Users/konto/Documents/embeded/lab2/lab2_interrupt/lab2_interrupt.sdk/arm_wrapper_hw_platform_0/ps7_init.tcl' is done.
10:50:46 INFO  : Context for 'APU' is selected.
10:50:48 INFO  : Hardware design information is loaded from 'C:/Users/konto/Documents/embeded/lab2/lab2_interrupt/lab2_interrupt.sdk/arm_wrapper_hw_platform_0/system.hdf'.
10:50:49 INFO  : Context for 'APU' is selected.
10:50:49 INFO  : 'stop' command is executed.
10:50:50 INFO  : 'ps7_init' command is executed.
10:50:50 INFO  : 'ps7_post_config' command is executed.
10:50:50 INFO  : Context for processor 'ps7_cortexa9_0' is selected.
10:50:50 INFO  : Processor reset is completed for 'ps7_cortexa9_0'.
10:50:50 INFO  : Context for processor 'ps7_cortexa9_0' is selected.
10:50:50 INFO  : The application 'C:/Users/konto/Documents/embeded/lab2/lab2_interrupt/lab2_interrupt.sdk/lab2_interrupt/Debug/lab2_interrupt.elf' is downloaded to processor 'ps7_cortexa9_0'.
10:50:50 INFO  : ----------------XSDB Script----------------
connect -url tcp:127.0.0.1:3121
source C:/Users/konto/Documents/embeded/lab2/lab2_interrupt/lab2_interrupt.sdk/arm_wrapper_hw_platform_0/ps7_init.tcl
targets -set -nocase -filter {name =~"APU*" && jtag_cable_name =~ "Digilent Zed 210248650939"} -index 0
loadhw C:/Users/konto/Documents/embeded/lab2/lab2_interrupt/lab2_interrupt.sdk/arm_wrapper_hw_platform_0/system.hdf
targets -set -nocase -filter {name =~"APU*" && jtag_cable_name =~ "Digilent Zed 210248650939"} -index 0
stop
ps7_init
ps7_post_config
targets -set -nocase -filter {name =~ "ARM*#0" && jtag_cable_name =~ "Digilent Zed 210248650939"} -index 0
rst -processor
targets -set -nocase -filter {name =~ "ARM*#0" && jtag_cable_name =~ "Digilent Zed 210248650939"} -index 0
dow C:/Users/konto/Documents/embeded/lab2/lab2_interrupt/lab2_interrupt.sdk/lab2_interrupt/Debug/lab2_interrupt.elf
----------------End of Script----------------

10:50:50 INFO  : Memory regions updated for context APU
10:50:51 INFO  : Context for processor 'ps7_cortexa9_0' is selected.
10:50:51 INFO  : 'con' command is executed.
10:50:51 INFO  : ----------------XSDB Script (After Launch)----------------
targets -set -nocase -filter {name =~ "ARM*#0" && jtag_cable_name =~ "Digilent Zed 210248650939"} -index 0
con
----------------End of Script----------------

10:50:51 INFO  : Launch script is exported to file 'C:\Users\konto\Documents\embeded\lab2\lab2_interrupt\lab2_interrupt.sdk\.sdk\launch_scripts\xilinx_c-c++_application_(system_debugger)\system_debugger_using_debug_lab2_interrupt.elf_on_local.tcl'
10:52:18 INFO  : Disconnected from the channel tcfchan#3.
10:52:19 INFO  : 'targets -set -filter {jtag_cable_name =~ "Digilent Zed 210248650939" && level==0} -index 1' command is executed.
10:52:19 INFO  : 'fpga -state' command is executed.
10:52:19 INFO  : Connected to target on host '127.0.0.1' and port '3121'.
10:52:20 INFO  : Jtag cable 'Digilent Zed 210248650939' is selected.
10:52:20 INFO  : 'jtag frequency' command is executed.
10:52:20 INFO  : Sourcing of 'C:/Users/konto/Documents/embeded/lab2/lab2_interrupt/lab2_interrupt.sdk/arm_wrapper_hw_platform_0/ps7_init.tcl' is done.
10:52:20 INFO  : Context for 'APU' is selected.
10:52:22 INFO  : Hardware design information is loaded from 'C:/Users/konto/Documents/embeded/lab2/lab2_interrupt/lab2_interrupt.sdk/arm_wrapper_hw_platform_0/system.hdf'.
10:52:22 INFO  : Context for 'APU' is selected.
10:52:22 INFO  : 'stop' command is executed.
10:52:23 INFO  : 'ps7_init' command is executed.
10:52:23 INFO  : 'ps7_post_config' command is executed.
10:52:23 INFO  : Context for processor 'ps7_cortexa9_0' is selected.
10:52:23 INFO  : Processor reset is completed for 'ps7_cortexa9_0'.
10:52:23 INFO  : Context for processor 'ps7_cortexa9_0' is selected.
10:52:24 INFO  : The application 'C:/Users/konto/Documents/embeded/lab2/lab2_interrupt/lab2_interrupt.sdk/CoreMark/Debug/CoreMark.elf' is downloaded to processor 'ps7_cortexa9_0'.
10:52:24 INFO  : ----------------XSDB Script----------------
connect -url tcp:127.0.0.1:3121
source C:/Users/konto/Documents/embeded/lab2/lab2_interrupt/lab2_interrupt.sdk/arm_wrapper_hw_platform_0/ps7_init.tcl
targets -set -nocase -filter {name =~"APU*" && jtag_cable_name =~ "Digilent Zed 210248650939"} -index 0
loadhw C:/Users/konto/Documents/embeded/lab2/lab2_interrupt/lab2_interrupt.sdk/arm_wrapper_hw_platform_0/system.hdf
targets -set -nocase -filter {name =~"APU*" && jtag_cable_name =~ "Digilent Zed 210248650939"} -index 0
stop
ps7_init
ps7_post_config
targets -set -nocase -filter {name =~ "ARM*#0" && jtag_cable_name =~ "Digilent Zed 210248650939"} -index 0
rst -processor
targets -set -nocase -filter {name =~ "ARM*#0" && jtag_cable_name =~ "Digilent Zed 210248650939"} -index 0
dow C:/Users/konto/Documents/embeded/lab2/lab2_interrupt/lab2_interrupt.sdk/CoreMark/Debug/CoreMark.elf
----------------End of Script----------------

10:52:24 INFO  : Memory regions updated for context APU
10:52:24 INFO  : Context for processor 'ps7_cortexa9_0' is selected.
10:52:24 INFO  : 'con' command is executed.
10:52:24 INFO  : ----------------XSDB Script (After Launch)----------------
targets -set -nocase -filter {name =~ "ARM*#0" && jtag_cable_name =~ "Digilent Zed 210248650939"} -index 0
con
----------------End of Script----------------

10:52:24 INFO  : Launch script is exported to file 'C:\Users\konto\Documents\embeded\lab2\lab2_interrupt\lab2_interrupt.sdk\.sdk\launch_scripts\xilinx_c-c++_application_(system_debugger)\system_debugger_using_debug_coremark.elf_on_local.tcl'
11:00:50 INFO  : Disconnected from the channel tcfchan#4.
23:44:05 INFO  : Registering command handlers for SDK TCF services
23:44:11 INFO  : Launching XSCT server: xsct.bat -interactive C:\Users\konto\Documents\embeded\lab2\lab2_interrupt\lab2_interrupt.sdk\temp_xsdb_launch_script.tcl
23:44:22 INFO  : XSCT server has started successfully.
23:44:22 INFO  : Successfully done setting XSCT server connection channel  
23:44:43 INFO  : Successfully done setting SDK workspace  
23:44:43 INFO  : Processing command line option -hwspec C:/Users/konto/Documents/embeded/lab2/lab2_interrupt/lab2_interrupt.sdk/arm_wrapper.hdf.
23:44:43 INFO  : Checking for hwspec changes in the project arm_wrapper_hw_platform_0.
11:21:29 INFO  : Registering command handlers for SDK TCF services
11:21:33 INFO  : Launching XSCT server: xsct.bat -interactive C:\Users\konto\Documents\embeded\lab2\lab2_interrupt\lab2_interrupt.sdk\temp_xsdb_launch_script.tcl
11:21:42 INFO  : XSCT server has started successfully.
11:22:04 INFO  : Successfully done setting XSCT server connection channel  
11:22:04 INFO  : Processing command line option -hwspec C:/Users/konto/Documents/embeded/lab2/lab2_interrupt/lab2_interrupt.sdk/arm_wrapper.hdf.
11:22:14 INFO  : Successfully done setting SDK workspace  
11:22:15 INFO  : Checking for hwspec changes in the project arm_wrapper_hw_platform_0.
11:26:18 INFO  : Connected to target on host '127.0.0.1' and port '3121'.
11:26:20 INFO  : 'targets -set -filter {jtag_cable_name =~ "Digilent Zed 210248553221" && level==0} -index 1' command is executed.
11:26:23 INFO  : FPGA configured successfully with bitstream "C:/Users/konto/Documents/embeded/lab2/lab2_interrupt/lab2_interrupt.sdk/arm_wrapper_hw_platform_0/arm_wrapper.bit"
11:26:38 INFO  : 'targets -set -filter {jtag_cable_name =~ "Digilent Zed 210248553221" && level==0} -index 1' command is executed.
11:26:38 INFO  : 'fpga -state' command is executed.
11:26:38 INFO  : Connected to target on host '127.0.0.1' and port '3121'.
11:26:38 INFO  : Jtag cable 'Digilent Zed 210248553221' is selected.
11:26:38 INFO  : 'jtag frequency' command is executed.
11:26:38 INFO  : Sourcing of 'C:/Users/konto/Documents/embeded/lab2/lab2_interrupt/lab2_interrupt.sdk/arm_wrapper_hw_platform_0/ps7_init.tcl' is done.
11:26:38 INFO  : Context for 'APU' is selected.
11:26:39 INFO  : Hardware design information is loaded from 'C:/Users/konto/Documents/embeded/lab2/lab2_interrupt/lab2_interrupt.sdk/arm_wrapper_hw_platform_0/system.hdf'.
11:26:39 INFO  : Context for 'APU' is selected.
11:26:39 INFO  : 'stop' command is executed.
11:26:39 INFO  : 'ps7_init' command is executed.
11:26:39 INFO  : 'ps7_post_config' command is executed.
11:26:39 INFO  : Context for processor 'ps7_cortexa9_0' is selected.
11:26:39 INFO  : Processor reset is completed for 'ps7_cortexa9_0'.
11:26:40 INFO  : Context for processor 'ps7_cortexa9_0' is selected.
11:26:40 INFO  : The application 'C:/Users/konto/Documents/embeded/lab2/lab2_interrupt/lab2_interrupt.sdk/CoreMark/Debug/CoreMark.elf' is downloaded to processor 'ps7_cortexa9_0'.
11:26:40 INFO  : ----------------XSDB Script----------------
connect -url tcp:127.0.0.1:3121
source C:/Users/konto/Documents/embeded/lab2/lab2_interrupt/lab2_interrupt.sdk/arm_wrapper_hw_platform_0/ps7_init.tcl
targets -set -nocase -filter {name =~"APU*" && jtag_cable_name =~ "Digilent Zed 210248553221"} -index 0
loadhw C:/Users/konto/Documents/embeded/lab2/lab2_interrupt/lab2_interrupt.sdk/arm_wrapper_hw_platform_0/system.hdf
targets -set -nocase -filter {name =~"APU*" && jtag_cable_name =~ "Digilent Zed 210248553221"} -index 0
stop
ps7_init
ps7_post_config
targets -set -nocase -filter {name =~ "ARM*#0" && jtag_cable_name =~ "Digilent Zed 210248553221"} -index 0
rst -processor
targets -set -nocase -filter {name =~ "ARM*#0" && jtag_cable_name =~ "Digilent Zed 210248553221"} -index 0
dow C:/Users/konto/Documents/embeded/lab2/lab2_interrupt/lab2_interrupt.sdk/CoreMark/Debug/CoreMark.elf
----------------End of Script----------------

11:26:41 INFO  : Memory regions updated for context APU
11:26:41 INFO  : Context for processor 'ps7_cortexa9_0' is selected.
11:26:41 INFO  : 'con' command is executed.
11:26:41 INFO  : ----------------XSDB Script (After Launch)----------------
targets -set -nocase -filter {name =~ "ARM*#0" && jtag_cable_name =~ "Digilent Zed 210248553221"} -index 0
con
----------------End of Script----------------

11:26:41 INFO  : Launch script is exported to file 'C:\Users\konto\Documents\embeded\lab2\lab2_interrupt\lab2_interrupt.sdk\.sdk\launch_scripts\xilinx_c-c++_application_(system_debugger)\system_debugger_using_debug_coremark.elf_on_local.tcl'
11:36:44 INFO  : Disconnected from the channel tcfchan#1.
11:36:46 INFO  : 'targets -set -filter {jtag_cable_name =~ "Digilent Zed 210248553221" && level==0} -index 1' command is executed.
11:36:46 INFO  : 'fpga -state' command is executed.
11:36:46 INFO  : Connected to target on host '127.0.0.1' and port '3121'.
11:36:46 INFO  : Jtag cable 'Digilent Zed 210248553221' is selected.
11:36:46 INFO  : 'jtag frequency' command is executed.
11:36:46 INFO  : Sourcing of 'C:/Users/konto/Documents/embeded/lab2/lab2_interrupt/lab2_interrupt.sdk/arm_wrapper_hw_platform_0/ps7_init.tcl' is done.
11:36:46 INFO  : Context for 'APU' is selected.
11:36:49 INFO  : Hardware design information is loaded from 'C:/Users/konto/Documents/embeded/lab2/lab2_interrupt/lab2_interrupt.sdk/arm_wrapper_hw_platform_0/system.hdf'.
11:36:49 INFO  : Context for 'APU' is selected.
11:36:49 INFO  : 'stop' command is executed.
11:36:51 INFO  : 'ps7_init' command is executed.
11:36:51 INFO  : 'ps7_post_config' command is executed.
11:36:52 INFO  : Context for processor 'ps7_cortexa9_0' is selected.
11:36:52 INFO  : Processor reset is completed for 'ps7_cortexa9_0'.
11:36:52 INFO  : Context for processor 'ps7_cortexa9_0' is selected.
11:36:52 INFO  : The application 'C:/Users/konto/Documents/embeded/lab2/lab2_interrupt/lab2_interrupt.sdk/CoreMark/Debug/CoreMark.elf' is downloaded to processor 'ps7_cortexa9_0'.
11:36:52 INFO  : ----------------XSDB Script----------------
connect -url tcp:127.0.0.1:3121
source C:/Users/konto/Documents/embeded/lab2/lab2_interrupt/lab2_interrupt.sdk/arm_wrapper_hw_platform_0/ps7_init.tcl
targets -set -nocase -filter {name =~"APU*" && jtag_cable_name =~ "Digilent Zed 210248553221"} -index 0
loadhw C:/Users/konto/Documents/embeded/lab2/lab2_interrupt/lab2_interrupt.sdk/arm_wrapper_hw_platform_0/system.hdf
targets -set -nocase -filter {name =~"APU*" && jtag_cable_name =~ "Digilent Zed 210248553221"} -index 0
stop
ps7_init
ps7_post_config
targets -set -nocase -filter {name =~ "ARM*#0" && jtag_cable_name =~ "Digilent Zed 210248553221"} -index 0
rst -processor
targets -set -nocase -filter {name =~ "ARM*#0" && jtag_cable_name =~ "Digilent Zed 210248553221"} -index 0
dow C:/Users/konto/Documents/embeded/lab2/lab2_interrupt/lab2_interrupt.sdk/CoreMark/Debug/CoreMark.elf
----------------End of Script----------------

11:36:53 INFO  : Memory regions updated for context APU
11:36:53 INFO  : Context for processor 'ps7_cortexa9_0' is selected.
11:36:53 INFO  : 'con' command is executed.
11:36:53 INFO  : ----------------XSDB Script (After Launch)----------------
targets -set -nocase -filter {name =~ "ARM*#0" && jtag_cable_name =~ "Digilent Zed 210248553221"} -index 0
con
----------------End of Script----------------

11:36:53 INFO  : Launch script is exported to file 'C:\Users\konto\Documents\embeded\lab2\lab2_interrupt\lab2_interrupt.sdk\.sdk\launch_scripts\xilinx_c-c++_application_(system_debugger)\system_debugger_using_debug_coremark.elf_on_local.tcl'
11:39:22 INFO  : Disconnected from the channel tcfchan#2.
11:40:09 INFO  : Connected to target on host '127.0.0.1' and port '3121'.
11:40:09 INFO  : 'targets -set -filter {jtag_cable_name =~ "Digilent Zed 210248553221" && level==0} -index 1' command is executed.
11:40:12 INFO  : FPGA configured successfully with bitstream "C:/Users/konto/Documents/embeded/lab2/lab2_interrupt/lab2_interrupt.sdk/arm_wrapper_hw_platform_0/arm_wrapper.bit"
11:40:26 INFO  : 'targets -set -filter {jtag_cable_name =~ "Digilent Zed 210248553221" && level==0} -index 1' command is executed.
11:40:26 INFO  : 'fpga -state' command is executed.
11:40:26 INFO  : Connected to target on host '127.0.0.1' and port '3121'.
11:40:27 INFO  : Jtag cable 'Digilent Zed 210248553221' is selected.
11:40:27 INFO  : 'jtag frequency' command is executed.
11:40:27 INFO  : Sourcing of 'C:/Users/konto/Documents/embeded/lab2/lab2_interrupt/lab2_interrupt.sdk/arm_wrapper_hw_platform_0/ps7_init.tcl' is done.
11:40:27 INFO  : Context for 'APU' is selected.
11:40:29 INFO  : Hardware design information is loaded from 'C:/Users/konto/Documents/embeded/lab2/lab2_interrupt/lab2_interrupt.sdk/arm_wrapper_hw_platform_0/system.hdf'.
11:40:29 INFO  : Context for 'APU' is selected.
11:40:30 INFO  : 'stop' command is executed.
11:40:48 INFO  : 'ps7_init' command is executed.
11:40:48 INFO  : 'ps7_post_config' command is executed.
11:40:48 INFO  : Context for processor 'ps7_cortexa9_0' is selected.
11:40:48 INFO  : Processor reset is completed for 'ps7_cortexa9_0'.
11:40:49 INFO  : Context for processor 'ps7_cortexa9_0' is selected.
11:40:49 INFO  : The application 'C:/Users/konto/Documents/embeded/lab2/lab2_interrupt/lab2_interrupt.sdk/CoreMark/Debug/CoreMark.elf' is downloaded to processor 'ps7_cortexa9_0'.
11:40:49 INFO  : ----------------XSDB Script----------------
connect -url tcp:127.0.0.1:3121
source C:/Users/konto/Documents/embeded/lab2/lab2_interrupt/lab2_interrupt.sdk/arm_wrapper_hw_platform_0/ps7_init.tcl
targets -set -nocase -filter {name =~"APU*" && jtag_cable_name =~ "Digilent Zed 210248553221"} -index 0
loadhw C:/Users/konto/Documents/embeded/lab2/lab2_interrupt/lab2_interrupt.sdk/arm_wrapper_hw_platform_0/system.hdf
targets -set -nocase -filter {name =~"APU*" && jtag_cable_name =~ "Digilent Zed 210248553221"} -index 0
stop
ps7_init
ps7_post_config
targets -set -nocase -filter {name =~ "ARM*#0" && jtag_cable_name =~ "Digilent Zed 210248553221"} -index 0
rst -processor
targets -set -nocase -filter {name =~ "ARM*#0" && jtag_cable_name =~ "Digilent Zed 210248553221"} -index 0
dow C:/Users/konto/Documents/embeded/lab2/lab2_interrupt/lab2_interrupt.sdk/CoreMark/Debug/CoreMark.elf
----------------End of Script----------------

11:40:49 INFO  : Memory regions updated for context APU
11:40:49 INFO  : Context for processor 'ps7_cortexa9_0' is selected.
11:40:49 INFO  : 'con' command is executed.
11:40:49 INFO  : ----------------XSDB Script (After Launch)----------------
targets -set -nocase -filter {name =~ "ARM*#0" && jtag_cable_name =~ "Digilent Zed 210248553221"} -index 0
con
----------------End of Script----------------

11:40:49 INFO  : Launch script is exported to file 'C:\Users\konto\Documents\embeded\lab2\lab2_interrupt\lab2_interrupt.sdk\.sdk\launch_scripts\xilinx_c-c++_application_(system_debugger)\system_debugger_using_debug_coremark.elf_on_local.tcl'
11:45:34 INFO  : Disconnected from the channel tcfchan#3.
11:45:42 INFO  : 'targets -set -filter {jtag_cable_name =~ "Digilent Zed 210248553221" && level==0} -index 1' command is executed.
11:45:43 INFO  : 'fpga -state' command is executed.
11:45:43 INFO  : Connected to target on host '127.0.0.1' and port '3121'.
11:45:45 INFO  : Jtag cable 'Digilent Zed 210248553221' is selected.
11:45:45 INFO  : 'jtag frequency' command is executed.
11:45:45 INFO  : Sourcing of 'C:/Users/konto/Documents/embeded/lab2/lab2_interrupt/lab2_interrupt.sdk/arm_wrapper_hw_platform_0/ps7_init.tcl' is done.
11:45:45 INFO  : Context for 'APU' is selected.
11:45:48 INFO  : Hardware design information is loaded from 'C:/Users/konto/Documents/embeded/lab2/lab2_interrupt/lab2_interrupt.sdk/arm_wrapper_hw_platform_0/system.hdf'.
11:45:48 INFO  : Context for 'APU' is selected.
11:45:49 INFO  : 'stop' command is executed.
11:46:05 INFO  : 'ps7_init' command is executed.
11:46:05 INFO  : 'ps7_post_config' command is executed.
11:46:06 INFO  : Context for processor 'ps7_cortexa9_0' is selected.
11:46:06 INFO  : Processor reset is completed for 'ps7_cortexa9_0'.
11:46:06 INFO  : Context for processor 'ps7_cortexa9_0' is selected.
11:46:06 INFO  : The application 'C:/Users/konto/Documents/embeded/lab2/lab2_interrupt/lab2_interrupt.sdk/CoreMark/Debug/CoreMark.elf' is downloaded to processor 'ps7_cortexa9_0'.
11:46:06 INFO  : ----------------XSDB Script----------------
connect -url tcp:127.0.0.1:3121
source C:/Users/konto/Documents/embeded/lab2/lab2_interrupt/lab2_interrupt.sdk/arm_wrapper_hw_platform_0/ps7_init.tcl
targets -set -nocase -filter {name =~"APU*" && jtag_cable_name =~ "Digilent Zed 210248553221"} -index 0
loadhw C:/Users/konto/Documents/embeded/lab2/lab2_interrupt/lab2_interrupt.sdk/arm_wrapper_hw_platform_0/system.hdf
targets -set -nocase -filter {name =~"APU*" && jtag_cable_name =~ "Digilent Zed 210248553221"} -index 0
stop
ps7_init
ps7_post_config
targets -set -nocase -filter {name =~ "ARM*#0" && jtag_cable_name =~ "Digilent Zed 210248553221"} -index 0
rst -processor
targets -set -nocase -filter {name =~ "ARM*#0" && jtag_cable_name =~ "Digilent Zed 210248553221"} -index 0
dow C:/Users/konto/Documents/embeded/lab2/lab2_interrupt/lab2_interrupt.sdk/CoreMark/Debug/CoreMark.elf
----------------End of Script----------------

11:46:07 INFO  : Memory regions updated for context APU
11:46:07 INFO  : Context for processor 'ps7_cortexa9_0' is selected.
11:46:10 INFO  : 'con' command is executed.
11:46:10 INFO  : ----------------XSDB Script (After Launch)----------------
targets -set -nocase -filter {name =~ "ARM*#0" && jtag_cable_name =~ "Digilent Zed 210248553221"} -index 0
con
----------------End of Script----------------

11:46:10 INFO  : Launch script is exported to file 'C:\Users\konto\Documents\embeded\lab2\lab2_interrupt\lab2_interrupt.sdk\.sdk\launch_scripts\xilinx_c-c++_application_(system_debugger)\system_debugger_using_debug_coremark.elf_on_local.tcl'
11:56:55 INFO  : Disconnected from the channel tcfchan#4.
11:57:03 INFO  : 'targets -set -filter {jtag_cable_name =~ "Digilent Zed 210248553221" && level==0} -index 1' command is executed.
11:57:07 INFO  : 'fpga -state' command is executed.
11:57:07 INFO  : Connected to target on host '127.0.0.1' and port '3121'.
11:57:08 INFO  : Jtag cable 'Digilent Zed 210248553221' is selected.
11:57:08 INFO  : 'jtag frequency' command is executed.
11:57:08 INFO  : Sourcing of 'C:/Users/konto/Documents/embeded/lab2/lab2_interrupt/lab2_interrupt.sdk/arm_wrapper_hw_platform_0/ps7_init.tcl' is done.
11:57:08 INFO  : Context for 'APU' is selected.
11:57:11 INFO  : Hardware design information is loaded from 'C:/Users/konto/Documents/embeded/lab2/lab2_interrupt/lab2_interrupt.sdk/arm_wrapper_hw_platform_0/system.hdf'.
11:57:11 INFO  : Context for 'APU' is selected.
11:57:11 INFO  : 'stop' command is executed.
11:57:35 INFO  : 'ps7_init' command is executed.
11:57:35 INFO  : 'ps7_post_config' command is executed.
11:57:35 INFO  : Context for processor 'ps7_cortexa9_0' is selected.
11:57:38 INFO  : Processor reset is completed for 'ps7_cortexa9_0'.
11:57:38 INFO  : Context for processor 'ps7_cortexa9_0' is selected.
11:57:44 INFO  : The application 'C:/Users/konto/Documents/embeded/lab2/lab2_interrupt/lab2_interrupt.sdk/CoreMark/Debug/CoreMark.elf' is downloaded to processor 'ps7_cortexa9_0'.
11:57:44 INFO  : ----------------XSDB Script----------------
connect -url tcp:127.0.0.1:3121
source C:/Users/konto/Documents/embeded/lab2/lab2_interrupt/lab2_interrupt.sdk/arm_wrapper_hw_platform_0/ps7_init.tcl
targets -set -nocase -filter {name =~"APU*" && jtag_cable_name =~ "Digilent Zed 210248553221"} -index 0
loadhw C:/Users/konto/Documents/embeded/lab2/lab2_interrupt/lab2_interrupt.sdk/arm_wrapper_hw_platform_0/system.hdf
targets -set -nocase -filter {name =~"APU*" && jtag_cable_name =~ "Digilent Zed 210248553221"} -index 0
stop
ps7_init
ps7_post_config
targets -set -nocase -filter {name =~ "ARM*#0" && jtag_cable_name =~ "Digilent Zed 210248553221"} -index 0
rst -processor
targets -set -nocase -filter {name =~ "ARM*#0" && jtag_cable_name =~ "Digilent Zed 210248553221"} -index 0
dow C:/Users/konto/Documents/embeded/lab2/lab2_interrupt/lab2_interrupt.sdk/CoreMark/Debug/CoreMark.elf
----------------End of Script----------------

11:57:44 INFO  : Memory regions updated for context APU
11:57:45 INFO  : Context for processor 'ps7_cortexa9_0' is selected.
11:57:45 INFO  : 'con' command is executed.
11:57:45 INFO  : ----------------XSDB Script (After Launch)----------------
targets -set -nocase -filter {name =~ "ARM*#0" && jtag_cable_name =~ "Digilent Zed 210248553221"} -index 0
con
----------------End of Script----------------

11:57:45 INFO  : Launch script is exported to file 'C:\Users\konto\Documents\embeded\lab2\lab2_interrupt\lab2_interrupt.sdk\.sdk\launch_scripts\xilinx_c-c++_application_(system_debugger)\system_debugger_using_debug_coremark.elf_on_local.tcl'
12:55:30 INFO  : Disconnected from the channel tcfchan#5.
15:46:37 INFO  : Registering command handlers for SDK TCF services
15:46:40 INFO  : Launching XSCT server: xsct.bat -interactive C:\Users\konto\Documents\embeded\lab2\lab2_interrupt\lab2_interrupt.sdk\temp_xsdb_launch_script.tcl
15:46:51 INFO  : XSCT server has started successfully.
15:47:21 INFO  : Successfully done setting XSCT server connection channel  
15:47:21 INFO  : Successfully done setting SDK workspace  
15:47:21 INFO  : Processing command line option -hwspec C:/Users/konto/Documents/embeded/lab2/lab2_interrupt/lab2_interrupt.sdk/arm_wrapper.hdf.
15:47:21 INFO  : Checking for hwspec changes in the project arm_wrapper_hw_platform_0.
17:17:14 INFO  : Connected to target on host '127.0.0.1' and port '3121'.
17:17:17 INFO  : 'targets -set -filter {jtag_cable_name =~ "Digilent Zed 210248650715" && level==0} -index 1' command is executed.
17:17:20 INFO  : FPGA configured successfully with bitstream "C:/Users/konto/Documents/embeded/lab2/lab2_interrupt/lab2_interrupt.sdk/arm_wrapper_hw_platform_0/arm_wrapper.bit"
17:17:39 INFO  : 'targets -set -filter {jtag_cable_name =~ "Digilent Zed 210248650715" && level==0} -index 1' command is executed.
17:17:39 INFO  : 'fpga -state' command is executed.
17:17:39 INFO  : Connected to target on host '127.0.0.1' and port '3121'.
17:17:39 INFO  : Jtag cable 'Digilent Zed 210248650715' is selected.
17:17:39 INFO  : 'jtag frequency' command is executed.
17:17:39 INFO  : Sourcing of 'C:/Users/konto/Documents/embeded/lab2/lab2_interrupt/lab2_interrupt.sdk/arm_wrapper_hw_platform_0/ps7_init.tcl' is done.
17:17:40 INFO  : Context for 'APU' is selected.
17:17:40 INFO  : Hardware design information is loaded from 'C:/Users/konto/Documents/embeded/lab2/lab2_interrupt/lab2_interrupt.sdk/arm_wrapper_hw_platform_0/system.hdf'.
17:17:40 INFO  : Context for 'APU' is selected.
17:17:40 INFO  : 'stop' command is executed.
17:17:46 INFO  : 'ps7_init' command is executed.
17:17:46 INFO  : 'ps7_post_config' command is executed.
17:17:46 INFO  : Context for processor 'ps7_cortexa9_0' is selected.
17:17:47 INFO  : Processor reset is completed for 'ps7_cortexa9_0'.
17:17:47 INFO  : Context for processor 'ps7_cortexa9_0' is selected.
17:17:49 INFO  : The application 'C:/Users/konto/Documents/embeded/lab2/lab2_interrupt/lab2_interrupt.sdk/CoreMark/Debug/CoreMark.elf' is downloaded to processor 'ps7_cortexa9_0'.
17:17:49 INFO  : ----------------XSDB Script----------------
connect -url tcp:127.0.0.1:3121
source C:/Users/konto/Documents/embeded/lab2/lab2_interrupt/lab2_interrupt.sdk/arm_wrapper_hw_platform_0/ps7_init.tcl
targets -set -nocase -filter {name =~"APU*" && jtag_cable_name =~ "Digilent Zed 210248650715"} -index 0
loadhw C:/Users/konto/Documents/embeded/lab2/lab2_interrupt/lab2_interrupt.sdk/arm_wrapper_hw_platform_0/system.hdf
targets -set -nocase -filter {name =~"APU*" && jtag_cable_name =~ "Digilent Zed 210248650715"} -index 0
stop
ps7_init
ps7_post_config
targets -set -nocase -filter {name =~ "ARM*#0" && jtag_cable_name =~ "Digilent Zed 210248650715"} -index 0
rst -processor
targets -set -nocase -filter {name =~ "ARM*#0" && jtag_cable_name =~ "Digilent Zed 210248650715"} -index 0
dow C:/Users/konto/Documents/embeded/lab2/lab2_interrupt/lab2_interrupt.sdk/CoreMark/Debug/CoreMark.elf
----------------End of Script----------------

17:17:49 INFO  : Memory regions updated for context APU
17:17:50 INFO  : Context for processor 'ps7_cortexa9_0' is selected.
17:17:50 INFO  : 'con' command is executed.
17:17:50 INFO  : ----------------XSDB Script (After Launch)----------------
targets -set -nocase -filter {name =~ "ARM*#0" && jtag_cable_name =~ "Digilent Zed 210248650715"} -index 0
con
----------------End of Script----------------

17:17:50 INFO  : Launch script is exported to file 'C:\Users\konto\Documents\embeded\lab2\lab2_interrupt\lab2_interrupt.sdk\.sdk\launch_scripts\xilinx_c-c++_application_(system_debugger)\system_debugger_using_debug_coremark.elf_on_local.tcl'
17:29:16 INFO  : Disconnected from the channel tcfchan#1.
17:29:18 INFO  : 'targets -set -filter {jtag_cable_name =~ "Digilent Zed 210248650715" && level==0} -index 1' command is executed.
17:29:19 INFO  : 'fpga -state' command is executed.
17:29:19 INFO  : Connected to target on host '127.0.0.1' and port '3121'.
17:29:20 INFO  : Jtag cable 'Digilent Zed 210248650715' is selected.
17:29:20 INFO  : 'jtag frequency' command is executed.
17:29:20 INFO  : Sourcing of 'C:/Users/konto/Documents/embeded/lab2/lab2_interrupt/lab2_interrupt.sdk/arm_wrapper_hw_platform_0/ps7_init.tcl' is done.
17:29:20 INFO  : Context for 'APU' is selected.
17:29:26 INFO  : Hardware design information is loaded from 'C:/Users/konto/Documents/embeded/lab2/lab2_interrupt/lab2_interrupt.sdk/arm_wrapper_hw_platform_0/system.hdf'.
17:29:26 INFO  : Context for 'APU' is selected.
17:29:27 INFO  : 'stop' command is executed.
17:29:30 INFO  : 'ps7_init' command is executed.
17:29:30 INFO  : 'ps7_post_config' command is executed.
17:29:30 INFO  : Context for processor 'ps7_cortexa9_0' is selected.
17:29:30 INFO  : Processor reset is completed for 'ps7_cortexa9_0'.
17:29:30 INFO  : Context for processor 'ps7_cortexa9_0' is selected.
17:29:32 INFO  : The application 'C:/Users/konto/Documents/embeded/lab2/lab2_interrupt/lab2_interrupt.sdk/CoreMark/Debug/CoreMark.elf' is downloaded to processor 'ps7_cortexa9_0'.
17:29:32 INFO  : ----------------XSDB Script----------------
connect -url tcp:127.0.0.1:3121
source C:/Users/konto/Documents/embeded/lab2/lab2_interrupt/lab2_interrupt.sdk/arm_wrapper_hw_platform_0/ps7_init.tcl
targets -set -nocase -filter {name =~"APU*" && jtag_cable_name =~ "Digilent Zed 210248650715"} -index 0
loadhw C:/Users/konto/Documents/embeded/lab2/lab2_interrupt/lab2_interrupt.sdk/arm_wrapper_hw_platform_0/system.hdf
targets -set -nocase -filter {name =~"APU*" && jtag_cable_name =~ "Digilent Zed 210248650715"} -index 0
stop
ps7_init
ps7_post_config
targets -set -nocase -filter {name =~ "ARM*#0" && jtag_cable_name =~ "Digilent Zed 210248650715"} -index 0
rst -processor
targets -set -nocase -filter {name =~ "ARM*#0" && jtag_cable_name =~ "Digilent Zed 210248650715"} -index 0
dow C:/Users/konto/Documents/embeded/lab2/lab2_interrupt/lab2_interrupt.sdk/CoreMark/Debug/CoreMark.elf
----------------End of Script----------------

17:29:32 INFO  : Memory regions updated for context APU
17:29:32 INFO  : Context for processor 'ps7_cortexa9_0' is selected.
17:29:32 INFO  : 'con' command is executed.
17:29:32 INFO  : ----------------XSDB Script (After Launch)----------------
targets -set -nocase -filter {name =~ "ARM*#0" && jtag_cable_name =~ "Digilent Zed 210248650715"} -index 0
con
----------------End of Script----------------

17:29:32 INFO  : Launch script is exported to file 'C:\Users\konto\Documents\embeded\lab2\lab2_interrupt\lab2_interrupt.sdk\.sdk\launch_scripts\xilinx_c-c++_application_(system_debugger)\system_debugger_using_debug_coremark.elf_on_local.tcl'
17:32:31 INFO  : Disconnected from the channel tcfchan#2.
17:32:33 INFO  : 'targets -set -filter {jtag_cable_name =~ "Digilent Zed 210248650715" && level==0} -index 1' command is executed.
17:32:33 INFO  : 'fpga -state' command is executed.
17:32:33 INFO  : Connected to target on host '127.0.0.1' and port '3121'.
17:32:34 INFO  : Jtag cable 'Digilent Zed 210248650715' is selected.
17:32:34 INFO  : 'jtag frequency' command is executed.
17:32:34 INFO  : Sourcing of 'C:/Users/konto/Documents/embeded/lab2/lab2_interrupt/lab2_interrupt.sdk/arm_wrapper_hw_platform_0/ps7_init.tcl' is done.
17:32:34 INFO  : Context for 'APU' is selected.
17:32:37 INFO  : Hardware design information is loaded from 'C:/Users/konto/Documents/embeded/lab2/lab2_interrupt/lab2_interrupt.sdk/arm_wrapper_hw_platform_0/system.hdf'.
17:32:37 INFO  : Context for 'APU' is selected.
17:32:38 INFO  : 'stop' command is executed.
17:32:45 INFO  : 'ps7_init' command is executed.
17:32:45 INFO  : 'ps7_post_config' command is executed.
17:32:45 INFO  : Context for processor 'ps7_cortexa9_0' is selected.
17:32:46 INFO  : Processor reset is completed for 'ps7_cortexa9_0'.
17:32:46 INFO  : Context for processor 'ps7_cortexa9_0' is selected.
17:32:47 INFO  : The application 'C:/Users/konto/Documents/embeded/lab2/lab2_interrupt/lab2_interrupt.sdk/CoreMark/Debug/CoreMark.elf' is downloaded to processor 'ps7_cortexa9_0'.
17:32:47 INFO  : ----------------XSDB Script----------------
connect -url tcp:127.0.0.1:3121
source C:/Users/konto/Documents/embeded/lab2/lab2_interrupt/lab2_interrupt.sdk/arm_wrapper_hw_platform_0/ps7_init.tcl
targets -set -nocase -filter {name =~"APU*" && jtag_cable_name =~ "Digilent Zed 210248650715"} -index 0
loadhw C:/Users/konto/Documents/embeded/lab2/lab2_interrupt/lab2_interrupt.sdk/arm_wrapper_hw_platform_0/system.hdf
targets -set -nocase -filter {name =~"APU*" && jtag_cable_name =~ "Digilent Zed 210248650715"} -index 0
stop
ps7_init
ps7_post_config
targets -set -nocase -filter {name =~ "ARM*#0" && jtag_cable_name =~ "Digilent Zed 210248650715"} -index 0
rst -processor
targets -set -nocase -filter {name =~ "ARM*#0" && jtag_cable_name =~ "Digilent Zed 210248650715"} -index 0
dow C:/Users/konto/Documents/embeded/lab2/lab2_interrupt/lab2_interrupt.sdk/CoreMark/Debug/CoreMark.elf
----------------End of Script----------------

17:32:47 INFO  : Memory regions updated for context APU
17:32:47 INFO  : Context for processor 'ps7_cortexa9_0' is selected.
17:32:47 INFO  : 'con' command is executed.
17:32:47 INFO  : ----------------XSDB Script (After Launch)----------------
targets -set -nocase -filter {name =~ "ARM*#0" && jtag_cable_name =~ "Digilent Zed 210248650715"} -index 0
con
----------------End of Script----------------

17:32:47 INFO  : Launch script is exported to file 'C:\Users\konto\Documents\embeded\lab2\lab2_interrupt\lab2_interrupt.sdk\.sdk\launch_scripts\xilinx_c-c++_application_(system_debugger)\system_debugger_using_debug_coremark.elf_on_local.tcl'
17:38:04 INFO  : Disconnected from the channel tcfchan#3.
17:38:06 INFO  : 'targets -set -filter {jtag_cable_name =~ "Digilent Zed 210248650715" && level==0} -index 1' command is executed.
17:38:06 INFO  : 'fpga -state' command is executed.
17:38:06 INFO  : Connected to target on host '127.0.0.1' and port '3121'.
17:38:07 INFO  : Jtag cable 'Digilent Zed 210248650715' is selected.
17:38:07 INFO  : 'jtag frequency' command is executed.
17:38:07 INFO  : Sourcing of 'C:/Users/konto/Documents/embeded/lab2/lab2_interrupt/lab2_interrupt.sdk/arm_wrapper_hw_platform_0/ps7_init.tcl' is done.
17:38:08 INFO  : Context for 'APU' is selected.
17:38:11 INFO  : Hardware design information is loaded from 'C:/Users/konto/Documents/embeded/lab2/lab2_interrupt/lab2_interrupt.sdk/arm_wrapper_hw_platform_0/system.hdf'.
17:38:12 INFO  : Context for 'APU' is selected.
17:38:12 INFO  : 'stop' command is executed.
17:38:22 INFO  : 'ps7_init' command is executed.
17:38:23 INFO  : 'ps7_post_config' command is executed.
17:38:23 INFO  : Context for processor 'ps7_cortexa9_0' is selected.
17:38:24 INFO  : Processor reset is completed for 'ps7_cortexa9_0'.
17:38:24 INFO  : Context for processor 'ps7_cortexa9_0' is selected.
17:38:25 INFO  : The application 'C:/Users/konto/Documents/embeded/lab2/lab2_interrupt/lab2_interrupt.sdk/CoreMark/Debug/CoreMark.elf' is downloaded to processor 'ps7_cortexa9_0'.
17:38:25 INFO  : ----------------XSDB Script----------------
connect -url tcp:127.0.0.1:3121
source C:/Users/konto/Documents/embeded/lab2/lab2_interrupt/lab2_interrupt.sdk/arm_wrapper_hw_platform_0/ps7_init.tcl
targets -set -nocase -filter {name =~"APU*" && jtag_cable_name =~ "Digilent Zed 210248650715"} -index 0
loadhw C:/Users/konto/Documents/embeded/lab2/lab2_interrupt/lab2_interrupt.sdk/arm_wrapper_hw_platform_0/system.hdf
targets -set -nocase -filter {name =~"APU*" && jtag_cable_name =~ "Digilent Zed 210248650715"} -index 0
stop
ps7_init
ps7_post_config
targets -set -nocase -filter {name =~ "ARM*#0" && jtag_cable_name =~ "Digilent Zed 210248650715"} -index 0
rst -processor
targets -set -nocase -filter {name =~ "ARM*#0" && jtag_cable_name =~ "Digilent Zed 210248650715"} -index 0
dow C:/Users/konto/Documents/embeded/lab2/lab2_interrupt/lab2_interrupt.sdk/CoreMark/Debug/CoreMark.elf
----------------End of Script----------------

17:38:25 INFO  : Memory regions updated for context APU
17:38:26 INFO  : Context for processor 'ps7_cortexa9_0' is selected.
17:38:26 INFO  : 'con' command is executed.
17:38:26 INFO  : ----------------XSDB Script (After Launch)----------------
targets -set -nocase -filter {name =~ "ARM*#0" && jtag_cable_name =~ "Digilent Zed 210248650715"} -index 0
con
----------------End of Script----------------

17:38:26 INFO  : Launch script is exported to file 'C:\Users\konto\Documents\embeded\lab2\lab2_interrupt\lab2_interrupt.sdk\.sdk\launch_scripts\xilinx_c-c++_application_(system_debugger)\system_debugger_using_debug_coremark.elf_on_local.tcl'
17:43:01 INFO  : Disconnected from the channel tcfchan#4.
17:43:03 INFO  : 'targets -set -filter {jtag_cable_name =~ "Digilent Zed 210248650715" && level==0} -index 1' command is executed.
17:43:03 INFO  : 'fpga -state' command is executed.
17:43:03 INFO  : Connected to target on host '127.0.0.1' and port '3121'.
17:43:03 INFO  : Jtag cable 'Digilent Zed 210248650715' is selected.
17:43:04 INFO  : 'jtag frequency' command is executed.
17:43:04 INFO  : Sourcing of 'C:/Users/konto/Documents/embeded/lab2/lab2_interrupt/lab2_interrupt.sdk/arm_wrapper_hw_platform_0/ps7_init.tcl' is done.
17:43:04 INFO  : Context for 'APU' is selected.
17:43:07 INFO  : Hardware design information is loaded from 'C:/Users/konto/Documents/embeded/lab2/lab2_interrupt/lab2_interrupt.sdk/arm_wrapper_hw_platform_0/system.hdf'.
17:43:07 INFO  : Context for 'APU' is selected.
17:43:08 INFO  : 'stop' command is executed.
17:43:20 INFO  : 'ps7_init' command is executed.
17:43:20 INFO  : 'ps7_post_config' command is executed.
17:43:20 INFO  : Context for processor 'ps7_cortexa9_0' is selected.
17:43:21 INFO  : Processor reset is completed for 'ps7_cortexa9_0'.
17:43:21 INFO  : Context for processor 'ps7_cortexa9_0' is selected.
17:43:24 INFO  : The application 'C:/Users/konto/Documents/embeded/lab2/lab2_interrupt/lab2_interrupt.sdk/CoreMark/Debug/CoreMark.elf' is downloaded to processor 'ps7_cortexa9_0'.
17:43:24 INFO  : ----------------XSDB Script----------------
connect -url tcp:127.0.0.1:3121
source C:/Users/konto/Documents/embeded/lab2/lab2_interrupt/lab2_interrupt.sdk/arm_wrapper_hw_platform_0/ps7_init.tcl
targets -set -nocase -filter {name =~"APU*" && jtag_cable_name =~ "Digilent Zed 210248650715"} -index 0
loadhw C:/Users/konto/Documents/embeded/lab2/lab2_interrupt/lab2_interrupt.sdk/arm_wrapper_hw_platform_0/system.hdf
targets -set -nocase -filter {name =~"APU*" && jtag_cable_name =~ "Digilent Zed 210248650715"} -index 0
stop
ps7_init
ps7_post_config
targets -set -nocase -filter {name =~ "ARM*#0" && jtag_cable_name =~ "Digilent Zed 210248650715"} -index 0
rst -processor
targets -set -nocase -filter {name =~ "ARM*#0" && jtag_cable_name =~ "Digilent Zed 210248650715"} -index 0
dow C:/Users/konto/Documents/embeded/lab2/lab2_interrupt/lab2_interrupt.sdk/CoreMark/Debug/CoreMark.elf
----------------End of Script----------------

17:43:24 INFO  : Memory regions updated for context APU
17:43:24 INFO  : Context for processor 'ps7_cortexa9_0' is selected.
17:43:24 INFO  : 'con' command is executed.
17:43:24 INFO  : ----------------XSDB Script (After Launch)----------------
targets -set -nocase -filter {name =~ "ARM*#0" && jtag_cable_name =~ "Digilent Zed 210248650715"} -index 0
con
----------------End of Script----------------

17:43:24 INFO  : Launch script is exported to file 'C:\Users\konto\Documents\embeded\lab2\lab2_interrupt\lab2_interrupt.sdk\.sdk\launch_scripts\xilinx_c-c++_application_(system_debugger)\system_debugger_using_debug_coremark.elf_on_local.tcl'
17:48:24 INFO  : Disconnected from the channel tcfchan#5.
17:48:25 INFO  : 'targets -set -filter {jtag_cable_name =~ "Digilent Zed 210248650715" && level==0} -index 1' command is executed.
17:48:25 INFO  : 'fpga -state' command is executed.
17:48:25 INFO  : Connected to target on host '127.0.0.1' and port '3121'.
17:48:26 INFO  : Jtag cable 'Digilent Zed 210248650715' is selected.
17:48:26 INFO  : 'jtag frequency' command is executed.
17:48:26 INFO  : Sourcing of 'C:/Users/konto/Documents/embeded/lab2/lab2_interrupt/lab2_interrupt.sdk/arm_wrapper_hw_platform_0/ps7_init.tcl' is done.
17:48:26 INFO  : Context for 'APU' is selected.
17:48:29 INFO  : Hardware design information is loaded from 'C:/Users/konto/Documents/embeded/lab2/lab2_interrupt/lab2_interrupt.sdk/arm_wrapper_hw_platform_0/system.hdf'.
17:48:29 INFO  : Context for 'APU' is selected.
17:48:29 INFO  : 'stop' command is executed.
17:48:37 INFO  : 'ps7_init' command is executed.
17:48:37 INFO  : 'ps7_post_config' command is executed.
17:48:37 INFO  : Context for processor 'ps7_cortexa9_0' is selected.
17:48:37 INFO  : Processor reset is completed for 'ps7_cortexa9_0'.
17:48:37 INFO  : Context for processor 'ps7_cortexa9_0' is selected.
17:48:38 INFO  : The application 'C:/Users/konto/Documents/embeded/lab2/lab2_interrupt/lab2_interrupt.sdk/CoreMark/Debug/CoreMark.elf' is downloaded to processor 'ps7_cortexa9_0'.
17:48:38 INFO  : ----------------XSDB Script----------------
connect -url tcp:127.0.0.1:3121
source C:/Users/konto/Documents/embeded/lab2/lab2_interrupt/lab2_interrupt.sdk/arm_wrapper_hw_platform_0/ps7_init.tcl
targets -set -nocase -filter {name =~"APU*" && jtag_cable_name =~ "Digilent Zed 210248650715"} -index 0
loadhw C:/Users/konto/Documents/embeded/lab2/lab2_interrupt/lab2_interrupt.sdk/arm_wrapper_hw_platform_0/system.hdf
targets -set -nocase -filter {name =~"APU*" && jtag_cable_name =~ "Digilent Zed 210248650715"} -index 0
stop
ps7_init
ps7_post_config
targets -set -nocase -filter {name =~ "ARM*#0" && jtag_cable_name =~ "Digilent Zed 210248650715"} -index 0
rst -processor
targets -set -nocase -filter {name =~ "ARM*#0" && jtag_cable_name =~ "Digilent Zed 210248650715"} -index 0
dow C:/Users/konto/Documents/embeded/lab2/lab2_interrupt/lab2_interrupt.sdk/CoreMark/Debug/CoreMark.elf
----------------End of Script----------------

17:48:39 INFO  : Memory regions updated for context APU
17:48:39 INFO  : Context for processor 'ps7_cortexa9_0' is selected.
17:48:39 INFO  : 'con' command is executed.
17:48:39 INFO  : ----------------XSDB Script (After Launch)----------------
targets -set -nocase -filter {name =~ "ARM*#0" && jtag_cable_name =~ "Digilent Zed 210248650715"} -index 0
con
----------------End of Script----------------

17:48:39 INFO  : Launch script is exported to file 'C:\Users\konto\Documents\embeded\lab2\lab2_interrupt\lab2_interrupt.sdk\.sdk\launch_scripts\xilinx_c-c++_application_(system_debugger)\system_debugger_using_debug_coremark.elf_on_local.tcl'
17:59:49 INFO  : Disconnected from the channel tcfchan#6.
17:59:51 INFO  : 'targets -set -filter {jtag_cable_name =~ "Digilent Zed 210248650715" && level==0} -index 1' command is executed.
17:59:51 INFO  : 'fpga -state' command is executed.
17:59:51 INFO  : Connected to target on host '127.0.0.1' and port '3121'.
17:59:51 INFO  : Jtag cable 'Digilent Zed 210248650715' is selected.
17:59:51 INFO  : 'jtag frequency' command is executed.
17:59:51 INFO  : Sourcing of 'C:/Users/konto/Documents/embeded/lab2/lab2_interrupt/lab2_interrupt.sdk/arm_wrapper_hw_platform_0/ps7_init.tcl' is done.
17:59:52 INFO  : Context for 'APU' is selected.
17:59:56 INFO  : Hardware design information is loaded from 'C:/Users/konto/Documents/embeded/lab2/lab2_interrupt/lab2_interrupt.sdk/arm_wrapper_hw_platform_0/system.hdf'.
17:59:56 INFO  : Context for 'APU' is selected.
17:59:57 INFO  : 'stop' command is executed.
18:00:13 INFO  : 'ps7_init' command is executed.
18:00:14 INFO  : 'ps7_post_config' command is executed.
18:00:14 INFO  : Context for processor 'ps7_cortexa9_0' is selected.
18:00:14 INFO  : Processor reset is completed for 'ps7_cortexa9_0'.
18:00:14 INFO  : Context for processor 'ps7_cortexa9_0' is selected.
18:00:18 INFO  : The application 'C:/Users/konto/Documents/embeded/lab2/lab2_interrupt/lab2_interrupt.sdk/CoreMark/Debug/CoreMark.elf' is downloaded to processor 'ps7_cortexa9_0'.
18:00:18 INFO  : ----------------XSDB Script----------------
connect -url tcp:127.0.0.1:3121
source C:/Users/konto/Documents/embeded/lab2/lab2_interrupt/lab2_interrupt.sdk/arm_wrapper_hw_platform_0/ps7_init.tcl
targets -set -nocase -filter {name =~"APU*" && jtag_cable_name =~ "Digilent Zed 210248650715"} -index 0
loadhw C:/Users/konto/Documents/embeded/lab2/lab2_interrupt/lab2_interrupt.sdk/arm_wrapper_hw_platform_0/system.hdf
targets -set -nocase -filter {name =~"APU*" && jtag_cable_name =~ "Digilent Zed 210248650715"} -index 0
stop
ps7_init
ps7_post_config
targets -set -nocase -filter {name =~ "ARM*#0" && jtag_cable_name =~ "Digilent Zed 210248650715"} -index 0
rst -processor
targets -set -nocase -filter {name =~ "ARM*#0" && jtag_cable_name =~ "Digilent Zed 210248650715"} -index 0
dow C:/Users/konto/Documents/embeded/lab2/lab2_interrupt/lab2_interrupt.sdk/CoreMark/Debug/CoreMark.elf
----------------End of Script----------------

18:00:18 INFO  : Memory regions updated for context APU
18:00:18 INFO  : Context for processor 'ps7_cortexa9_0' is selected.
18:00:18 INFO  : 'con' command is executed.
18:00:18 INFO  : ----------------XSDB Script (After Launch)----------------
targets -set -nocase -filter {name =~ "ARM*#0" && jtag_cable_name =~ "Digilent Zed 210248650715"} -index 0
con
----------------End of Script----------------

18:00:18 INFO  : Launch script is exported to file 'C:\Users\konto\Documents\embeded\lab2\lab2_interrupt\lab2_interrupt.sdk\.sdk\launch_scripts\xilinx_c-c++_application_(system_debugger)\system_debugger_using_debug_coremark.elf_on_local.tcl'
19:00:10 INFO  : Disconnected from the channel tcfchan#7.
19:00:13 INFO  : 'targets -set -filter {jtag_cable_name =~ "Digilent Zed 210248650715" && level==0} -index 1' command is executed.
19:00:14 INFO  : 'fpga -state' command is executed.
19:00:14 INFO  : Connected to target on host '127.0.0.1' and port '3121'.
19:00:14 INFO  : Jtag cable 'Digilent Zed 210248650715' is selected.
19:00:14 INFO  : 'jtag frequency' command is executed.
19:00:14 INFO  : Sourcing of 'C:/Users/konto/Documents/embeded/lab2/lab2_interrupt/lab2_interrupt.sdk/arm_wrapper_hw_platform_0/ps7_init.tcl' is done.
19:00:15 INFO  : Context for 'APU' is selected.
19:00:19 INFO  : Hardware design information is loaded from 'C:/Users/konto/Documents/embeded/lab2/lab2_interrupt/lab2_interrupt.sdk/arm_wrapper_hw_platform_0/system.hdf'.
19:00:19 INFO  : Context for 'APU' is selected.
19:00:19 INFO  : 'stop' command is executed.
19:00:30 INFO  : 'ps7_init' command is executed.
19:00:30 INFO  : 'ps7_post_config' command is executed.
19:00:30 INFO  : Context for processor 'ps7_cortexa9_0' is selected.
19:00:31 INFO  : Processor reset is completed for 'ps7_cortexa9_0'.
19:00:31 INFO  : Context for processor 'ps7_cortexa9_0' is selected.
19:00:36 INFO  : The application 'C:/Users/konto/Documents/embeded/lab2/lab2_interrupt/lab2_interrupt.sdk/CoreMark/Debug/CoreMark.elf' is downloaded to processor 'ps7_cortexa9_0'.
19:00:36 INFO  : ----------------XSDB Script----------------
connect -url tcp:127.0.0.1:3121
source C:/Users/konto/Documents/embeded/lab2/lab2_interrupt/lab2_interrupt.sdk/arm_wrapper_hw_platform_0/ps7_init.tcl
targets -set -nocase -filter {name =~"APU*" && jtag_cable_name =~ "Digilent Zed 210248650715"} -index 0
loadhw C:/Users/konto/Documents/embeded/lab2/lab2_interrupt/lab2_interrupt.sdk/arm_wrapper_hw_platform_0/system.hdf
targets -set -nocase -filter {name =~"APU*" && jtag_cable_name =~ "Digilent Zed 210248650715"} -index 0
stop
ps7_init
ps7_post_config
targets -set -nocase -filter {name =~ "ARM*#0" && jtag_cable_name =~ "Digilent Zed 210248650715"} -index 0
rst -processor
targets -set -nocase -filter {name =~ "ARM*#0" && jtag_cable_name =~ "Digilent Zed 210248650715"} -index 0
dow C:/Users/konto/Documents/embeded/lab2/lab2_interrupt/lab2_interrupt.sdk/CoreMark/Debug/CoreMark.elf
----------------End of Script----------------

19:00:36 INFO  : Memory regions updated for context APU
19:00:36 INFO  : Context for processor 'ps7_cortexa9_0' is selected.
19:00:36 INFO  : 'con' command is executed.
19:00:36 INFO  : ----------------XSDB Script (After Launch)----------------
targets -set -nocase -filter {name =~ "ARM*#0" && jtag_cable_name =~ "Digilent Zed 210248650715"} -index 0
con
----------------End of Script----------------

19:00:36 INFO  : Launch script is exported to file 'C:\Users\konto\Documents\embeded\lab2\lab2_interrupt\lab2_interrupt.sdk\.sdk\launch_scripts\xilinx_c-c++_application_(system_debugger)\system_debugger_using_debug_coremark.elf_on_local.tcl'
19:05:39 INFO  : Disconnected from the channel tcfchan#8.
19:05:42 INFO  : 'targets -set -filter {jtag_cable_name =~ "Digilent Zed 210248650715" && level==0} -index 1' command is executed.
19:05:42 INFO  : 'fpga -state' command is executed.
19:05:42 INFO  : Connected to target on host '127.0.0.1' and port '3121'.
19:05:43 INFO  : Jtag cable 'Digilent Zed 210248650715' is selected.
19:05:43 INFO  : 'jtag frequency' command is executed.
19:05:43 INFO  : Sourcing of 'C:/Users/konto/Documents/embeded/lab2/lab2_interrupt/lab2_interrupt.sdk/arm_wrapper_hw_platform_0/ps7_init.tcl' is done.
19:05:44 INFO  : Context for 'APU' is selected.
19:05:47 INFO  : Hardware design information is loaded from 'C:/Users/konto/Documents/embeded/lab2/lab2_interrupt/lab2_interrupt.sdk/arm_wrapper_hw_platform_0/system.hdf'.
19:05:47 INFO  : Context for 'APU' is selected.
19:05:47 INFO  : 'stop' command is executed.
19:05:54 INFO  : 'ps7_init' command is executed.
19:05:54 INFO  : 'ps7_post_config' command is executed.
19:05:54 INFO  : Context for processor 'ps7_cortexa9_0' is selected.
19:05:55 INFO  : Processor reset is completed for 'ps7_cortexa9_0'.
19:05:55 INFO  : Context for processor 'ps7_cortexa9_0' is selected.
19:05:57 INFO  : The application 'C:/Users/konto/Documents/embeded/lab2/lab2_interrupt/lab2_interrupt.sdk/CoreMark/Debug/CoreMark.elf' is downloaded to processor 'ps7_cortexa9_0'.
19:05:57 INFO  : ----------------XSDB Script----------------
connect -url tcp:127.0.0.1:3121
source C:/Users/konto/Documents/embeded/lab2/lab2_interrupt/lab2_interrupt.sdk/arm_wrapper_hw_platform_0/ps7_init.tcl
targets -set -nocase -filter {name =~"APU*" && jtag_cable_name =~ "Digilent Zed 210248650715"} -index 0
loadhw C:/Users/konto/Documents/embeded/lab2/lab2_interrupt/lab2_interrupt.sdk/arm_wrapper_hw_platform_0/system.hdf
targets -set -nocase -filter {name =~"APU*" && jtag_cable_name =~ "Digilent Zed 210248650715"} -index 0
stop
ps7_init
ps7_post_config
targets -set -nocase -filter {name =~ "ARM*#0" && jtag_cable_name =~ "Digilent Zed 210248650715"} -index 0
rst -processor
targets -set -nocase -filter {name =~ "ARM*#0" && jtag_cable_name =~ "Digilent Zed 210248650715"} -index 0
dow C:/Users/konto/Documents/embeded/lab2/lab2_interrupt/lab2_interrupt.sdk/CoreMark/Debug/CoreMark.elf
----------------End of Script----------------

19:05:58 INFO  : Memory regions updated for context APU
19:05:58 INFO  : Context for processor 'ps7_cortexa9_0' is selected.
19:05:59 INFO  : 'con' command is executed.
19:05:59 INFO  : ----------------XSDB Script (After Launch)----------------
targets -set -nocase -filter {name =~ "ARM*#0" && jtag_cable_name =~ "Digilent Zed 210248650715"} -index 0
con
----------------End of Script----------------

19:05:59 INFO  : Launch script is exported to file 'C:\Users\konto\Documents\embeded\lab2\lab2_interrupt\lab2_interrupt.sdk\.sdk\launch_scripts\xilinx_c-c++_application_(system_debugger)\system_debugger_using_debug_coremark.elf_on_local.tcl'
19:09:26 INFO  : Disconnected from the channel tcfchan#9.
